#
# There is insufficient memory for the Java Runtime Environment to continue.
# Native memory allocation (malloc) failed to allocate 1319536 bytes for Chunk::new
# Possible reasons:
#   The system is out of physical RAM or swap space
#   The process is running with CompressedOops enabled, and the Java Heap may be blocking the growth of the native heap
# Possible solutions:
#   Reduce memory load on the system
#   Increase physical memory or swap space
#   Check if swap backing store is full
#   Decrease Java heap size (-Xmx/-Xms)
#   Decrease number of Java threads
#   Decrease Java thread stack sizes (-Xss)
#   Set larger code cache with -XX:ReservedCodeCacheSize=
#   JVM is running with Unscaled Compressed Oops mode in which the Java heap is
#     placed in the first 4GB address space. The Java Heap base address is the
#     maximum limit for the native heap growth. Please use -XX:HeapBaseMinAddress
#     to set the Java Heap base and to place the Java Heap above 4GB virtual address.
# This output file may be truncated or incomplete.
#
#  Out of Memory Error (./open/src/hotspot/share/memory/arena.cpp:197), pid=15512, tid=15320
#
# JRE version: Java(TM) SE Runtime Environment 18.9 (11.0.13+10) (build 11.0.13+10-LTS-370)
# Java VM: Java HotSpot(TM) 64-Bit Server VM 18.9 (11.0.13+10-LTS-370, mixed mode, tiered, compressed oops, g1 gc, windows-amd64)
# No core dump will be written. Minidumps are not enabled by default on client versions of Windows
#

---------------  S U M M A R Y ------------

Command Line: --add-opens=java.base/java.util=ALL-UNNAMED --add-opens=java.base/java.lang=ALL-UNNAMED --add-opens=java.base/java.lang.invoke=ALL-UNNAMED --add-opens=java.base/java.util=ALL-UNNAMED --add-opens=java.prefs/java.util.prefs=ALL-UNNAMED --add-opens=java.prefs/java.util.prefs=ALL-UNNAMED --add-opens=java.base/java.nio.charset=ALL-UNNAMED --add-opens=java.base/java.net=ALL-UNNAMED --add-opens=java.base/java.util.concurrent.atomic=ALL-UNNAMED -Xmx2048m -Dfile.encoding=UTF-8 -Duser.country=ES -Duser.language=es -Duser.variant org.gradle.launcher.daemon.bootstrap.GradleDaemon 7.5

Host: 11th Gen Intel(R) Core(TM) i7-1165G7 @ 2.80GHz, 8 cores, 15G,  Windows 10 , 64 bit Build 19041 (10.0.19041.2788)
Time: Sun Apr 30 00:43:23 2023 Hora de verano romance elapsed time: 21.581502 seconds (0d 0h 0m 21s)

---------------  T H R E A D  ---------------

Current thread (0x0000014728cc4000):  JavaThread "C2 CompilerThread1" daemon [_thread_in_native, id=15320, stack(0x0000003408000000,0x0000003408100000)]


Current CompileTask:
C2:  21581 12785       4       org.gradle.internal.operations.DefaultBuildOperationRunner::execute (147 bytes)

Stack: [0x0000003408000000,0x0000003408100000]
Native frames: (J=compiled Java code, j=interpreted, Vv=VM code, C=native code)
V  [jvm.dll+0x62870a]
V  [jvm.dll+0x761f2f]
V  [jvm.dll+0x7635d9]
V  [jvm.dll+0x763c63]
V  [jvm.dll+0x23d728]
V  [jvm.dll+0xb293c]
V  [jvm.dll+0xb2efc]
V  [jvm.dll+0x3408b7]
V  [jvm.dll+0x18c9e1]
V  [jvm.dll+0x1f8362]
V  [jvm.dll+0x1f743d]
V  [jvm.dll+0x177991]
V  [jvm.dll+0x206d84]
V  [jvm.dll+0x204ebb]
V  [jvm.dll+0x727e70]
V  [jvm.dll+0x720a54]
V  [jvm.dll+0x627606]
C  [ucrtbase.dll+0x21bb2]
C  [KERNEL32.DLL+0x17604]
C  [ntdll.dll+0x526a1]


---------------  P R O C E S S  ---------------

Threads class SMR info:
_java_thread_list=0x000001472b74c540, length=138, elements={
0x0000014702c5d800, 0x0000014721465800, 0x000001472146f000, 0x0000014721482000,
0x0000014721483800, 0x0000014721484800, 0x0000014721485800, 0x0000014721489000,
0x00000147214df800, 0x0000014721643000, 0x0000014722da3800, 0x000001472364c000,
0x00000147238a5800, 0x00000147223c5000, 0x0000014723809800, 0x000001472356d800,
0x0000014723570800, 0x0000014723573000, 0x0000014723572800, 0x0000014723571800,
0x000001472356f000, 0x00000147254dc000, 0x00000147254d8800, 0x00000147254dc800,
0x00000147254d9800, 0x00000147254e0000, 0x00000147254e1800, 0x0000014724e62800,
0x0000014724e64800, 0x0000014724e65000, 0x00000147292c8800, 0x00000147292c5800,
0x00000147292c8000, 0x0000014724e5e800, 0x0000014724e5a800, 0x0000014724e5c000,
0x0000014724e59800, 0x0000014724e5e000, 0x0000014728cc4000, 0x0000014728cca800,
0x0000014724e5b800, 0x0000014724e60800, 0x0000014724e5d000, 0x0000014724e63800,
0x0000014724e5f800, 0x0000014724e66000, 0x0000014724e61000, 0x0000014724e67000,
0x0000014724e67800, 0x0000014724e62000, 0x0000014724e68800, 0x00000147254da000,
0x00000147254e0800, 0x00000147254db000, 0x00000147254e2800, 0x00000147254e3000,
0x00000147254dd800, 0x00000147254e7800, 0x00000147254e4000, 0x00000147254e6800,
0x00000147254e5000, 0x00000147254e5800, 0x00000147292c3000, 0x00000147292c9800,
0x00000147292c3800, 0x00000147292c6000, 0x000001472356e000, 0x0000014723574000,
0x0000014723570000, 0x000001472758f800, 0x000001472758b000, 0x000001472758d000,
0x0000014727592000, 0x0000014727590000, 0x0000014727591000, 0x000001472758d800,
0x000001472758e800, 0x000001472758c000, 0x0000014727596000, 0x0000014727598800,
0x0000014727596800, 0x0000014727592800, 0x0000014727595000, 0x0000014727599000,
0x0000014727593800, 0x000001472759a000, 0x0000014727594000, 0x0000014727597800,
0x0000014722781000, 0x000001472277f800, 0x0000014722781800, 0x0000014722782800,
0x0000014722783800, 0x000001472277d800, 0x000001472277e800, 0x0000014722784000,
0x0000014722785000, 0x0000014722786000, 0x0000014722780000, 0x0000014722788800,
0x000001472278b800, 0x000001472278a000, 0x000001472278c800, 0x0000014722789000,
0x000001472278a800, 0x0000014722786800, 0x0000014722787800, 0x0000014721f1c800,
0x0000014721f1f800, 0x0000014721f1e000, 0x0000014721f21000, 0x0000014721f1d000,
0x0000014721f23000, 0x0000014721f20800, 0x0000014721f23800, 0x0000014721f22000,
0x0000014721f24800, 0x0000014721f1e800, 0x0000014721f29800, 0x0000014721f2b000,
0x0000014721f2a000, 0x0000014721f28800, 0x0000014721f25800, 0x0000014721f26000,
0x0000014721f27000, 0x0000014721f27800, 0x0000014725486000, 0x0000014725482800,
0x0000014725483800, 0x0000014725487000, 0x0000014725482000, 0x0000014725484800,
0x0000014725485000, 0x0000014725481000, 0x0000014725487800, 0x0000014722b28000,
0x0000014722b2c000, 0x0000014722b29000
}

Java Threads: ( => current thread )
  0x0000014702c5d800 JavaThread "main" [_thread_blocked, id=10652, stack(0x0000003406000000,0x0000003406100000)]
  0x0000014721465800 JavaThread "Reference Handler" daemon [_thread_blocked, id=1372, stack(0x0000003406700000,0x0000003406800000)]
  0x000001472146f000 JavaThread "Finalizer" daemon [_thread_blocked, id=2328, stack(0x0000003406800000,0x0000003406900000)]
  0x0000014721482000 JavaThread "Signal Dispatcher" daemon [_thread_blocked, id=6776, stack(0x0000003406900000,0x0000003406a00000)]
  0x0000014721483800 JavaThread "Attach Listener" daemon [_thread_blocked, id=13820, stack(0x0000003406a00000,0x0000003406b00000)]
  0x0000014721484800 JavaThread "Service Thread" daemon [_thread_blocked, id=8928, stack(0x0000003406b00000,0x0000003406c00000)]
  0x0000014721485800 JavaThread "C2 CompilerThread0" daemon [_thread_in_native, id=13364, stack(0x0000003406c00000,0x0000003406d00000)]
  0x0000014721489000 JavaThread "C1 CompilerThread0" daemon [_thread_blocked, id=11396, stack(0x0000003406d00000,0x0000003406e00000)]
  0x00000147214df800 JavaThread "Sweeper thread" daemon [_thread_blocked, id=15192, stack(0x0000003406e00000,0x0000003406f00000)]
  0x0000014721643000 JavaThread "Common-Cleaner" daemon [_thread_blocked, id=3828, stack(0x0000003406f00000,0x0000003407000000)]
  0x0000014722da3800 JavaThread "Daemon health stats" [_thread_blocked, id=6276, stack(0x0000003407800000,0x0000003407900000)]
  0x000001472364c000 JavaThread "Incoming local TCP Connector on port 60016" [_thread_in_native, id=7564, stack(0x0000003407700000,0x0000003407800000)]
  0x00000147238a5800 JavaThread "Daemon periodic checks" [_thread_blocked, id=1104, stack(0x0000003407900000,0x0000003407a00000)]
  0x00000147223c5000 JavaThread "Daemon" [_thread_blocked, id=12712, stack(0x0000003407a00000,0x0000003407b00000)]
  0x0000014723809800 JavaThread "Daemon worker" [_thread_blocked, id=16240, stack(0x0000003407d00000,0x0000003407e00000)]
  0x000001472356d800 JavaThread "Cache worker for journal cache (C:\Users\Irene\AndroidStudioProjects\Kotlinparaprincipiantes\gradle\caches\journal-1)" [_thread_blocked, id=16108, stack(0x0000003408100000,0x0000003408200000)]
  0x0000014723570800 JavaThread "File lock request listener" [_thread_in_native, id=7280, stack(0x0000003408200000,0x0000003408300000)]
  0x0000014723573000 JavaThread "Cache worker for file hash cache (C:\Users\Irene\AndroidStudioProjects\Kotlinparaprincipiantes\gradle\caches\7.5\fileHashes)" [_thread_blocked, id=14112, stack(0x0000003408300000,0x0000003408400000)]
  0x0000014723572800 JavaThread "File watcher server" daemon [_thread_in_native, id=14024, stack(0x0000003408800000,0x0000003408900000)]
  0x0000014723571800 JavaThread "File watcher consumer" daemon [_thread_blocked, id=12140, stack(0x0000003408900000,0x0000003408a00000)]
  0x000001472356f000 JavaThread "Cache worker for file content cache (C:\Users\Irene\AndroidStudioProjects\Kotlinparaprincipiantes\gradle\caches\7.5\fileContent)" [_thread_blocked, id=14468, stack(0x0000003408c00000,0x0000003408d00000)]
  0x00000147254dc000 JavaThread "Cache worker for execution history cache (C:\Users\Irene\AndroidStudioProjects\Kotlinparaprincipiantes\gradle\caches\7.5\executionHistory)" [_thread_blocked, id=5436, stack(0x0000003408f00000,0x0000003409000000)]
  0x00000147254d8800 JavaThread "jar transforms" [_thread_blocked, id=13696, stack(0x0000003409000000,0x0000003409100000)]
  0x00000147254dc800 JavaThread "jar transforms Thread 2" [_thread_blocked, id=12768, stack(0x0000003409100000,0x0000003409200000)]
  0x00000147254d9800 JavaThread "jar transforms Thread 3" [_thread_blocked, id=3292, stack(0x0000003409200000,0x0000003409300000)]
  0x00000147254e0000 JavaThread "jar transforms Thread 4" [_thread_blocked, id=1964, stack(0x0000003409300000,0x0000003409400000)]
  0x00000147254e1800 JavaThread "jar transforms Thread 5" [_thread_blocked, id=1784, stack(0x0000003409500000,0x0000003409600000)]
  0x0000014724e62800 JavaThread "jar transforms Thread 6" [_thread_blocked, id=2056, stack(0x000000340e700000,0x000000340e800000)]
  0x0000014724e64800 JavaThread "jar transforms Thread 7" [_thread_blocked, id=5516, stack(0x000000340e800000,0x000000340e900000)]
  0x0000014724e65000 JavaThread "jar transforms Thread 8" [_thread_blocked, id=11224, stack(0x000000340e900000,0x000000340ea00000)]
  0x00000147292c8800 JavaThread "Memory manager" [_thread_blocked, id=9680, stack(0x000000340eb00000,0x000000340ec00000)]
  0x00000147292c5800 JavaThread "pool-3-thread-1" [_thread_blocked, id=11100, stack(0x000000340f000000,0x000000340f100000)]
  0x00000147292c8000 JavaThread "included builds" [_thread_blocked, id=14768, stack(0x000000340f200000,0x000000340f300000)]
  0x0000014724e5e800 JavaThread "Handler for socket connection from /127.0.0.1:60016 to /127.0.0.1:60053" [_thread_in_native, id=10996, stack(0x0000003407100000,0x0000003407200000)]
  0x0000014724e5a800 JavaThread "Cancel handler" [_thread_blocked, id=9724, stack(0x0000003407b00000,0x0000003407c00000)]
  0x0000014724e5c000 JavaThread "Asynchronous log dispatcher for DefaultDaemonConnection: socket connection from /127.0.0.1:60016 to /127.0.0.1:60053" [_thread_blocked, id=10740, stack(0x0000003407c00000,0x0000003407d00000)]
  0x0000014724e59800 JavaThread "Stdin handler" [_thread_blocked, id=3164, stack(0x0000003407e00000,0x0000003407f00000)]
  0x0000014724e5e000 JavaThread "Daemon client event forwarder" [_thread_blocked, id=15208, stack(0x0000003407f00000,0x0000003408000000)]
=>0x0000014728cc4000 JavaThread "C2 CompilerThread1" daemon [_thread_in_native, id=15320, stack(0x0000003408000000,0x0000003408100000)]
  0x0000014728cca800 JavaThread "C2 CompilerThread2" daemon [_thread_in_native, id=13248, stack(0x0000003408700000,0x0000003408800000)]
  0x0000014724e5b800 JavaThread "Cache worker for checksums cache (C:\Users\Irene\Desktop\Proyecto\HealthCareApp\.gradle\7.5\checksums)" [_thread_blocked, id=1088, stack(0x0000003408a00000,0x0000003408b00000)]
  0x0000014724e60800 JavaThread "Cache worker for cache directory md-rule (C:\Users\Irene\AndroidStudioProjects\Kotlinparaprincipiantes\gradle\caches\7.5\md-rule)" [_thread_blocked, id=1952, stack(0x0000003408b00000,0x0000003408c00000)]
  0x0000014724e5d000 JavaThread "Cache worker for file hash cache (C:\Users\Irene\Desktop\Proyecto\HealthCareApp\.gradle\7.5\fileHashes)" [_thread_blocked, id=12180, stack(0x0000003408d00000,0x0000003408e00000)]
  0x0000014724e63800 JavaThread "Cache worker for cache directory md-supplier (C:\Users\Irene\AndroidStudioProjects\Kotlinparaprincipiantes\gradle\caches\7.5\md-supplier)" [_thread_blocked, id=4696, stack(0x0000003408e00000,0x0000003408f00000)]
  0x0000014724e5f800 JavaThread "Cache worker for dependencies-accessors (C:\Users\Irene\Desktop\Proyecto\HealthCareApp\.gradle\7.5\dependencies-accessors)" [_thread_blocked, id=15472, stack(0x0000003409400000,0x0000003409500000)]
  0x0000014724e66000 JavaThread "Cache worker for Build Output Cleanup Cache (C:\Users\Irene\Desktop\Proyecto\HealthCareApp\.gradle\buildOutputCleanup)" [_thread_blocked, id=13828, stack(0x0000003409600000,0x0000003409700000)]
  0x0000014724e61000 JavaThread "Unconstrained build operations" [_thread_blocked, id=7840, stack(0x0000003409700000,0x0000003409800000)]
  0x0000014724e67000 JavaThread "Unconstrained build operations Thread 2" [_thread_blocked, id=7760, stack(0x0000003409800000,0x0000003409900000)]
  0x0000014724e67800 JavaThread "Unconstrained build operations Thread 3" [_thread_blocked, id=14304, stack(0x0000003409900000,0x0000003409a00000)]
  0x0000014724e62000 JavaThread "Unconstrained build operations Thread 4" [_thread_blocked, id=5128, stack(0x0000003409a00000,0x0000003409b00000)]
  0x0000014724e68800 JavaThread "Unconstrained build operations Thread 5" [_thread_blocked, id=7008, stack(0x0000003409b00000,0x0000003409c00000)]
  0x00000147254da000 JavaThread "Unconstrained build operations Thread 6" [_thread_blocked, id=9108, stack(0x0000003409c00000,0x0000003409d00000)]
  0x00000147254e0800 JavaThread "Unconstrained build operations Thread 7" [_thread_blocked, id=1060, stack(0x0000003409d00000,0x0000003409e00000)]
  0x00000147254db000 JavaThread "Unconstrained build operations Thread 8" [_thread_blocked, id=13492, stack(0x0000003409e00000,0x0000003409f00000)]
  0x00000147254e2800 JavaThread "Unconstrained build operations Thread 9" [_thread_blocked, id=4928, stack(0x0000003409f00000,0x000000340a000000)]
  0x00000147254e3000 JavaThread "Unconstrained build operations Thread 10" [_thread_blocked, id=3040, stack(0x000000340a000000,0x000000340a100000)]
  0x00000147254dd800 JavaThread "Unconstrained build operations Thread 11" [_thread_blocked, id=8708, stack(0x000000340a100000,0x000000340a200000)]
  0x00000147254e7800 JavaThread "Unconstrained build operations Thread 12" [_thread_blocked, id=5940, stack(0x000000340a200000,0x000000340a300000)]
  0x00000147254e4000 JavaThread "Unconstrained build operations Thread 13" [_thread_blocked, id=1204, stack(0x000000340a300000,0x000000340a400000)]
  0x00000147254e6800 JavaThread "Unconstrained build operations Thread 14" [_thread_blocked, id=1916, stack(0x000000340a400000,0x000000340a500000)]
  0x00000147254e5000 JavaThread "Unconstrained build operations Thread 15" [_thread_blocked, id=13024, stack(0x000000340a500000,0x000000340a600000)]
  0x00000147254e5800 JavaThread "Unconstrained build operations Thread 16" [_thread_blocked, id=8496, stack(0x000000340a600000,0x000000340a700000)]
  0x00000147292c3000 JavaThread "Unconstrained build operations Thread 17" [_thread_blocked, id=1980, stack(0x000000340a700000,0x000000340a800000)]
  0x00000147292c9800 JavaThread "Unconstrained build operations Thread 18" [_thread_blocked, id=15840, stack(0x000000340a800000,0x000000340a900000)]
  0x00000147292c3800 JavaThread "Unconstrained build operations Thread 19" [_thread_blocked, id=3260, stack(0x000000340a900000,0x000000340aa00000)]
  0x00000147292c6000 JavaThread "Unconstrained build operations Thread 20" [_thread_blocked, id=12800, stack(0x000000340aa00000,0x000000340ab00000)]
  0x000001472356e000 JavaThread "Unconstrained build operations Thread 21" [_thread_blocked, id=15356, stack(0x000000340ab00000,0x000000340ac00000)]
  0x0000014723574000 JavaThread "Unconstrained build operations Thread 22" [_thread_blocked, id=12992, stack(0x000000340ac00000,0x000000340ad00000)]
  0x0000014723570000 JavaThread "Unconstrained build operations Thread 23" [_thread_blocked, id=3600, stack(0x000000340ad00000,0x000000340ae00000)]
  0x000001472758f800 JavaThread "Unconstrained build operations Thread 24" [_thread_blocked, id=9376, stack(0x000000340ae00000,0x000000340af00000)]
  0x000001472758b000 JavaThread "Unconstrained build operations Thread 25" [_thread_blocked, id=16040, stack(0x000000340af00000,0x000000340b000000)]
  0x000001472758d000 JavaThread "Unconstrained build operations Thread 26" [_thread_blocked, id=10560, stack(0x000000340b000000,0x000000340b100000)]
  0x0000014727592000 JavaThread "Unconstrained build operations Thread 27" [_thread_blocked, id=7988, stack(0x000000340b100000,0x000000340b200000)]
  0x0000014727590000 JavaThread "Unconstrained build operations Thread 28" [_thread_blocked, id=6660, stack(0x000000340b200000,0x000000340b300000)]
  0x0000014727591000 JavaThread "Unconstrained build operations Thread 29" [_thread_blocked, id=1452, stack(0x000000340b300000,0x000000340b400000)]
  0x000001472758d800 JavaThread "Unconstrained build operations Thread 30" [_thread_blocked, id=10328, stack(0x000000340b400000,0x000000340b500000)]
  0x000001472758e800 JavaThread "Unconstrained build operations Thread 31" [_thread_blocked, id=11560, stack(0x000000340b500000,0x000000340b600000)]
  0x000001472758c000 JavaThread "Unconstrained build operations Thread 32" [_thread_blocked, id=15648, stack(0x000000340b600000,0x000000340b700000)]
  0x0000014727596000 JavaThread "Unconstrained build operations Thread 33" [_thread_blocked, id=15304, stack(0x000000340b700000,0x000000340b800000)]
  0x0000014727598800 JavaThread "Unconstrained build operations Thread 34" [_thread_blocked, id=12672, stack(0x000000340b800000,0x000000340b900000)]
  0x0000014727596800 JavaThread "Unconstrained build operations Thread 35" [_thread_blocked, id=10272, stack(0x000000340b900000,0x000000340ba00000)]
  0x0000014727592800 JavaThread "Unconstrained build operations Thread 36" [_thread_blocked, id=8220, stack(0x000000340ba00000,0x000000340bb00000)]
  0x0000014727595000 JavaThread "Unconstrained build operations Thread 37" [_thread_blocked, id=2340, stack(0x000000340bb00000,0x000000340bc00000)]
  0x0000014727599000 JavaThread "Unconstrained build operations Thread 38" [_thread_blocked, id=14700, stack(0x000000340bc00000,0x000000340bd00000)]
  0x0000014727593800 JavaThread "Unconstrained build operations Thread 39" [_thread_blocked, id=4040, stack(0x000000340bd00000,0x000000340be00000)]
  0x000001472759a000 JavaThread "Unconstrained build operations Thread 40" [_thread_blocked, id=15960, stack(0x000000340be00000,0x000000340bf00000)]
  0x0000014727594000 JavaThread "Unconstrained build operations Thread 41" [_thread_blocked, id=14448, stack(0x000000340bf00000,0x000000340c000000)]
  0x0000014727597800 JavaThread "Unconstrained build operations Thread 42" [_thread_blocked, id=12536, stack(0x000000340c000000,0x000000340c100000)]
  0x0000014722781000 JavaThread "Unconstrained build operations Thread 43" [_thread_blocked, id=13688, stack(0x000000340c100000,0x000000340c200000)]
  0x000001472277f800 JavaThread "Unconstrained build operations Thread 44" [_thread_blocked, id=16296, stack(0x000000340c200000,0x000000340c300000)]
  0x0000014722781800 JavaThread "Unconstrained build operations Thread 45" [_thread_blocked, id=10548, stack(0x000000340c300000,0x000000340c400000)]
  0x0000014722782800 JavaThread "Unconstrained build operations Thread 46" [_thread_blocked, id=13756, stack(0x000000340c400000,0x000000340c500000)]
  0x0000014722783800 JavaThread "Unconstrained build operations Thread 47" [_thread_blocked, id=7112, stack(0x000000340c500000,0x000000340c600000)]
  0x000001472277d800 JavaThread "Unconstrained build operations Thread 48" [_thread_blocked, id=15436, stack(0x000000340c600000,0x000000340c700000)]
  0x000001472277e800 JavaThread "Unconstrained build operations Thread 49" [_thread_blocked, id=12452, stack(0x000000340c700000,0x000000340c800000)]
  0x0000014722784000 JavaThread "Unconstrained build operations Thread 50" [_thread_blocked, id=9344, stack(0x000000340c800000,0x000000340c900000)]
  0x0000014722785000 JavaThread "Unconstrained build operations Thread 51" [_thread_blocked, id=8208, stack(0x000000340c900000,0x000000340ca00000)]
  0x0000014722786000 JavaThread "Unconstrained build operations Thread 52" [_thread_blocked, id=7488, stack(0x000000340ca00000,0x000000340cb00000)]
  0x0000014722780000 JavaThread "Unconstrained build operations Thread 53" [_thread_blocked, id=7064, stack(0x000000340cb00000,0x000000340cc00000)]
  0x0000014722788800 JavaThread "Unconstrained build operations Thread 54" [_thread_blocked, id=7016, stack(0x000000340cc00000,0x000000340cd00000)]
  0x000001472278b800 JavaThread "Unconstrained build operations Thread 55" [_thread_blocked, id=9524, stack(0x000000340cd00000,0x000000340ce00000)]
  0x000001472278a000 JavaThread "Unconstrained build operations Thread 56" [_thread_blocked, id=1656, stack(0x000000340ce00000,0x000000340cf00000)]
  0x000001472278c800 JavaThread "Unconstrained build operations Thread 57" [_thread_blocked, id=11156, stack(0x000000340cf00000,0x000000340d000000)]
  0x0000014722789000 JavaThread "Unconstrained build operations Thread 58" [_thread_blocked, id=8492, stack(0x000000340d000000,0x000000340d100000)]
  0x000001472278a800 JavaThread "Unconstrained build operations Thread 59" [_thread_blocked, id=14320, stack(0x000000340d100000,0x000000340d200000)]
  0x0000014722786800 JavaThread "Unconstrained build operations Thread 60" [_thread_blocked, id=12936, stack(0x000000340d200000,0x000000340d300000)]
  0x0000014722787800 JavaThread "Unconstrained build operations Thread 61" [_thread_blocked, id=10468, stack(0x000000340d300000,0x000000340d400000)]
  0x0000014721f1c800 JavaThread "Unconstrained build operations Thread 62" [_thread_blocked, id=9444, stack(0x000000340d400000,0x000000340d500000)]
  0x0000014721f1f800 JavaThread "Unconstrained build operations Thread 63" [_thread_blocked, id=15388, stack(0x000000340d500000,0x000000340d600000)]
  0x0000014721f1e000 JavaThread "Unconstrained build operations Thread 64" [_thread_blocked, id=12784, stack(0x000000340d600000,0x000000340d700000)]
  0x0000014721f21000 JavaThread "Unconstrained build operations Thread 65" [_thread_blocked, id=8568, stack(0x000000340d700000,0x000000340d800000)]
  0x0000014721f1d000 JavaThread "Unconstrained build operations Thread 66" [_thread_blocked, id=11384, stack(0x000000340d800000,0x000000340d900000)]
  0x0000014721f23000 JavaThread "Unconstrained build operations Thread 67" [_thread_blocked, id=11920, stack(0x000000340d900000,0x000000340da00000)]
  0x0000014721f20800 JavaThread "Unconstrained build operations Thread 68" [_thread_blocked, id=6948, stack(0x000000340da00000,0x000000340db00000)]
  0x0000014721f23800 JavaThread "Unconstrained build operations Thread 69" [_thread_blocked, id=10152, stack(0x000000340db00000,0x000000340dc00000)]
  0x0000014721f22000 JavaThread "Unconstrained build operations Thread 70" [_thread_blocked, id=16336, stack(0x000000340dc00000,0x000000340dd00000)]
  0x0000014721f24800 JavaThread "Unconstrained build operations Thread 71" [_thread_blocked, id=14420, stack(0x000000340dd00000,0x000000340de00000)]
  0x0000014721f1e800 JavaThread "Unconstrained build operations Thread 72" [_thread_blocked, id=6564, stack(0x000000340de00000,0x000000340df00000)]
  0x0000014721f29800 JavaThread "Unconstrained build operations Thread 73" [_thread_blocked, id=15660, stack(0x000000340df00000,0x000000340e000000)]
  0x0000014721f2b000 JavaThread "Unconstrained build operations Thread 74" [_thread_blocked, id=14960, stack(0x000000340e000000,0x000000340e100000)]
  0x0000014721f2a000 JavaThread "Unconstrained build operations Thread 75" [_thread_blocked, id=11528, stack(0x000000340e100000,0x000000340e200000)]
  0x0000014721f28800 JavaThread "Unconstrained build operations Thread 76" [_thread_blocked, id=11704, stack(0x000000340e200000,0x000000340e300000)]
  0x0000014721f25800 JavaThread "Unconstrained build operations Thread 77" [_thread_blocked, id=9384, stack(0x000000340e300000,0x000000340e400000)]
  0x0000014721f26000 JavaThread "Unconstrained build operations Thread 78" [_thread_blocked, id=8808, stack(0x000000340e400000,0x000000340e500000)]
  0x0000014721f27000 JavaThread "Unconstrained build operations Thread 79" [_thread_blocked, id=6264, stack(0x000000340e500000,0x000000340e600000)]
  0x0000014721f27800 JavaThread "Unconstrained build operations Thread 80" [_thread_blocked, id=8688, stack(0x000000340e600000,0x000000340e700000)]
  0x0000014725486000 JavaThread "build event listener" [_thread_blocked, id=10528, stack(0x000000340ea00000,0x000000340eb00000)]
  0x0000014725482800 JavaThread "pool-6-thread-1" [_thread_blocked, id=11044, stack(0x000000340f100000,0x000000340f200000)]
  0x0000014725483800 JavaThread "build event listener" [_thread_blocked, id=10104, stack(0x000000340f300000,0x000000340f400000)]
  0x0000014725487000 JavaThread "included builds" [_thread_blocked, id=10380, stack(0x000000340f400000,0x000000340f500000)]
  0x0000014725482000 JavaThread "Execution worker" [_thread_blocked, id=1444, stack(0x000000340f500000,0x000000340f600000)]
  0x0000014725484800 JavaThread "Execution worker Thread 2" [_thread_blocked, id=7812, stack(0x000000340f600000,0x000000340f700000)]
  0x0000014725485000 JavaThread "Execution worker Thread 3" [_thread_blocked, id=32, stack(0x000000340f700000,0x000000340f800000)]
  0x0000014725481000 JavaThread "Execution worker Thread 4" [_thread_in_Java, id=14416, stack(0x000000340f800000,0x000000340f900000)]
  0x0000014725487800 JavaThread "Execution worker Thread 5" [_thread_blocked, id=9364, stack(0x000000340f900000,0x000000340fa00000)]
  0x0000014722b28000 JavaThread "Execution worker Thread 6" [_thread_blocked, id=14936, stack(0x000000340fa00000,0x000000340fb00000)]
  0x0000014722b2c000 JavaThread "Execution worker Thread 7" [_thread_blocked, id=4844, stack(0x000000340fb00000,0x000000340fc00000)]
  0x0000014722b29000 JavaThread "Cache worker for execution history cache (C:\Users\Irene\Desktop\Proyecto\HealthCareApp\.gradle\7.5\executionHistory)" [_thread_blocked, id=5408, stack(0x000000340fc00000,0x000000340fd00000)]

Other Threads:
  0x0000014721463800 VMThread "VM Thread" [stack: 0x0000003406600000,0x0000003406700000] [id=13548]
  0x0000014721694800 WatcherThread [stack: 0x0000003407000000,0x0000003407100000] [id=5864]
  0x0000014702c71000 GCTaskThread "GC Thread#0" [stack: 0x0000003406100000,0x0000003406200000] [id=3156]
  0x0000014721de0000 GCTaskThread "GC Thread#1" [stack: 0x0000003407200000,0x0000003407300000] [id=11004]
  0x0000014722472800 GCTaskThread "GC Thread#2" [stack: 0x0000003407300000,0x0000003407400000] [id=13296]
  0x000001472262a800 GCTaskThread "GC Thread#3" [stack: 0x0000003407400000,0x0000003407500000] [id=12504]
  0x000001472262b000 GCTaskThread "GC Thread#4" [stack: 0x0000003407500000,0x0000003407600000] [id=7260]
  0x00000147228ac000 GCTaskThread "GC Thread#5" [stack: 0x0000003407600000,0x0000003407700000] [id=13764]
  0x0000014723d3d800 GCTaskThread "GC Thread#6" [stack: 0x0000003408400000,0x0000003408500000] [id=12944]
  0x00000147223c5800 GCTaskThread "GC Thread#7" [stack: 0x0000003408500000,0x0000003408600000] [id=5728]
  0x0000014702ca5000 ConcurrentGCThread "G1 Main Marker" [stack: 0x0000003406200000,0x0000003406300000] [id=3396]
  0x0000014702ca6000 ConcurrentGCThread "G1 Conc#0" [stack: 0x0000003406300000,0x0000003406400000] [id=11200]
  0x0000014721ecf000 ConcurrentGCThread "G1 Conc#1" [stack: 0x0000003408600000,0x0000003408700000] [id=14212]
  0x0000014720ab4800 ConcurrentGCThread "G1 Refine#0" [stack: 0x0000003406400000,0x0000003406500000] [id=5076]
  0x0000014722048000 ConcurrentGCThread "G1 Refine#1" [stack: 0x000000340ec00000,0x000000340ed00000] [id=12644]
  0x00000147251dc000 ConcurrentGCThread "G1 Refine#2" [stack: 0x000000340ed00000,0x000000340ee00000] [id=11000]
  0x0000014728743000 ConcurrentGCThread "G1 Refine#3" [stack: 0x000000340ee00000,0x000000340ef00000] [id=13016]
  0x0000014728b0b000 ConcurrentGCThread "G1 Refine#4" [stack: 0x000000340ef00000,0x000000340f000000] [id=9392]
  0x0000014720ab5800 ConcurrentGCThread "G1 Young RemSet Sampling" [stack: 0x0000003406500000,0x0000003406600000] [id=15736]

Threads with active compile tasks:
C2 CompilerThread0  21596 13211       4       org.gradle.internal.resources.AbstractTrackedResourceLock::isLockedByCurrentThread (9 bytes)
C2 CompilerThread1  21596 12785       4       org.gradle.internal.operations.DefaultBuildOperationRunner::execute (147 bytes)
C2 CompilerThread2  21596 13212       4       java.util.LinkedList$ListItr::<init> (47 bytes)

VM state:not at safepoint (normal execution)

VM Mutex/Monitor currently owned by a thread: None

Heap address: 0x0000000080000000, size: 2048 MB, Compressed Oops mode: 32-bit
Narrow klass base: 0x0000000000000000, Narrow klass shift: 3
Compressed class space size: 1073741824 Address: 0x0000000100000000

Heap:
 garbage-first heap   total 310272K, used 135337K [0x0000000080000000, 0x0000000100000000)
  region size 1024K, 34 young (34816K), 13 survivors (13312K)
 Metaspace       used 95790K, capacity 98516K, committed 98636K, reserved 1134592K
  class space    used 12301K, capacity 13366K, committed 13388K, reserved 1048576K
Heap Regions: E=young(eden), S=young(survivor), O=old, HS=humongous(starts), HC=humongous(continues), CS=collection set, F=free, A=archive, TAMS=top-at-mark-start (previous, next)
|   0|0x0000000080000000, 0x0000000080100000, 0x0000000080100000|100%| O|  |TAMS 0x0000000080100000, 0x0000000080000000| Untracked 
|   1|0x0000000080100000, 0x0000000080200000, 0x0000000080200000|100%| O|  |TAMS 0x0000000080200000, 0x0000000080100000| Untracked 
|   2|0x0000000080200000, 0x0000000080300000, 0x0000000080300000|100%| O|  |TAMS 0x0000000080300000, 0x0000000080200000| Untracked 
|   3|0x0000000080300000, 0x0000000080400000, 0x0000000080400000|100%|HS|  |TAMS 0x0000000080400000, 0x0000000080300000| Complete 
|   4|0x0000000080400000, 0x0000000080500000, 0x0000000080500000|100%|HC|  |TAMS 0x0000000080500000, 0x0000000080400000| Complete 
|   5|0x0000000080500000, 0x0000000080600000, 0x0000000080600000|100%|HC|  |TAMS 0x0000000080600000, 0x0000000080500000| Complete 
|   6|0x0000000080600000, 0x0000000080700000, 0x0000000080700000|100%| O|  |TAMS 0x0000000080700000, 0x0000000080600000| Untracked 
|   7|0x0000000080700000, 0x0000000080800000, 0x0000000080800000|100%| O|  |TAMS 0x0000000080800000, 0x0000000080700000| Untracked 
|   8|0x0000000080800000, 0x0000000080900000, 0x0000000080900000|100%| O|  |TAMS 0x0000000080900000, 0x0000000080800000| Untracked 
|   9|0x0000000080900000, 0x0000000080a00000, 0x0000000080a00000|100%| O|  |TAMS 0x0000000080a00000, 0x0000000080900000| Untracked 
|  10|0x0000000080a00000, 0x0000000080b00000, 0x0000000080b00000|100%| O|  |TAMS 0x0000000080b00000, 0x0000000080a00000| Untracked 
|  11|0x0000000080b00000, 0x0000000080c00000, 0x0000000080c00000|100%| O|  |TAMS 0x0000000080c00000, 0x0000000080b00000| Untracked 
|  12|0x0000000080c00000, 0x0000000080d00000, 0x0000000080d00000|100%| O|  |TAMS 0x0000000080d00000, 0x0000000080c00000| Untracked 
|  13|0x0000000080d00000, 0x0000000080e00000, 0x0000000080e00000|100%| O|  |TAMS 0x0000000080e00000, 0x0000000080d00000| Untracked 
|  14|0x0000000080e00000, 0x0000000080f00000, 0x0000000080f00000|100%| O|  |TAMS 0x0000000080f00000, 0x0000000080e00000| Untracked 
|  15|0x0000000080f00000, 0x0000000081000000, 0x0000000081000000|100%| O|  |TAMS 0x0000000081000000, 0x0000000080f00000| Untracked 
|  16|0x0000000081000000, 0x0000000081100000, 0x0000000081100000|100%| O|  |TAMS 0x0000000081100000, 0x0000000081000000| Untracked 
|  17|0x0000000081100000, 0x0000000081200000, 0x0000000081200000|100%|HS|  |TAMS 0x0000000081200000, 0x0000000081100000| Complete 
|  18|0x0000000081200000, 0x0000000081300000, 0x0000000081300000|100%|HS|  |TAMS 0x0000000081300000, 0x0000000081200000| Complete 
|  19|0x0000000081300000, 0x0000000081400000, 0x0000000081400000|100%|HS|  |TAMS 0x0000000081400000, 0x0000000081300000| Complete 
|  20|0x0000000081400000, 0x0000000081500000, 0x0000000081500000|100%|HC|  |TAMS 0x0000000081500000, 0x0000000081400000| Complete 
|  21|0x0000000081500000, 0x0000000081600000, 0x0000000081600000|100%|HS|  |TAMS 0x0000000081600000, 0x0000000081500000| Complete 
|  22|0x0000000081600000, 0x0000000081700000, 0x0000000081700000|100%|HC|  |TAMS 0x0000000081700000, 0x0000000081600000| Complete 
|  23|0x0000000081700000, 0x0000000081800000, 0x0000000081800000|100%|HC|  |TAMS 0x0000000081800000, 0x0000000081700000| Complete 
|  24|0x0000000081800000, 0x0000000081900000, 0x0000000081900000|100%|HC|  |TAMS 0x0000000081900000, 0x0000000081800000| Complete 
|  25|0x0000000081900000, 0x0000000081a00000, 0x0000000081a00000|100%| O|  |TAMS 0x0000000081a00000, 0x0000000081900000| Untracked 
|  26|0x0000000081a00000, 0x0000000081b00000, 0x0000000081b00000|100%| O|  |TAMS 0x0000000081b00000, 0x0000000081a00000| Untracked 
|  27|0x0000000081b00000, 0x0000000081c00000, 0x0000000081c00000|100%| O|  |TAMS 0x0000000081c00000, 0x0000000081b00000| Untracked 
|  28|0x0000000081c00000, 0x0000000081d00000, 0x0000000081d00000|100%| O|  |TAMS 0x0000000081d00000, 0x0000000081c00000| Untracked 
|  29|0x0000000081d00000, 0x0000000081e00000, 0x0000000081e00000|100%| O|  |TAMS 0x0000000081e00000, 0x0000000081d00000| Untracked 
|  30|0x0000000081e00000, 0x0000000081f00000, 0x0000000081f00000|100%| O|  |TAMS 0x0000000081f00000, 0x0000000081e00000| Untracked 
|  31|0x0000000081f00000, 0x0000000082000000, 0x0000000082000000|100%| O|  |TAMS 0x0000000082000000, 0x0000000081f00000| Untracked 
|  32|0x0000000082000000, 0x0000000082100000, 0x0000000082100000|100%| O|  |TAMS 0x0000000082100000, 0x0000000082000000| Untracked 
|  33|0x0000000082100000, 0x0000000082200000, 0x0000000082200000|100%| O|  |TAMS 0x0000000082200000, 0x0000000082100000| Untracked 
|  34|0x0000000082200000, 0x0000000082300000, 0x0000000082300000|100%| O|  |TAMS 0x0000000082300000, 0x0000000082200000| Untracked 
|  35|0x0000000082300000, 0x0000000082400000, 0x0000000082400000|100%| O|  |TAMS 0x0000000082400000, 0x0000000082300000| Untracked 
|  36|0x0000000082400000, 0x0000000082500000, 0x0000000082500000|100%| O|  |TAMS 0x0000000082500000, 0x0000000082400000| Untracked 
|  37|0x0000000082500000, 0x0000000082600000, 0x0000000082600000|100%| O|  |TAMS 0x0000000082600000, 0x0000000082500000| Untracked 
|  38|0x0000000082600000, 0x0000000082700000, 0x0000000082700000|100%| O|  |TAMS 0x0000000082700000, 0x0000000082600000| Untracked 
|  39|0x0000000082700000, 0x0000000082800000, 0x0000000082800000|100%| O|  |TAMS 0x0000000082800000, 0x0000000082700000| Untracked 
|  40|0x0000000082800000, 0x0000000082900000, 0x0000000082900000|100%| O|  |TAMS 0x0000000082900000, 0x0000000082800000| Untracked 
|  41|0x0000000082900000, 0x0000000082a00000, 0x0000000082a00000|100%| O|  |TAMS 0x0000000082a00000, 0x0000000082900000| Untracked 
|  42|0x0000000082a00000, 0x0000000082b00000, 0x0000000082b00000|100%| O|  |TAMS 0x0000000082b00000, 0x0000000082a00000| Untracked 
|  43|0x0000000082b00000, 0x0000000082c00000, 0x0000000082c00000|100%| O|  |TAMS 0x0000000082c00000, 0x0000000082b00000| Untracked 
|  44|0x0000000082c00000, 0x0000000082d00000, 0x0000000082d00000|100%| O|  |TAMS 0x0000000082d00000, 0x0000000082c00000| Untracked 
|  45|0x0000000082d00000, 0x0000000082e00000, 0x0000000082e00000|100%| O|  |TAMS 0x0000000082e00000, 0x0000000082d00000| Untracked 
|  46|0x0000000082e00000, 0x0000000082f00000, 0x0000000082f00000|100%| O|  |TAMS 0x0000000082f00000, 0x0000000082e00000| Untracked 
|  47|0x0000000082f00000, 0x0000000083000000, 0x0000000083000000|100%| O|  |TAMS 0x0000000082f5d800, 0x0000000082f00000| Untracked 
|  48|0x0000000083000000, 0x0000000083100000, 0x0000000083100000|100%| O|  |TAMS 0x0000000083000000, 0x0000000083000000| Untracked 
|  49|0x0000000083100000, 0x0000000083200000, 0x0000000083200000|100%| O|  |TAMS 0x0000000083100000, 0x0000000083100000| Untracked 
|  50|0x0000000083200000, 0x0000000083300000, 0x0000000083300000|100%| O|  |TAMS 0x0000000083200000, 0x0000000083200000| Untracked 
|  51|0x0000000083300000, 0x0000000083400000, 0x0000000083400000|100%| O|  |TAMS 0x0000000083300000, 0x0000000083300000| Untracked 
|  52|0x0000000083400000, 0x0000000083500000, 0x0000000083500000|100%| O|  |TAMS 0x0000000083400000, 0x0000000083400000| Untracked 
|  53|0x0000000083500000, 0x0000000083600000, 0x0000000083600000|100%| O|  |TAMS 0x0000000083500000, 0x0000000083500000| Untracked 
|  54|0x0000000083600000, 0x0000000083700000, 0x0000000083700000|100%| O|  |TAMS 0x0000000083600000, 0x0000000083600000| Untracked 
|  55|0x0000000083700000, 0x0000000083800000, 0x0000000083800000|100%| O|  |TAMS 0x0000000083700000, 0x0000000083700000| Untracked 
|  56|0x0000000083800000, 0x0000000083900000, 0x0000000083900000|100%| O|  |TAMS 0x0000000083800000, 0x0000000083800000| Untracked 
|  57|0x0000000083900000, 0x0000000083a00000, 0x0000000083a00000|100%| O|  |TAMS 0x0000000083900000, 0x0000000083900000| Untracked 
|  58|0x0000000083a00000, 0x0000000083b00000, 0x0000000083b00000|100%| O|  |TAMS 0x0000000083a00000, 0x0000000083a00000| Untracked 
|  59|0x0000000083b00000, 0x0000000083c00000, 0x0000000083c00000|100%| O|  |TAMS 0x0000000083b00000, 0x0000000083b00000| Untracked 
|  60|0x0000000083c00000, 0x0000000083d00000, 0x0000000083d00000|100%| O|  |TAMS 0x0000000083c00000, 0x0000000083c00000| Untracked 
|  61|0x0000000083d00000, 0x0000000083e00000, 0x0000000083e00000|100%| O|  |TAMS 0x0000000083d00000, 0x0000000083d00000| Untracked 
|  62|0x0000000083e00000, 0x0000000083f00000, 0x0000000083f00000|100%| O|  |TAMS 0x0000000083e00000, 0x0000000083e00000| Untracked 
|  63|0x0000000083f00000, 0x0000000084000000, 0x0000000084000000|100%| O|  |TAMS 0x0000000083f00000, 0x0000000083f00000| Untracked 
|  64|0x0000000084000000, 0x0000000084100000, 0x0000000084100000|100%| O|  |TAMS 0x0000000084000000, 0x0000000084000000| Untracked 
|  65|0x0000000084100000, 0x0000000084200000, 0x0000000084200000|100%| O|  |TAMS 0x0000000084100000, 0x0000000084100000| Untracked 
|  66|0x0000000084200000, 0x0000000084300000, 0x0000000084300000|100%| O|  |TAMS 0x0000000084200000, 0x0000000084200000| Untracked 
|  67|0x0000000084300000, 0x0000000084400000, 0x0000000084400000|100%| O|  |TAMS 0x0000000084300000, 0x0000000084300000| Untracked 
|  68|0x0000000084400000, 0x0000000084500000, 0x0000000084500000|100%| O|  |TAMS 0x0000000084400000, 0x0000000084400000| Untracked 
|  69|0x0000000084500000, 0x0000000084600000, 0x0000000084600000|100%| O|  |TAMS 0x0000000084500000, 0x0000000084500000| Untracked 
|  70|0x0000000084600000, 0x0000000084700000, 0x0000000084700000|100%| O|  |TAMS 0x0000000084600000, 0x0000000084600000| Untracked 
|  71|0x0000000084700000, 0x0000000084800000, 0x0000000084800000|100%| O|  |TAMS 0x0000000084700000, 0x0000000084700000| Untracked 
|  72|0x0000000084800000, 0x0000000084900000, 0x0000000084900000|100%| O|  |TAMS 0x0000000084800000, 0x0000000084800000| Untracked 
|  73|0x0000000084900000, 0x0000000084a00000, 0x0000000084a00000|100%| O|  |TAMS 0x0000000084900000, 0x0000000084900000| Untracked 
|  74|0x0000000084a00000, 0x0000000084b00000, 0x0000000084b00000|100%| O|  |TAMS 0x0000000084a00000, 0x0000000084a00000| Untracked 
|  75|0x0000000084b00000, 0x0000000084c00000, 0x0000000084c00000|100%| O|  |TAMS 0x0000000084b00000, 0x0000000084b00000| Untracked 
|  76|0x0000000084c00000, 0x0000000084d00000, 0x0000000084d00000|100%| O|  |TAMS 0x0000000084c00000, 0x0000000084c00000| Untracked 
|  77|0x0000000084d00000, 0x0000000084e00000, 0x0000000084e00000|100%| O|  |TAMS 0x0000000084d00000, 0x0000000084d00000| Untracked 
|  78|0x0000000084e00000, 0x0000000084f00000, 0x0000000084f00000|100%| O|  |TAMS 0x0000000084e00000, 0x0000000084e00000| Untracked 
|  79|0x0000000084f00000, 0x0000000085000000, 0x0000000085000000|100%| O|  |TAMS 0x0000000084f00000, 0x0000000084f00000| Untracked 
|  80|0x0000000085000000, 0x0000000085100000, 0x0000000085100000|100%| O|  |TAMS 0x0000000085000000, 0x0000000085000000| Untracked 
|  81|0x0000000085100000, 0x0000000085200000, 0x0000000085200000|100%| O|  |TAMS 0x0000000085100000, 0x0000000085100000| Untracked 
|  82|0x0000000085200000, 0x0000000085300000, 0x0000000085300000|100%| O|  |TAMS 0x0000000085200000, 0x0000000085200000| Untracked 
|  83|0x0000000085300000, 0x0000000085400000, 0x0000000085400000|100%| O|  |TAMS 0x0000000085300000, 0x0000000085300000| Untracked 
|  84|0x0000000085400000, 0x0000000085500000, 0x0000000085500000|100%| O|  |TAMS 0x0000000085400000, 0x0000000085400000| Untracked 
|  85|0x0000000085500000, 0x0000000085600000, 0x0000000085600000|100%| O|  |TAMS 0x0000000085500000, 0x0000000085500000| Untracked 
|  86|0x0000000085600000, 0x0000000085700000, 0x0000000085700000|100%| O|  |TAMS 0x0000000085600000, 0x0000000085600000| Untracked 
|  87|0x0000000085700000, 0x0000000085800000, 0x0000000085800000|100%| O|  |TAMS 0x0000000085700000, 0x0000000085700000| Untracked 
|  88|0x0000000085800000, 0x0000000085900000, 0x0000000085900000|100%| O|  |TAMS 0x0000000085800000, 0x0000000085800000| Untracked 
|  89|0x0000000085900000, 0x0000000085a00000, 0x0000000085a00000|100%| O|  |TAMS 0x0000000085900000, 0x0000000085900000| Untracked 
|  90|0x0000000085a00000, 0x0000000085b00000, 0x0000000085b00000|100%| O|  |TAMS 0x0000000085a00000, 0x0000000085a00000| Untracked 
|  91|0x0000000085b00000, 0x0000000085c00000, 0x0000000085c00000|100%| O|  |TAMS 0x0000000085b00000, 0x0000000085b00000| Untracked 
|  92|0x0000000085c00000, 0x0000000085d00000, 0x0000000085d00000|100%| O|  |TAMS 0x0000000085c00000, 0x0000000085c00000| Untracked 
|  93|0x0000000085d00000, 0x0000000085e00000, 0x0000000085e00000|100%| O|  |TAMS 0x0000000085d00000, 0x0000000085d00000| Untracked 
|  94|0x0000000085e00000, 0x0000000085f00000, 0x0000000085f00000|100%| O|  |TAMS 0x0000000085e00000, 0x0000000085e00000| Untracked 
|  95|0x0000000085f00000, 0x0000000086000000, 0x0000000086000000|100%| O|  |TAMS 0x0000000085f00000, 0x0000000085f00000| Untracked 
|  96|0x0000000086000000, 0x0000000086100000, 0x0000000086100000|100%| O|  |TAMS 0x0000000086000000, 0x0000000086000000| Untracked 
|  97|0x0000000086100000, 0x0000000086200000, 0x0000000086200000|100%| O|  |TAMS 0x0000000086100000, 0x0000000086100000| Untracked 
|  98|0x0000000086200000, 0x0000000086300000, 0x0000000086300000|100%| O|  |TAMS 0x0000000086200000, 0x0000000086200000| Untracked 
|  99|0x0000000086300000, 0x0000000086400000, 0x0000000086400000|100%| O|  |TAMS 0x0000000086300000, 0x0000000086300000| Untracked 
| 100|0x0000000086400000, 0x000000008644a000, 0x0000000086500000| 28%| O|  |TAMS 0x0000000086400000, 0x0000000086400000| Untracked 
| 101|0x0000000086500000, 0x0000000086500000, 0x0000000086600000|  0%| F|  |TAMS 0x0000000086500000, 0x0000000086500000| Untracked 
| 102|0x0000000086600000, 0x0000000086600000, 0x0000000086700000|  0%| F|  |TAMS 0x0000000086600000, 0x0000000086600000| Untracked 
| 103|0x0000000086700000, 0x0000000086700000, 0x0000000086800000|  0%| F|  |TAMS 0x0000000086700000, 0x0000000086700000| Untracked 
| 104|0x0000000086800000, 0x0000000086800000, 0x0000000086900000|  0%| F|  |TAMS 0x0000000086800000, 0x0000000086800000| Untracked 
| 105|0x0000000086900000, 0x0000000086900000, 0x0000000086a00000|  0%| F|  |TAMS 0x0000000086900000, 0x0000000086900000| Untracked 
| 106|0x0000000086a00000, 0x0000000086a00000, 0x0000000086b00000|  0%| F|  |TAMS 0x0000000086a00000, 0x0000000086a00000| Untracked 
| 107|0x0000000086b00000, 0x0000000086b00000, 0x0000000086c00000|  0%| F|  |TAMS 0x0000000086b00000, 0x0000000086b00000| Untracked 
| 108|0x0000000086c00000, 0x0000000086c00000, 0x0000000086d00000|  0%| F|  |TAMS 0x0000000086c00000, 0x0000000086c00000| Untracked 
| 109|0x0000000086d00000, 0x0000000086d00000, 0x0000000086e00000|  0%| F|  |TAMS 0x0000000086d00000, 0x0000000086d00000| Untracked 
| 110|0x0000000086e00000, 0x0000000086e00000, 0x0000000086f00000|  0%| F|  |TAMS 0x0000000086e00000, 0x0000000086e00000| Untracked 
| 111|0x0000000086f00000, 0x0000000086f00000, 0x0000000087000000|  0%| F|  |TAMS 0x0000000086f00000, 0x0000000086f00000| Untracked 
| 112|0x0000000087000000, 0x0000000087000000, 0x0000000087100000|  0%| F|  |TAMS 0x0000000087000000, 0x0000000087000000| Untracked 
| 113|0x0000000087100000, 0x0000000087100000, 0x0000000087200000|  0%| F|  |TAMS 0x0000000087100000, 0x0000000087100000| Untracked 
| 114|0x0000000087200000, 0x0000000087200000, 0x0000000087300000|  0%| F|  |TAMS 0x0000000087200000, 0x0000000087200000| Untracked 
| 115|0x0000000087300000, 0x0000000087300000, 0x0000000087400000|  0%| F|  |TAMS 0x0000000087300000, 0x0000000087300000| Untracked 
| 116|0x0000000087400000, 0x0000000087400000, 0x0000000087500000|  0%| F|  |TAMS 0x0000000087400000, 0x0000000087400000| Untracked 
| 117|0x0000000087500000, 0x0000000087500000, 0x0000000087600000|  0%| F|  |TAMS 0x0000000087500000, 0x0000000087500000| Untracked 
| 118|0x0000000087600000, 0x0000000087600000, 0x0000000087700000|  0%| F|  |TAMS 0x0000000087600000, 0x0000000087600000| Untracked 
| 119|0x0000000087700000, 0x0000000087700000, 0x0000000087800000|  0%| F|  |TAMS 0x0000000087700000, 0x0000000087700000| Untracked 
| 120|0x0000000087800000, 0x0000000087800000, 0x0000000087900000|  0%| F|  |TAMS 0x0000000087800000, 0x0000000087800000| Untracked 
| 121|0x0000000087900000, 0x0000000087900000, 0x0000000087a00000|  0%| F|  |TAMS 0x0000000087900000, 0x0000000087900000| Untracked 
| 122|0x0000000087a00000, 0x0000000087a00000, 0x0000000087b00000|  0%| F|  |TAMS 0x0000000087a00000, 0x0000000087a00000| Untracked 
| 123|0x0000000087b00000, 0x0000000087b00000, 0x0000000087c00000|  0%| F|  |TAMS 0x0000000087b00000, 0x0000000087b00000| Untracked 
| 124|0x0000000087c00000, 0x0000000087c00000, 0x0000000087d00000|  0%| F|  |TAMS 0x0000000087c00000, 0x0000000087c00000| Untracked 
| 125|0x0000000087d00000, 0x0000000087d00000, 0x0000000087e00000|  0%| F|  |TAMS 0x0000000087d00000, 0x0000000087d00000| Untracked 
| 126|0x0000000087e00000, 0x0000000087e00000, 0x0000000087f00000|  0%| F|  |TAMS 0x0000000087e00000, 0x0000000087e00000| Untracked 
| 127|0x0000000087f00000, 0x0000000087f00000, 0x0000000088000000|  0%| F|  |TAMS 0x0000000087f00000, 0x0000000087f00000| Untracked 
| 128|0x0000000088000000, 0x0000000088000000, 0x0000000088100000|  0%| F|  |TAMS 0x0000000088000000, 0x0000000088000000| Untracked 
| 129|0x0000000088100000, 0x0000000088100000, 0x0000000088200000|  0%| F|  |TAMS 0x0000000088100000, 0x0000000088100000| Untracked 
| 130|0x0000000088200000, 0x0000000088200000, 0x0000000088300000|  0%| F|  |TAMS 0x0000000088200000, 0x0000000088200000| Untracked 
| 131|0x0000000088300000, 0x0000000088300000, 0x0000000088400000|  0%| F|  |TAMS 0x0000000088300000, 0x0000000088300000| Untracked 
| 132|0x0000000088400000, 0x0000000088400000, 0x0000000088500000|  0%| F|  |TAMS 0x0000000088400000, 0x0000000088400000| Untracked 
| 133|0x0000000088500000, 0x00000000885e06d0, 0x0000000088600000| 87%| S|CS|TAMS 0x0000000088500000, 0x0000000088500000| Complete 
| 134|0x0000000088600000, 0x0000000088700000, 0x0000000088700000|100%| S|CS|TAMS 0x0000000088600000, 0x0000000088600000| Complete 
| 135|0x0000000088700000, 0x0000000088800000, 0x0000000088800000|100%| S|CS|TAMS 0x0000000088700000, 0x0000000088700000| Complete 
| 136|0x0000000088800000, 0x0000000088900000, 0x0000000088900000|100%| S|CS|TAMS 0x0000000088800000, 0x0000000088800000| Complete 
| 137|0x0000000088900000, 0x0000000088a00000, 0x0000000088a00000|100%| S|CS|TAMS 0x0000000088900000, 0x0000000088900000| Complete 
| 138|0x0000000088a00000, 0x0000000088b00000, 0x0000000088b00000|100%| S|CS|TAMS 0x0000000088a00000, 0x0000000088a00000| Complete 
| 139|0x0000000088b00000, 0x0000000088c00000, 0x0000000088c00000|100%| S|CS|TAMS 0x0000000088b00000, 0x0000000088b00000| Complete 
| 140|0x0000000088c00000, 0x0000000088d00000, 0x0000000088d00000|100%| S|CS|TAMS 0x0000000088c00000, 0x0000000088c00000| Complete 
| 141|0x0000000088d00000, 0x0000000088d00000, 0x0000000088e00000|  0%| F|  |TAMS 0x0000000088d00000, 0x0000000088d00000| Untracked 
| 142|0x0000000088e00000, 0x0000000088e00000, 0x0000000088f00000|  0%| F|  |TAMS 0x0000000088e00000, 0x0000000088e00000| Untracked 
| 143|0x0000000088f00000, 0x0000000088f00000, 0x0000000089000000|  0%| F|  |TAMS 0x0000000088f00000, 0x0000000088f00000| Untracked 
| 144|0x0000000089000000, 0x0000000089000000, 0x0000000089100000|  0%| F|  |TAMS 0x0000000089000000, 0x0000000089000000| Untracked 
| 145|0x0000000089100000, 0x0000000089100000, 0x0000000089200000|  0%| F|  |TAMS 0x0000000089100000, 0x0000000089100000| Untracked 
| 146|0x0000000089200000, 0x0000000089200000, 0x0000000089300000|  0%| F|  |TAMS 0x0000000089200000, 0x0000000089200000| Untracked 
| 147|0x0000000089300000, 0x0000000089300000, 0x0000000089400000|  0%| F|  |TAMS 0x0000000089300000, 0x0000000089300000| Untracked 
| 148|0x0000000089400000, 0x0000000089400000, 0x0000000089500000|  0%| F|  |TAMS 0x0000000089400000, 0x0000000089400000| Untracked 
| 149|0x0000000089500000, 0x0000000089600000, 0x0000000089600000|100%| S|CS|TAMS 0x0000000089500000, 0x0000000089500000| Complete 
| 150|0x0000000089600000, 0x0000000089700000, 0x0000000089700000|100%| S|CS|TAMS 0x0000000089600000, 0x0000000089600000| Complete 
| 151|0x0000000089700000, 0x0000000089800000, 0x0000000089800000|100%| S|CS|TAMS 0x0000000089700000, 0x0000000089700000| Complete 
| 152|0x0000000089800000, 0x0000000089800000, 0x0000000089900000|  0%| F|  |TAMS 0x0000000089800000, 0x0000000089800000| Untracked 
| 153|0x0000000089900000, 0x0000000089900000, 0x0000000089a00000|  0%| F|  |TAMS 0x0000000089900000, 0x0000000089900000| Untracked 
| 154|0x0000000089a00000, 0x0000000089a00000, 0x0000000089b00000|  0%| F|  |TAMS 0x0000000089a00000, 0x0000000089a00000| Untracked 
| 155|0x0000000089b00000, 0x0000000089c00000, 0x0000000089c00000|100%| S|CS|TAMS 0x0000000089b00000, 0x0000000089b00000| Complete 
| 156|0x0000000089c00000, 0x0000000089d00000, 0x0000000089d00000|100%| S|CS|TAMS 0x0000000089c00000, 0x0000000089c00000| Complete 
| 157|0x0000000089d00000, 0x0000000089d00000, 0x0000000089e00000|  0%| F|  |TAMS 0x0000000089d00000, 0x0000000089d00000| Untracked 
| 158|0x0000000089e00000, 0x0000000089e00000, 0x0000000089f00000|  0%| F|  |TAMS 0x0000000089e00000, 0x0000000089e00000| Untracked 
| 159|0x0000000089f00000, 0x0000000089f00000, 0x000000008a000000|  0%| F|  |TAMS 0x0000000089f00000, 0x0000000089f00000| Untracked 
| 160|0x000000008a000000, 0x000000008a000000, 0x000000008a100000|  0%| F|  |TAMS 0x000000008a000000, 0x000000008a000000| Untracked 
| 161|0x000000008a100000, 0x000000008a100000, 0x000000008a200000|  0%| F|  |TAMS 0x000000008a100000, 0x000000008a100000| Untracked 
| 162|0x000000008a200000, 0x000000008a200000, 0x000000008a300000|  0%| F|  |TAMS 0x000000008a200000, 0x000000008a200000| Untracked 
| 163|0x000000008a300000, 0x000000008a300000, 0x000000008a400000|  0%| F|  |TAMS 0x000000008a300000, 0x000000008a300000| Untracked 
| 164|0x000000008a400000, 0x000000008a400000, 0x000000008a500000|  0%| F|  |TAMS 0x000000008a400000, 0x000000008a400000| Untracked 
| 165|0x000000008a500000, 0x000000008a500000, 0x000000008a600000|  0%| F|  |TAMS 0x000000008a500000, 0x000000008a500000| Untracked 
| 166|0x000000008a600000, 0x000000008a600000, 0x000000008a700000|  0%| F|  |TAMS 0x000000008a600000, 0x000000008a600000| Untracked 
| 167|0x000000008a700000, 0x000000008a700000, 0x000000008a800000|  0%| F|  |TAMS 0x000000008a700000, 0x000000008a700000| Untracked 
| 168|0x000000008a800000, 0x000000008a800000, 0x000000008a900000|  0%| F|  |TAMS 0x000000008a800000, 0x000000008a800000| Untracked 
| 169|0x000000008a900000, 0x000000008a900000, 0x000000008aa00000|  0%| F|  |TAMS 0x000000008a900000, 0x000000008a900000| Untracked 
| 170|0x000000008aa00000, 0x000000008aa00000, 0x000000008ab00000|  0%| F|  |TAMS 0x000000008aa00000, 0x000000008aa00000| Untracked 
| 171|0x000000008ab00000, 0x000000008ab00000, 0x000000008ac00000|  0%| F|  |TAMS 0x000000008ab00000, 0x000000008ab00000| Untracked 
| 172|0x000000008ac00000, 0x000000008ac00000, 0x000000008ad00000|  0%| F|  |TAMS 0x000000008ac00000, 0x000000008ac00000| Untracked 
| 173|0x000000008ad00000, 0x000000008ad00000, 0x000000008ae00000|  0%| F|  |TAMS 0x000000008ad00000, 0x000000008ad00000| Untracked 
| 174|0x000000008ae00000, 0x000000008ae00000, 0x000000008af00000|  0%| F|  |TAMS 0x000000008ae00000, 0x000000008ae00000| Untracked 
| 175|0x000000008af00000, 0x000000008af00000, 0x000000008b000000|  0%| F|  |TAMS 0x000000008af00000, 0x000000008af00000| Untracked 
| 176|0x000000008b000000, 0x000000008b000000, 0x000000008b100000|  0%| F|  |TAMS 0x000000008b000000, 0x000000008b000000| Untracked 
| 177|0x000000008b100000, 0x000000008b100000, 0x000000008b200000|  0%| F|  |TAMS 0x000000008b100000, 0x000000008b100000| Untracked 
| 178|0x000000008b200000, 0x000000008b200000, 0x000000008b300000|  0%| F|  |TAMS 0x000000008b200000, 0x000000008b200000| Untracked 
| 179|0x000000008b300000, 0x000000008b300000, 0x000000008b400000|  0%| F|  |TAMS 0x000000008b300000, 0x000000008b300000| Untracked 
| 180|0x000000008b400000, 0x000000008b400000, 0x000000008b500000|  0%| F|  |TAMS 0x000000008b400000, 0x000000008b400000| Untracked 
| 181|0x000000008b500000, 0x000000008b500000, 0x000000008b600000|  0%| F|  |TAMS 0x000000008b500000, 0x000000008b500000| Untracked 
| 182|0x000000008b600000, 0x000000008b600000, 0x000000008b700000|  0%| F|  |TAMS 0x000000008b600000, 0x000000008b600000| Untracked 
| 183|0x000000008b700000, 0x000000008b700000, 0x000000008b800000|  0%| F|  |TAMS 0x000000008b700000, 0x000000008b700000| Untracked 
| 184|0x000000008b800000, 0x000000008b800000, 0x000000008b900000|  0%| F|  |TAMS 0x000000008b800000, 0x000000008b800000| Untracked 
| 185|0x000000008b900000, 0x000000008b900000, 0x000000008ba00000|  0%| F|  |TAMS 0x000000008b900000, 0x000000008b900000| Untracked 
| 186|0x000000008ba00000, 0x000000008ba00000, 0x000000008bb00000|  0%| F|  |TAMS 0x000000008ba00000, 0x000000008ba00000| Untracked 
| 187|0x000000008bb00000, 0x000000008bb00000, 0x000000008bc00000|  0%| F|  |TAMS 0x000000008bb00000, 0x000000008bb00000| Untracked 
| 188|0x000000008bc00000, 0x000000008bc00000, 0x000000008bd00000|  0%| F|  |TAMS 0x000000008bc00000, 0x000000008bc00000| Untracked 
| 189|0x000000008bd00000, 0x000000008bd00000, 0x000000008be00000|  0%| F|  |TAMS 0x000000008bd00000, 0x000000008bd00000| Untracked 
| 190|0x000000008be00000, 0x000000008be00000, 0x000000008bf00000|  0%| F|  |TAMS 0x000000008be00000, 0x000000008be00000| Untracked 
| 191|0x000000008bf00000, 0x000000008bf00000, 0x000000008c000000|  0%| F|  |TAMS 0x000000008bf00000, 0x000000008bf00000| Untracked 
| 192|0x000000008c000000, 0x000000008c000000, 0x000000008c100000|  0%| F|  |TAMS 0x000000008c000000, 0x000000008c000000| Untracked 
| 193|0x000000008c100000, 0x000000008c100000, 0x000000008c200000|  0%| F|  |TAMS 0x000000008c100000, 0x000000008c100000| Untracked 
| 194|0x000000008c200000, 0x000000008c200000, 0x000000008c300000|  0%| F|  |TAMS 0x000000008c200000, 0x000000008c200000| Untracked 
| 195|0x000000008c300000, 0x000000008c300000, 0x000000008c400000|  0%| F|  |TAMS 0x000000008c300000, 0x000000008c300000| Untracked 
| 196|0x000000008c400000, 0x000000008c400000, 0x000000008c500000|  0%| F|  |TAMS 0x000000008c400000, 0x000000008c400000| Untracked 
| 197|0x000000008c500000, 0x000000008c500000, 0x000000008c600000|  0%| F|  |TAMS 0x000000008c500000, 0x000000008c500000| Untracked 
| 198|0x000000008c600000, 0x000000008c600000, 0x000000008c700000|  0%| F|  |TAMS 0x000000008c600000, 0x000000008c600000| Untracked 
| 199|0x000000008c700000, 0x000000008c700000, 0x000000008c800000|  0%| F|  |TAMS 0x000000008c700000, 0x000000008c700000| Untracked 
| 200|0x000000008c800000, 0x000000008c800000, 0x000000008c900000|  0%| F|  |TAMS 0x000000008c800000, 0x000000008c800000| Untracked 
| 201|0x000000008c900000, 0x000000008c900000, 0x000000008ca00000|  0%| F|  |TAMS 0x000000008c900000, 0x000000008c900000| Untracked 
| 202|0x000000008ca00000, 0x000000008ca00000, 0x000000008cb00000|  0%| F|  |TAMS 0x000000008ca00000, 0x000000008ca00000| Untracked 
| 203|0x000000008cb00000, 0x000000008cb00000, 0x000000008cc00000|  0%| F|  |TAMS 0x000000008cb00000, 0x000000008cb00000| Untracked 
| 204|0x000000008cc00000, 0x000000008cc00000, 0x000000008cd00000|  0%| F|  |TAMS 0x000000008cc00000, 0x000000008cc00000| Untracked 
| 205|0x000000008cd00000, 0x000000008cd00000, 0x000000008ce00000|  0%| F|  |TAMS 0x000000008cd00000, 0x000000008cd00000| Untracked 
| 206|0x000000008ce00000, 0x000000008ce00000, 0x000000008cf00000|  0%| F|  |TAMS 0x000000008ce00000, 0x000000008ce00000| Untracked 
| 207|0x000000008cf00000, 0x000000008cf00000, 0x000000008d000000|  0%| F|  |TAMS 0x000000008cf00000, 0x000000008cf00000| Untracked 
| 208|0x000000008d000000, 0x000000008d000000, 0x000000008d100000|  0%| F|  |TAMS 0x000000008d000000, 0x000000008d000000| Untracked 
| 209|0x000000008d100000, 0x000000008d100000, 0x000000008d200000|  0%| F|  |TAMS 0x000000008d100000, 0x000000008d100000| Untracked 
| 210|0x000000008d200000, 0x000000008d200000, 0x000000008d300000|  0%| F|  |TAMS 0x000000008d200000, 0x000000008d200000| Untracked 
| 211|0x000000008d300000, 0x000000008d300000, 0x000000008d400000|  0%| F|  |TAMS 0x000000008d300000, 0x000000008d300000| Untracked 
| 212|0x000000008d400000, 0x000000008d400000, 0x000000008d500000|  0%| F|  |TAMS 0x000000008d400000, 0x000000008d400000| Untracked 
| 213|0x000000008d500000, 0x000000008d500000, 0x000000008d600000|  0%| F|  |TAMS 0x000000008d500000, 0x000000008d500000| Untracked 
| 214|0x000000008d600000, 0x000000008d600000, 0x000000008d700000|  0%| F|  |TAMS 0x000000008d600000, 0x000000008d600000| Untracked 
| 215|0x000000008d700000, 0x000000008d700000, 0x000000008d800000|  0%| F|  |TAMS 0x000000008d700000, 0x000000008d700000| Untracked 
| 216|0x000000008d800000, 0x000000008d800000, 0x000000008d900000|  0%| F|  |TAMS 0x000000008d800000, 0x000000008d800000| Untracked 
| 217|0x000000008d900000, 0x000000008d900000, 0x000000008da00000|  0%| F|  |TAMS 0x000000008d900000, 0x000000008d900000| Untracked 
| 218|0x000000008da00000, 0x000000008da00000, 0x000000008db00000|  0%| F|  |TAMS 0x000000008da00000, 0x000000008da00000| Untracked 
| 219|0x000000008db00000, 0x000000008db00000, 0x000000008dc00000|  0%| F|  |TAMS 0x000000008db00000, 0x000000008db00000| Untracked 
| 220|0x000000008dc00000, 0x000000008dc00000, 0x000000008dd00000|  0%| F|  |TAMS 0x000000008dc00000, 0x000000008dc00000| Untracked 
| 221|0x000000008dd00000, 0x000000008dd00000, 0x000000008de00000|  0%| F|  |TAMS 0x000000008dd00000, 0x000000008dd00000| Untracked 
| 222|0x000000008de00000, 0x000000008de00000, 0x000000008df00000|  0%| F|  |TAMS 0x000000008de00000, 0x000000008de00000| Untracked 
| 223|0x000000008df00000, 0x000000008df00000, 0x000000008e000000|  0%| F|  |TAMS 0x000000008df00000, 0x000000008df00000| Untracked 
| 224|0x000000008e000000, 0x000000008e000000, 0x000000008e100000|  0%| F|  |TAMS 0x000000008e000000, 0x000000008e000000| Untracked 
| 225|0x000000008e100000, 0x000000008e100000, 0x000000008e200000|  0%| F|  |TAMS 0x000000008e100000, 0x000000008e100000| Untracked 
| 226|0x000000008e200000, 0x000000008e200000, 0x000000008e300000|  0%| F|  |TAMS 0x000000008e200000, 0x000000008e200000| Untracked 
| 227|0x000000008e300000, 0x000000008e300000, 0x000000008e400000|  0%| F|  |TAMS 0x000000008e300000, 0x000000008e300000| Untracked 
| 228|0x000000008e400000, 0x000000008e400000, 0x000000008e500000|  0%| F|  |TAMS 0x000000008e400000, 0x000000008e400000| Untracked 
| 229|0x000000008e500000, 0x000000008e500000, 0x000000008e600000|  0%| F|  |TAMS 0x000000008e500000, 0x000000008e500000| Untracked 
| 230|0x000000008e600000, 0x000000008e600000, 0x000000008e700000|  0%| F|  |TAMS 0x000000008e600000, 0x000000008e600000| Untracked 
| 231|0x000000008e700000, 0x000000008e700000, 0x000000008e800000|  0%| F|  |TAMS 0x000000008e700000, 0x000000008e700000| Untracked 
| 232|0x000000008e800000, 0x000000008e800000, 0x000000008e900000|  0%| F|  |TAMS 0x000000008e800000, 0x000000008e800000| Untracked 
| 233|0x000000008e900000, 0x000000008e900000, 0x000000008ea00000|  0%| F|  |TAMS 0x000000008e900000, 0x000000008e900000| Untracked 
| 234|0x000000008ea00000, 0x000000008ea00000, 0x000000008eb00000|  0%| F|  |TAMS 0x000000008ea00000, 0x000000008ea00000| Untracked 
| 235|0x000000008eb00000, 0x000000008eb00000, 0x000000008ec00000|  0%| F|  |TAMS 0x000000008eb00000, 0x000000008eb00000| Untracked 
| 236|0x000000008ec00000, 0x000000008ec00000, 0x000000008ed00000|  0%| F|  |TAMS 0x000000008ec00000, 0x000000008ec00000| Untracked 
| 237|0x000000008ed00000, 0x000000008ed00000, 0x000000008ee00000|  0%| F|  |TAMS 0x000000008ed00000, 0x000000008ed00000| Untracked 
| 238|0x000000008ee00000, 0x000000008ee00000, 0x000000008ef00000|  0%| F|  |TAMS 0x000000008ee00000, 0x000000008ee00000| Untracked 
| 239|0x000000008ef00000, 0x000000008ef00000, 0x000000008f000000|  0%| F|  |TAMS 0x000000008ef00000, 0x000000008ef00000| Untracked 
| 240|0x000000008f000000, 0x000000008f000000, 0x000000008f100000|  0%| F|  |TAMS 0x000000008f000000, 0x000000008f000000| Untracked 
| 241|0x000000008f100000, 0x000000008f100000, 0x000000008f200000|  0%| F|  |TAMS 0x000000008f100000, 0x000000008f100000| Untracked 
| 242|0x000000008f200000, 0x000000008f200000, 0x000000008f300000|  0%| F|  |TAMS 0x000000008f200000, 0x000000008f200000| Untracked 
| 243|0x000000008f300000, 0x000000008f300000, 0x000000008f400000|  0%| F|  |TAMS 0x000000008f300000, 0x000000008f300000| Untracked 
| 244|0x000000008f400000, 0x000000008f400000, 0x000000008f500000|  0%| F|  |TAMS 0x000000008f400000, 0x000000008f400000| Untracked 
| 245|0x000000008f500000, 0x000000008f500000, 0x000000008f600000|  0%| F|  |TAMS 0x000000008f500000, 0x000000008f500000| Untracked 
| 246|0x000000008f600000, 0x000000008f600000, 0x000000008f700000|  0%| F|  |TAMS 0x000000008f600000, 0x000000008f600000| Untracked 
| 247|0x000000008f700000, 0x000000008f700000, 0x000000008f800000|  0%| F|  |TAMS 0x000000008f700000, 0x000000008f700000| Untracked 
| 248|0x000000008f800000, 0x000000008f800000, 0x000000008f900000|  0%| F|  |TAMS 0x000000008f800000, 0x000000008f800000| Untracked 
| 249|0x000000008f900000, 0x000000008f900000, 0x000000008fa00000|  0%| F|  |TAMS 0x000000008f900000, 0x000000008f900000| Untracked 
| 250|0x000000008fa00000, 0x000000008fa00000, 0x000000008fb00000|  0%| F|  |TAMS 0x000000008fa00000, 0x000000008fa00000| Untracked 
| 251|0x000000008fb00000, 0x000000008fb00000, 0x000000008fc00000|  0%| F|  |TAMS 0x000000008fb00000, 0x000000008fb00000| Untracked 
| 252|0x000000008fc00000, 0x000000008fc00000, 0x000000008fd00000|  0%| F|  |TAMS 0x000000008fc00000, 0x000000008fc00000| Untracked 
| 253|0x000000008fd00000, 0x000000008fd00000, 0x000000008fe00000|  0%| F|  |TAMS 0x000000008fd00000, 0x000000008fd00000| Untracked 
| 254|0x000000008fe00000, 0x000000008fe00000, 0x000000008ff00000|  0%| F|  |TAMS 0x000000008fe00000, 0x000000008fe00000| Untracked 
| 255|0x000000008ff00000, 0x000000008ff00000, 0x0000000090000000|  0%| F|  |TAMS 0x000000008ff00000, 0x000000008ff00000| Untracked 
| 256|0x0000000090000000, 0x0000000090000000, 0x0000000090100000|  0%| F|  |TAMS 0x0000000090000000, 0x0000000090000000| Untracked 
| 257|0x0000000090100000, 0x0000000090100000, 0x0000000090200000|  0%| F|  |TAMS 0x0000000090100000, 0x0000000090100000| Untracked 
| 258|0x0000000090200000, 0x0000000090200000, 0x0000000090300000|  0%| F|  |TAMS 0x0000000090200000, 0x0000000090200000| Untracked 
| 259|0x0000000090300000, 0x0000000090300000, 0x0000000090400000|  0%| F|  |TAMS 0x0000000090300000, 0x0000000090300000| Untracked 
| 260|0x0000000090400000, 0x0000000090400000, 0x0000000090500000|  0%| F|  |TAMS 0x0000000090400000, 0x0000000090400000| Untracked 
| 261|0x0000000090500000, 0x0000000090500000, 0x0000000090600000|  0%| F|  |TAMS 0x0000000090500000, 0x0000000090500000| Untracked 
| 262|0x0000000090600000, 0x0000000090600000, 0x0000000090700000|  0%| F|  |TAMS 0x0000000090600000, 0x0000000090600000| Untracked 
| 263|0x0000000090700000, 0x0000000090700000, 0x0000000090800000|  0%| F|  |TAMS 0x0000000090700000, 0x0000000090700000| Untracked 
| 264|0x0000000090800000, 0x0000000090800000, 0x0000000090900000|  0%| F|  |TAMS 0x0000000090800000, 0x0000000090800000| Untracked 
| 265|0x0000000090900000, 0x0000000090900000, 0x0000000090a00000|  0%| F|  |TAMS 0x0000000090900000, 0x0000000090900000| Untracked 
| 266|0x0000000090a00000, 0x0000000090a00000, 0x0000000090b00000|  0%| F|  |TAMS 0x0000000090a00000, 0x0000000090a00000| Untracked 
| 267|0x0000000090b00000, 0x0000000090b00000, 0x0000000090c00000|  0%| F|  |TAMS 0x0000000090b00000, 0x0000000090b00000| Untracked 
| 268|0x0000000090c00000, 0x0000000090c00000, 0x0000000090d00000|  0%| F|  |TAMS 0x0000000090c00000, 0x0000000090c00000| Untracked 
| 269|0x0000000090d00000, 0x0000000090d00000, 0x0000000090e00000|  0%| F|  |TAMS 0x0000000090d00000, 0x0000000090d00000| Untracked 
| 270|0x0000000090e00000, 0x0000000090e00000, 0x0000000090f00000|  0%| F|  |TAMS 0x0000000090e00000, 0x0000000090e00000| Untracked 
| 271|0x0000000090f00000, 0x0000000090f00000, 0x0000000091000000|  0%| F|  |TAMS 0x0000000090f00000, 0x0000000090f00000| Untracked 
| 272|0x0000000091000000, 0x0000000091000000, 0x0000000091100000|  0%| F|  |TAMS 0x0000000091000000, 0x0000000091000000| Untracked 
| 273|0x0000000091100000, 0x0000000091100000, 0x0000000091200000|  0%| F|  |TAMS 0x0000000091100000, 0x0000000091100000| Untracked 
| 274|0x0000000091200000, 0x0000000091200000, 0x0000000091300000|  0%| F|  |TAMS 0x0000000091200000, 0x0000000091200000| Untracked 
| 275|0x0000000091300000, 0x0000000091300000, 0x0000000091400000|  0%| F|  |TAMS 0x0000000091300000, 0x0000000091300000| Untracked 
| 276|0x0000000091400000, 0x0000000091400000, 0x0000000091500000|  0%| F|  |TAMS 0x0000000091400000, 0x0000000091400000| Untracked 
| 277|0x0000000091500000, 0x0000000091500000, 0x0000000091600000|  0%| F|  |TAMS 0x0000000091500000, 0x0000000091500000| Untracked 
| 278|0x0000000091600000, 0x0000000091600000, 0x0000000091700000|  0%| F|  |TAMS 0x0000000091600000, 0x0000000091600000| Untracked 
| 279|0x0000000091700000, 0x0000000091700000, 0x0000000091800000|  0%| F|  |TAMS 0x0000000091700000, 0x0000000091700000| Untracked 
| 280|0x0000000091800000, 0x0000000091800000, 0x0000000091900000|  0%| F|  |TAMS 0x0000000091800000, 0x0000000091800000| Untracked 
| 281|0x0000000091900000, 0x0000000091962250, 0x0000000091a00000| 38%| E|  |TAMS 0x0000000091900000, 0x0000000091900000| Complete 
| 282|0x0000000091a00000, 0x0000000091b00000, 0x0000000091b00000|100%| E|CS|TAMS 0x0000000091a00000, 0x0000000091a00000| Complete 
| 283|0x0000000091b00000, 0x0000000091c00000, 0x0000000091c00000|100%| E|CS|TAMS 0x0000000091b00000, 0x0000000091b00000| Complete 
| 284|0x0000000091c00000, 0x0000000091d00000, 0x0000000091d00000|100%| E|CS|TAMS 0x0000000091c00000, 0x0000000091c00000| Complete 
| 285|0x0000000091d00000, 0x0000000091e00000, 0x0000000091e00000|100%| E|CS|TAMS 0x0000000091d00000, 0x0000000091d00000| Complete 
| 286|0x0000000091e00000, 0x0000000091f00000, 0x0000000091f00000|100%| E|  |TAMS 0x0000000091e00000, 0x0000000091e00000| Complete 
| 287|0x0000000091f00000, 0x0000000092000000, 0x0000000092000000|100%| E|CS|TAMS 0x0000000091f00000, 0x0000000091f00000| Complete 
| 288|0x0000000092000000, 0x0000000092100000, 0x0000000092100000|100%| E|CS|TAMS 0x0000000092000000, 0x0000000092000000| Complete 
| 289|0x0000000092100000, 0x0000000092200000, 0x0000000092200000|100%| E|CS|TAMS 0x0000000092100000, 0x0000000092100000| Complete 
| 290|0x0000000092200000, 0x0000000092300000, 0x0000000092300000|100%| E|CS|TAMS 0x0000000092200000, 0x0000000092200000| Complete 
| 291|0x0000000092300000, 0x0000000092400000, 0x0000000092400000|100%| E|CS|TAMS 0x0000000092300000, 0x0000000092300000| Complete 
| 292|0x0000000092400000, 0x0000000092500000, 0x0000000092500000|100%| E|CS|TAMS 0x0000000092400000, 0x0000000092400000| Complete 
| 293|0x0000000092500000, 0x0000000092600000, 0x0000000092600000|100%| E|CS|TAMS 0x0000000092500000, 0x0000000092500000| Complete 
| 294|0x0000000092600000, 0x0000000092700000, 0x0000000092700000|100%| E|CS|TAMS 0x0000000092600000, 0x0000000092600000| Complete 
| 295|0x0000000092700000, 0x0000000092800000, 0x0000000092800000|100%| E|CS|TAMS 0x0000000092700000, 0x0000000092700000| Complete 
| 296|0x0000000092800000, 0x0000000092900000, 0x0000000092900000|100%| E|CS|TAMS 0x0000000092800000, 0x0000000092800000| Complete 
| 297|0x0000000092900000, 0x0000000092a00000, 0x0000000092a00000|100%| E|CS|TAMS 0x0000000092900000, 0x0000000092900000| Complete 
| 298|0x0000000092a00000, 0x0000000092b00000, 0x0000000092b00000|100%| E|CS|TAMS 0x0000000092a00000, 0x0000000092a00000| Complete 
| 299|0x0000000092b00000, 0x0000000092c00000, 0x0000000092c00000|100%| E|CS|TAMS 0x0000000092b00000, 0x0000000092b00000| Complete 
| 300|0x0000000092c00000, 0x0000000092d00000, 0x0000000092d00000|100%| E|CS|TAMS 0x0000000092c00000, 0x0000000092c00000| Complete 
| 301|0x0000000092d00000, 0x0000000092e00000, 0x0000000092e00000|100%| E|CS|TAMS 0x0000000092d00000, 0x0000000092d00000| Complete 
| 302|0x0000000092e00000, 0x0000000092f00000, 0x0000000092f00000|100%| E|CS|TAMS 0x0000000092e00000, 0x0000000092e00000| Complete 

Card table byte_map: [0x00000147199c0000,0x0000014719dc0000] _byte_map_base: 0x00000147195c0000

Marking Bits (Prev, Next): (CMBitMap*) 0x0000014702c9c670, (CMBitMap*) 0x0000014702c9c638
 Prev Bits: [0x000001471c1c0000, 0x000001471e1c0000)
 Next Bits: [0x000001471a1c0000, 0x000001471c1c0000)

Polling page: 0x0000014700be0000

Metaspace:

Usage:
  Non-class:     83.15 MB capacity,    81.53 MB ( 98%) used,     1.32 MB (  2%) free+waste,   311.13 KB ( <1%) overhead. 
      Class:     13.05 MB capacity,    12.01 MB ( 92%) used,   921.70 KB (  7%) free+waste,   142.63 KB (  1%) overhead. 
       Both:     96.21 MB capacity,    93.55 MB ( 97%) used,     2.22 MB (  2%) free+waste,   453.75 KB ( <1%) overhead. 

Virtual space:
  Non-class space:       84.00 MB reserved,      83.25 MB (>99%) committed 
      Class space:        1.00 GB reserved,      13.07 MB (  1%) committed 
             Both:        1.08 GB reserved,      96.32 MB (  9%) committed 

Chunk freelists:
   Non-Class:  4.25 KB
       Class:  0 bytes
        Both:  4.25 KB

CodeHeap 'non-profiled nmethods': size=120000Kb used=8529Kb max_used=8529Kb free=111470Kb
 bounds [0x0000014711d60000, 0x00000147125c0000, 0x0000014719290000]
CodeHeap 'profiled nmethods': size=120000Kb used=28507Kb max_used=28507Kb free=91492Kb
 bounds [0x000001470a830000, 0x000001470c410000, 0x0000014711d60000]
CodeHeap 'non-nmethods': size=5760Kb used=2309Kb max_used=2370Kb free=3450Kb
 bounds [0x000001470a290000, 0x000001470a500000, 0x000001470a830000]
 total_blobs=14082 nmethods=13174 adapters=818
 compilation: enabled
              stopped_count=0, restarted_count=0
 full_count=0

Compilation events (10 events):
Event: 21.579 Thread 0x0000014721489000 13183       3       com.google.common.collect.ArrayListMultimap::<init> (8 bytes)
Event: 21.579 Thread 0x0000014721489000 nmethod 13183 0x000001470c3edb10 code [0x000001470c3edd60, 0x000001470c3ee618]
Event: 21.579 Thread 0x0000014721489000 13184       3       com.google.common.collect.ArrayListMultimap::<init> (21 bytes)
Event: 21.579 Thread 0x0000014728cca800 nmethod 13086 0x00000147125ac310 code [0x00000147125ac4a0, 0x00000147125ac798]
Event: 21.579 Thread 0x0000014728cca800 13181   !   4       org.gradle.internal.serialize.kryo.StringDeduplicatingKryoBackedDecoder::readSmallInt (16 bytes)
Event: 21.579 Thread 0x0000014721489000 nmethod 13184 0x000001470c3ee910 code [0x000001470c3eeb60, 0x000001470c3ef3b8]
Event: 21.579 Thread 0x0000014721489000 13185       3       com.google.common.collect.ArrayListMultimapGwtSerializationDependencies::<init> (6 bytes)
Event: 21.579 Thread 0x0000014721489000 nmethod 13185 0x000001470c3ef690 code [0x000001470c3ef880, 0x000001470c3efd78]
Event: 21.579 Thread 0x0000014721489000 13186       3       org.gradle.api.internal.artifacts.result.DefaultResolvedComponentResult::<init> (67 bytes)
Event: 21.580 Thread 0x0000014721489000 nmethod 13186 0x000001470c3eff90 code [0x000001470c3f02a0, 0x000001470c3f13f8]

GC Heap History (10 events):
Event: 7.514 GC heap before
{Heap before GC invocations=13 (full 0):
 garbage-first heap   total 258048K, used 188888K [0x0000000080000000, 0x0000000100000000)
  region size 1024K, 129 young (132096K), 15 survivors (15360K)
 Metaspace       used 86094K, capacity 88324K, committed 88652K, reserved 1126400K
  class space    used 11361K, capacity 12241K, committed 12364K, reserved 1048576K
}
Event: 7.528 GC heap after
{Heap after GC invocations=14 (full 0):
 garbage-first heap   total 258048K, used 87342K [0x0000000080000000, 0x0000000100000000)
  region size 1024K, 17 young (17408K), 17 survivors (17408K)
 Metaspace       used 86094K, capacity 88324K, committed 88652K, reserved 1126400K
  class space    used 11361K, capacity 12241K, committed 12364K, reserved 1048576K
}
Event: 8.203 GC heap before
{Heap before GC invocations=14 (full 0):
 garbage-first heap   total 258048K, used 192814K [0x0000000080000000, 0x0000000100000000)
  region size 1024K, 120 young (122880K), 17 survivors (17408K)
 Metaspace       used 89651K, capacity 92250K, committed 92492K, reserved 1128448K
  class space    used 11819K, capacity 12811K, committed 12876K, reserved 1048576K
}
Event: 8.219 GC heap after
{Heap after GC invocations=15 (full 0):
 garbage-first heap   total 258048K, used 96304K [0x0000000080000000, 0x0000000100000000)
  region size 1024K, 8 young (8192K), 8 survivors (8192K)
 Metaspace       used 89651K, capacity 92250K, committed 92492K, reserved 1128448K
  class space    used 11819K, capacity 12811K, committed 12876K, reserved 1048576K
}
Event: 8.652 GC heap before
{Heap before GC invocations=15 (full 0):
 garbage-first heap   total 258048K, used 198704K [0x0000000080000000, 0x0000000100000000)
  region size 1024K, 108 young (110592K), 8 survivors (8192K)
 Metaspace       used 90568K, capacity 93347K, committed 93644K, reserved 1130496K
  class space    used 11883K, capacity 12920K, committed 13004K, reserved 1048576K
}
Event: 8.659 GC heap after
{Heap after GC invocations=16 (full 0):
 garbage-first heap   total 258048K, used 102652K [0x0000000080000000, 0x0000000100000000)
  region size 1024K, 14 young (14336K), 14 survivors (14336K)
 Metaspace       used 90568K, capacity 93347K, committed 93644K, reserved 1130496K
  class space    used 11883K, capacity 12920K, committed 13004K, reserved 1048576K
}
Event: 8.971 GC heap before
{Heap before GC invocations=16 (full 0):
 garbage-first heap   total 258048K, used 200956K [0x0000000080000000, 0x0000000100000000)
  region size 1024K, 111 young (113664K), 14 survivors (14336K)
 Metaspace       used 90822K, capacity 93530K, committed 93644K, reserved 1130496K
  class space    used 11903K, capacity 12930K, committed 13004K, reserved 1048576K
}
Event: 8.986 GC heap after
{Heap after GC invocations=17 (full 0):
 garbage-first heap   total 258048K, used 108751K [0x0000000080000000, 0x0000000100000000)
  region size 1024K, 13 young (13312K), 13 survivors (13312K)
 Metaspace       used 90822K, capacity 93530K, committed 93644K, reserved 1130496K
  class space    used 11903K, capacity 12930K, committed 13004K, reserved 1048576K
}
Event: 21.419 GC heap before
{Heap before GC invocations=17 (full 0):
 garbage-first heap   total 258048K, used 205007K [0x0000000080000000, 0x0000000100000000)
  region size 1024K, 108 young (110592K), 13 survivors (13312K)
 Metaspace       used 95565K, capacity 98397K, committed 98636K, reserved 1134592K
  class space    used 12295K, capacity 13355K, committed 13388K, reserved 1048576K
}
Event: 21.429 GC heap after
{Heap after GC invocations=18 (full 0):
 garbage-first heap   total 310272K, used 115881K [0x0000000080000000, 0x0000000100000000)
  region size 1024K, 13 young (13312K), 13 survivors (13312K)
 Metaspace       used 95565K, capacity 98397K, committed 98636K, reserved 1134592K
  class space    used 12295K, capacity 13355K, committed 13388K, reserved 1048576K
}

Deoptimization events (10 events):
Event: 21.029 Thread 0x0000014723809800 Uncommon trap: reason=bimorphic_or_optimized_type_check action=maybe_recompile pc=0x000001471241f25c method=org.gradle.internal.operations.DefaultBuildOperationListenerManager$ProgressShieldingBuildOperationListener.finished(Lorg/gradle/internal/operation
Event: 21.034 Thread 0x0000014723809800 Uncommon trap: reason=bimorphic_or_optimized_type_check action=maybe_recompile pc=0x000001471241f25c method=org.gradle.internal.operations.DefaultBuildOperationListenerManager$ProgressShieldingBuildOperationListener.finished(Lorg/gradle/internal/operation
Event: 21.035 Thread 0x0000014723809800 Uncommon trap: reason=unstable_if action=reinterpret pc=0x00000147123bc2a8 method=jdk.internal.misc.Unsafe.convEndian(ZJ)J @ 4 c2
Event: 21.036 Thread 0x0000014723809800 Uncommon trap: reason=unstable_if action=reinterpret pc=0x00000147123f171c method=com.google.common.cache.LocalCache$Segment.drainReferenceQueues()V @ 21 c2
Event: 21.036 Thread 0x0000014723809800 Uncommon trap: reason=class_check action=maybe_recompile pc=0x000001471249ef9c method=com.google.common.cache.LocalCache$Segment.setValue(Lcom/google/common/cache/ReferenceEntry;Ljava/lang/Object;Ljava/lang/Object;J)V @ 51 c2
Event: 21.036 Thread 0x0000014723809800 Uncommon trap: reason=class_check action=maybe_recompile pc=0x000001471249ef9c method=com.google.common.cache.LocalCache$Segment.setValue(Lcom/google/common/cache/ReferenceEntry;Ljava/lang/Object;Ljava/lang/Object;J)V @ 51 c2
Event: 21.036 Thread 0x0000014723809800 Uncommon trap: reason=class_check action=maybe_recompile pc=0x000001471249ef9c method=com.google.common.cache.LocalCache$Segment.setValue(Lcom/google/common/cache/ReferenceEntry;Ljava/lang/Object;Ljava/lang/Object;J)V @ 51 c2
Event: 21.086 Thread 0x0000014723809800 Uncommon trap: reason=class_check action=maybe_recompile pc=0x000001471246c8b0 method=org.gradle.cache.internal.LockOnDemandCrossProcessCacheAccess.incrementLockCount()V @ 97 c2
Event: 21.253 Thread 0x0000014724e62800 Uncommon trap: reason=unstable_if action=reinterpret pc=0x00000147123f050c method=java.util.concurrent.ConcurrentLinkedQueue.updateHead(Ljava/util/concurrent/ConcurrentLinkedQueue$Node;Ljava/util/concurrent/ConcurrentLinkedQueue$Node;)V @ 14 c2
Event: 21.256 Thread 0x0000014723809800 Uncommon trap: reason=unstable_if action=reinterpret pc=0x0000014712414b50 method=org.gradle.internal.hash.HashCode$HashCode128.equals(Ljava/lang/Object;)Z @ 36 c2

Classes redefined (0 events):
No events

Internal exceptions (10 events):
Event: 11.372 Thread 0x00000147238a5800 Implicit null exception at 0x000001471218d777 to 0x000001471218ddb0
Event: 11.372 Thread 0x00000147238a5800 Implicit null exception at 0x00000147120fd374 to 0x00000147120fd9d8
Event: 21.007 Thread 0x0000014723809800 Implicit null exception at 0x00000147124996d6 to 0x00000147124999ec
Event: 21.285 Thread 0x0000014723809800 Exception <a 'sun/nio/fs/WindowsException'{0x000000008aa5ea50}> (0x000000008aa5ea50) thrown at [./open/src/hotspot/share/prims/jni.cpp, line 611]
Event: 21.403 Thread 0x0000014723809800 Exception <a 'sun/nio/fs/WindowsException'{0x0000000089e5fda0}> (0x0000000089e5fda0) thrown at [./open/src/hotspot/share/prims/jni.cpp, line 611]
Event: 21.408 Thread 0x0000014723809800 Exception <a 'sun/nio/fs/WindowsException'{0x0000000089efd0c0}> (0x0000000089efd0c0) thrown at [./open/src/hotspot/share/prims/jni.cpp, line 611]
Event: 21.408 Thread 0x0000014723809800 Exception <a 'sun/nio/fs/WindowsException'{0x0000000089efe438}> (0x0000000089efe438) thrown at [./open/src/hotspot/share/prims/jni.cpp, line 611]
Event: 21.408 Thread 0x0000014723809800 Exception <a 'sun/nio/fs/WindowsException'{0x0000000089eff800}> (0x0000000089eff800) thrown at [./open/src/hotspot/share/prims/jni.cpp, line 611]
Event: 21.408 Thread 0x0000014723809800 Exception <a 'sun/nio/fs/WindowsException'{0x0000000089d010a0}> (0x0000000089d010a0) thrown at [./open/src/hotspot/share/prims/jni.cpp, line 611]
Event: 21.476 Thread 0x0000014723809800 Exception <a 'sun/nio/fs/WindowsException'{0x0000000092abeb60}> (0x0000000092abeb60) thrown at [./open/src/hotspot/share/prims/jni.cpp, line 611]

Events (10 events):
Event: 21.556 Thread 0x0000014722b28000 DEOPT PACKING pc=0x000001470bef83b5 sp=0x000000340fafa880
Event: 21.556 Thread 0x0000014722b28000 DEOPT UNPACKING pc=0x000001470a2b7c0e sp=0x000000340faf9da0 mode 0
Event: 21.558 Executing VM operation: RevokeBias
Event: 21.558 Executing VM operation: RevokeBias done
Event: 21.559 Executing VM operation: RevokeBias
Event: 21.559 Executing VM operation: RevokeBias done
Event: 21.559 Executing VM operation: RevokeBias
Event: 21.559 Executing VM operation: RevokeBias done
Event: 21.560 Executing VM operation: RevokeBias
Event: 21.561 Executing VM operation: RevokeBias done


Dynamic libraries:
0x00007ff753030000 - 0x00007ff75303f000 	C:\Program Files\Java\jdk-11.0.13\bin\java.exe
0x00007ffef0330000 - 0x00007ffef0528000 	C:\Windows\SYSTEM32\ntdll.dll
0x00007ffeefdb0000 - 0x00007ffeefe6f000 	C:\Windows\System32\KERNEL32.DLL
0x00007ffeedc60000 - 0x00007ffeedf3a000 	C:\Windows\System32\KERNELBASE.dll
0x00007ffeedfb0000 - 0x00007ffeee0b0000 	C:\Windows\System32\ucrtbase.dll
0x00007ffebfba0000 - 0x00007ffebfbb5000 	C:\Program Files\Java\jdk-11.0.13\bin\VCRUNTIME140.dll
0x00007ffebfc30000 - 0x00007ffebfc48000 	C:\Program Files\Java\jdk-11.0.13\bin\jli.dll
0x00007ffeee390000 - 0x00007ffeee43e000 	C:\Windows\System32\ADVAPI32.dll
0x00007ffeef5a0000 - 0x00007ffeef63e000 	C:\Windows\System32\msvcrt.dll
0x00007ffeee460000 - 0x00007ffeee4fc000 	C:\Windows\System32\sechost.dll
0x00007ffef0140000 - 0x00007ffef0266000 	C:\Windows\System32\RPCRT4.dll
0x00007ffeeec80000 - 0x00007ffeeee1d000 	C:\Windows\System32\USER32.dll
0x00007ffeedc30000 - 0x00007ffeedc52000 	C:\Windows\System32\win32u.dll
0x00007ffeb8fd0000 - 0x00007ffeb926a000 	C:\Windows\WinSxS\amd64_microsoft.windows.common-controls_6595b64144ccf1df_6.0.19041.1110_none_60b5254171f9507e\COMCTL32.dll
0x00007ffeefd00000 - 0x00007ffeefd2b000 	C:\Windows\System32\GDI32.dll
0x00007ffeee280000 - 0x00007ffeee390000 	C:\Windows\System32\gdi32full.dll
0x00007ffeee0b0000 - 0x00007ffeee14d000 	C:\Windows\System32\msvcp_win.dll
0x00007ffee1ee0000 - 0x00007ffee1eea000 	C:\Windows\SYSTEM32\VERSION.dll
0x00007ffeee500000 - 0x00007ffeee530000 	C:\Windows\System32\IMM32.DLL
0x00007ffea7b80000 - 0x00007ffea7c1b000 	C:\Program Files\Java\jdk-11.0.13\bin\msvcp140.dll
0x00007ffe9cb60000 - 0x00007ffe9d673000 	C:\Program Files\Java\jdk-11.0.13\bin\server\jvm.dll
0x00007ffef00a0000 - 0x00007ffef00a8000 	C:\Windows\System32\PSAPI.DLL
0x00007ffed6510000 - 0x00007ffed6519000 	C:\Windows\SYSTEM32\WSOCK32.dll
0x00007ffec7360000 - 0x00007ffec7387000 	C:\Windows\SYSTEM32\WINMM.dll
0x00007ffeefd30000 - 0x00007ffeefd9b000 	C:\Windows\System32\WS2_32.dll
0x00007ffeec290000 - 0x00007ffeec2a2000 	C:\Windows\SYSTEM32\kernel.appcore.dll
0x00007ffebf870000 - 0x00007ffebf880000 	C:\Program Files\Java\jdk-11.0.13\bin\verify.dll
0x00007ffeebfb0000 - 0x00007ffeec194000 	C:\Windows\SYSTEM32\DBGHELP.DLL
0x00007ffed61f0000 - 0x00007ffed6224000 	C:\Windows\SYSTEM32\dbgcore.DLL
0x00007ffeeda40000 - 0x00007ffeedac2000 	C:\Windows\System32\bcryptPrimitives.dll
0x00007ffebf700000 - 0x00007ffebf728000 	C:\Program Files\Java\jdk-11.0.13\bin\java.dll
0x00007ffebf860000 - 0x00007ffebf86a000 	C:\Program Files\Java\jdk-11.0.13\bin\jimage.dll
0x00007ffebf6a0000 - 0x00007ffebf6b6000 	C:\Program Files\Java\jdk-11.0.13\bin\zip.dll
0x00007ffeee530000 - 0x00007ffeeec74000 	C:\Windows\System32\SHELL32.dll
0x00007ffeeb750000 - 0x00007ffeebee3000 	C:\Windows\SYSTEM32\windows.storage.dll
0x00007ffeeee20000 - 0x00007ffeef174000 	C:\Windows\System32\combase.dll
0x00007ffeed4a0000 - 0x00007ffeed4ce000 	C:\Windows\SYSTEM32\Wldp.dll
0x00007ffeefe70000 - 0x00007ffeeff1d000 	C:\Windows\System32\SHCORE.dll
0x00007ffeef400000 - 0x00007ffeef455000 	C:\Windows\System32\shlwapi.dll
0x00007ffeed980000 - 0x00007ffeed99f000 	C:\Windows\SYSTEM32\profapi.dll
0x00007ffebf680000 - 0x00007ffebf699000 	C:\Program Files\Java\jdk-11.0.13\bin\net.dll
0x00007ffee6980000 - 0x00007ffee6a8a000 	C:\Windows\SYSTEM32\WINHTTP.dll
0x00007ffeed200000 - 0x00007ffeed26a000 	C:\Windows\system32\mswsock.dll
0x00007ffebcb50000 - 0x00007ffebcb62000 	C:\Program Files\Java\jdk-11.0.13\bin\nio.dll
0x00007ffebfa80000 - 0x00007ffebfaa7000 	C:\Users\Irene\AndroidStudioProjects\Kotlinparaprincipiantes\gradle\native\e1d6ef7f7dcc3fd88c89a11ec53ec762bb8ba0a96d01ffa2cd45eb1d1d8dd5c5\windows-amd64\native-platform.dll
0x00007ffe9fd30000 - 0x00007ffe9fe74000 	C:\Users\Irene\AndroidStudioProjects\Kotlinparaprincipiantes\gradle\native\0d407fdbe67a94daf76414ababcb853783967236a71b16ec16e742cd7a986fd3\windows-amd64\native-platform-file-events.dll
0x00007ffebedb0000 - 0x00007ffebedb9000 	C:\Program Files\Java\jdk-11.0.13\bin\management.dll
0x00007ffebd220000 - 0x00007ffebd22b000 	C:\Program Files\Java\jdk-11.0.13\bin\management_ext.dll
0x00007ffeed3f0000 - 0x00007ffeed408000 	C:\Windows\SYSTEM32\CRYPTSP.dll
0x00007ffeecab0000 - 0x00007ffeecae4000 	C:\Windows\system32\rsaenh.dll
0x00007ffeee1a0000 - 0x00007ffeee1c7000 	C:\Windows\System32\bcrypt.dll
0x00007ffeed940000 - 0x00007ffeed96e000 	C:\Windows\SYSTEM32\USERENV.dll
0x00007ffeed410000 - 0x00007ffeed41c000 	C:\Windows\SYSTEM32\CRYPTBASE.dll
0x00007ffeecea0000 - 0x00007ffeecedc000 	C:\Windows\SYSTEM32\IPHLPAPI.DLL
0x00007ffeef590000 - 0x00007ffeef598000 	C:\Windows\System32\NSI.dll
0x00007ffee6060000 - 0x00007ffee6077000 	C:\Windows\SYSTEM32\dhcpcsvc6.DLL
0x00007ffee6000000 - 0x00007ffee601d000 	C:\Windows\SYSTEM32\dhcpcsvc.DLL
0x00007ffeecef0000 - 0x00007ffeecfbb000 	C:\Windows\SYSTEM32\DNSAPI.dll
0x00007ffec7130000 - 0x00007ffec7147000 	C:\Windows\system32\napinsp.dll
0x00007ffec7110000 - 0x00007ffec712b000 	C:\Windows\system32\pnrpnsp.dll
0x00007ffec70f0000 - 0x00007ffec7105000 	C:\Windows\system32\wshbth.dll
0x00007ffee6a90000 - 0x00007ffee6aad000 	C:\Windows\system32\NLAapi.dll
0x00007ffec70d0000 - 0x00007ffec70e2000 	C:\Windows\System32\winrnr.dll
0x00007ffee5670000 - 0x00007ffee567a000 	C:\Windows\System32\rasadhlp.dll
0x00007ffee4580000 - 0x00007ffee4600000 	C:\Windows\System32\fwpuclnt.dll

dbghelp: loaded successfully - version: 4.0.5 - missing functions: none
symbol engine: initialized successfully - sym options: 0x614 - pdb path: .;C:\Program Files\Java\jdk-11.0.13\bin;C:\Windows\SYSTEM32;C:\Windows\WinSxS\amd64_microsoft.windows.common-controls_6595b64144ccf1df_6.0.19041.1110_none_60b5254171f9507e;C:\Program Files\Java\jdk-11.0.13\bin\server;C:\Users\Irene\AndroidStudioProjects\Kotlinparaprincipiantes\gradle\native\e1d6ef7f7dcc3fd88c89a11ec53ec762bb8ba0a96d01ffa2cd45eb1d1d8dd5c5\windows-amd64;C:\Users\Irene\AndroidStudioProjects\Kotlinparaprincipiantes\gradle\native\0d407fdbe67a94daf76414ababcb853783967236a71b16ec16e742cd7a986fd3\windows-amd64

VM Arguments:
jvm_args: --add-opens=java.base/java.util=ALL-UNNAMED --add-opens=java.base/java.lang=ALL-UNNAMED --add-opens=java.base/java.lang.invoke=ALL-UNNAMED --add-opens=java.base/java.util=ALL-UNNAMED --add-opens=java.prefs/java.util.prefs=ALL-UNNAMED --add-opens=java.prefs/java.util.prefs=ALL-UNNAMED --add-opens=java.base/java.nio.charset=ALL-UNNAMED --add-opens=java.base/java.net=ALL-UNNAMED --add-opens=java.base/java.util.concurrent.atomic=ALL-UNNAMED -Xmx2048m -Dfile.encoding=UTF-8 -Duser.country=ES -Duser.language=es -Duser.variant 
java_command: org.gradle.launcher.daemon.bootstrap.GradleDaemon 7.5
java_class_path (initial): C:\Users\Irene\AndroidStudioProjects\Kotlinparaprincipiantes\gradle\wrapper\dists\gradle-7.5-bin\f1w0cc9nuo0eivz97x2xlu9sv\gradle-7.5\lib\gradle-launcher-7.5.jar
Launcher Type: SUN_STANDARD

[Global flags]
     intx CICompilerCount                          = 4                                         {product} {ergonomic}
     uint ConcGCThreads                            = 2                                         {product} {ergonomic}
     uint G1ConcRefinementThreads                  = 8                                         {product} {ergonomic}
   size_t G1HeapRegionSize                         = 1048576                                   {product} {ergonomic}
    uintx GCDrainStackTargetSize                   = 64                                        {product} {ergonomic}
   size_t InitialHeapSize                          = 264241152                                 {product} {ergonomic}
   size_t MarkStackSize                            = 4194304                                   {product} {ergonomic}
   size_t MaxHeapSize                              = 2147483648                                {product} {command line}
   size_t MaxNewSize                               = 1287651328                                {product} {ergonomic}
   size_t MinHeapDeltaBytes                        = 1048576                                   {product} {ergonomic}
    uintx NonNMethodCodeHeapSize                   = 5836300                                {pd product} {ergonomic}
    uintx NonProfiledCodeHeapSize                  = 122910970                              {pd product} {ergonomic}
    uintx ProfiledCodeHeapSize                     = 122910970                              {pd product} {ergonomic}
    uintx ReservedCodeCacheSize                    = 251658240                              {pd product} {ergonomic}
     bool SegmentedCodeCache                       = true                                      {product} {ergonomic}
     bool UseCompressedClassPointers               = true                                 {lp64_product} {ergonomic}
     bool UseCompressedOops                        = true                                 {lp64_product} {ergonomic}
     bool UseG1GC                                  = true                                      {product} {ergonomic}
     bool UseLargePagesIndividualAllocation        = false                                  {pd product} {ergonomic}

Logging:
Log output configuration:
 #0: stdout all=warning uptime,level,tags
 #1: stderr all=off uptime,level,tags

Environment Variables:
JAVA_HOME=C:\Program Files\Java\jdk-11.0.13
PATH=C:\app\Irene\product\21c\dbhomeXE\bin;C:\Program Files (x86)\Common Files\Oracle\Java\javapath;"C:\Program Files\Common Files\Oracle\Java\javapath;C:\Windows\system32;C:\Windows;C:\Windows\System32\Wbem";C:\Windows\system32;C:\Windows;C:\Windows\System32\Wbem;C:\Windows\System32\WindowsPowerShell\v1.0\;C:\Windows\System32\OpenSSH\;C:\Program Files\Java\jdk-11.0.13\bin;C:\Program Files\Java\jdk-11.0.13\bin;C:\Windows\system32;C:\Program Files\nodejs\;C:\Program Files\Microsoft SQL Server\150\Tools\Binn\;C:\Program Files\Git\cmd;C:\Program Files\dotnet\;C:\Program Files\Microsoft SQL Server\130\Tools\Binn\;C:\Program Files\Microsoft SQL Server\Client SDK\ODBC\170\Tools\Binn\;C:\Users\Irene\AppData\Local\Microsoft\WindowsApps;C:\Program Files\Java\jdk-17.0.1\bin;C:\Program Files (x86)\Brackets\;C:\Users\Irene\AppData\Roaming\npm;C:\Users\Irene\AppData\Local\Programs\Microsoft VS Code\bin;C:\Users\Irene\.dotnet\tools
USERNAME=Irene
OS=Windows_NT
PROCESSOR_IDENTIFIER=Intel64 Family 6 Model 140 Stepping 1, GenuineIntel



---------------  S Y S T E M  ---------------

OS: Windows 10 , 64 bit Build 19041 (10.0.19041.2788)

CPU:total 8 (initial active 8) (4 cores per cpu, 2 threads per core) family 6 model 140 stepping 1 microcode 0x86, cmov, cx8, fxsr, mmx, sse, sse2, sse3, ssse3, sse4.1, sse4.2, popcnt, avx, avx2, aes, clmul, erms, 3dnowpref, lzcnt, ht, tsc, tscinvbit, bmi1, bmi2, adx, evex, sha, fma

Memory: 4k page, system-wide physical 16086M (703M free)
TotalPageFile size 20182M (AvailPageFile size 5M)
current process WorkingSet (physical memory assigned to process): 560M, peak: 560M
current process commit charge ("private bytes"): 639M, peak: 640M

vm_info: Java HotSpot(TM) 64-Bit Server VM (11.0.13+10-LTS-370) for windows-amd64 JRE (11.0.13+10-LTS-370), built on Sep 15 2021 22:10:36 by "mach5one" with MS VC++ 15.9 (VS2017)

END.
