#
# There is insufficient memory for the Java Runtime Environment to continue.
# Native memory allocation (malloc) failed to allocate 1204176 bytes for Chunk::new
# Possible reasons:
#   The system is out of physical RAM or swap space
#   The process is running with CompressedOops enabled, and the Java Heap may be blocking the growth of the native heap
# Possible solutions:
#   Reduce memory load on the system
#   Increase physical memory or swap space
#   Check if swap backing store is full
#   Decrease Java heap size (-Xmx/-Xms)
#   Decrease number of Java threads
#   Decrease Java thread stack sizes (-Xss)
#   Set larger code cache with -XX:ReservedCodeCacheSize=
#   JVM is running with Unscaled Compressed Oops mode in which the Java heap is
#     placed in the first 4GB address space. The Java Heap base address is the
#     maximum limit for the native heap growth. Please use -XX:HeapBaseMinAddress
#     to set the Java Heap base and to place the Java Heap above 4GB virtual address.
# This output file may be truncated or incomplete.
#
#  Out of Memory Error (./open/src/hotspot/share/memory/arena.cpp:197), pid=8088, tid=20012
#
# JRE version: Java(TM) SE Runtime Environment 18.9 (11.0.13+10) (build 11.0.13+10-LTS-370)
# Java VM: Java HotSpot(TM) 64-Bit Server VM 18.9 (11.0.13+10-LTS-370, mixed mode, tiered, compressed oops, g1 gc, windows-amd64)
# No core dump will be written. Minidumps are not enabled by default on client versions of Windows
#

---------------  S U M M A R Y ------------

Command Line: --add-opens=java.base/java.util=ALL-UNNAMED --add-opens=java.base/java.lang=ALL-UNNAMED --add-opens=java.base/java.lang.invoke=ALL-UNNAMED --add-opens=java.base/java.util=ALL-UNNAMED --add-opens=java.prefs/java.util.prefs=ALL-UNNAMED --add-opens=java.prefs/java.util.prefs=ALL-UNNAMED --add-opens=java.base/java.nio.charset=ALL-UNNAMED --add-opens=java.base/java.net=ALL-UNNAMED --add-opens=java.base/java.util.concurrent.atomic=ALL-UNNAMED -Xmx2048m -Dfile.encoding=UTF-8 -Duser.country=ES -Duser.language=es -Duser.variant org.gradle.launcher.daemon.bootstrap.GradleDaemon 7.5

Host: 11th Gen Intel(R) Core(TM) i7-1165G7 @ 2.80GHz, 8 cores, 15G,  Windows 10 , 64 bit Build 19041 (10.0.19041.2788)
Time: Sat May  6 21:08:39 2023 Hora de verano romance elapsed time: 3076.760280 seconds (0d 0h 51m 16s)

---------------  T H R E A D  ---------------

Current thread (0x0000029f1afe3800):  JavaThread "C2 CompilerThread0" daemon [_thread_in_native, id=20012, stack(0x000000fdec800000,0x000000fdec900000)]


Current CompileTask:
C2:3076760 31096       4       com.sun.org.apache.xerces.internal.impl.XMLNSDocumentScannerImpl::scanAttribute (824 bytes)

Stack: [0x000000fdec800000,0x000000fdec900000]
Native frames: (J=compiled Java code, j=interpreted, Vv=VM code, C=native code)
V  [jvm.dll+0x62870a]
V  [jvm.dll+0x761f2f]
V  [jvm.dll+0x7635d9]
V  [jvm.dll+0x763c63]
V  [jvm.dll+0x23d728]
V  [jvm.dll+0xb293c]
V  [jvm.dll+0xb2efc]
V  [jvm.dll+0x340872]
V  [jvm.dll+0x30e603]
V  [jvm.dll+0x30d94a]
V  [jvm.dll+0x1f8255]
V  [jvm.dll+0x1f743d]
V  [jvm.dll+0x177991]
V  [jvm.dll+0x206d84]
V  [jvm.dll+0x204ebb]
V  [jvm.dll+0x727e70]
V  [jvm.dll+0x720a54]
V  [jvm.dll+0x627606]
C  [ucrtbase.dll+0x21bb2]
C  [KERNEL32.DLL+0x17604]
C  [ntdll.dll+0x526a1]


---------------  P R O C E S S  ---------------

Threads class SMR info:
_java_thread_list=0x0000029f23ecf2d0, length=171, elements={
0x0000029f7be48800, 0x0000029f1af78000, 0x0000029f1af81800, 0x0000029f1af91000,
0x0000029f1af96800, 0x0000029f1afe0800, 0x0000029f1afe3800, 0x0000029f1afe6800,
0x0000029f1afde000, 0x0000029f1afe1000, 0x0000029f1afdb800, 0x0000029f1afdd000,
0x0000029f1afe2000, 0x0000029f1de51000, 0x0000029f1de4e800, 0x0000029f1de51800,
0x0000029f1de53800, 0x0000029f1de52800, 0x0000029f1de54000, 0x0000029f1de5a000,
0x0000029f1de55000, 0x0000029f1de56000, 0x0000029f20a86800, 0x0000029f20a87000,
0x0000029f20a84000, 0x0000029f211a8000, 0x0000029f211a6000, 0x0000029f211a5800,
0x0000029f211a2000, 0x0000029f211a9800, 0x0000029f1e0d0000, 0x0000029f1e0cd800,
0x0000029f1e0cf000, 0x0000029f1e0d1800, 0x0000029f1e0ce800, 0x0000029f1de57800,
0x0000029f211a0800, 0x0000029f221b7000, 0x0000029f27fd2800, 0x0000029f27fd9000,
0x0000029f27fd6800, 0x0000029f27fda000, 0x0000029f27fd1800, 0x0000029f27fd4000,
0x0000029f20a8c000, 0x0000029f221bb800, 0x0000029f221bf800, 0x0000029f221c3800,
0x0000029f1e0d4000, 0x0000029f221b9000, 0x0000029f27fdc800, 0x0000029f221c2800,
0x0000029f221bd000, 0x0000029f221c0000, 0x0000029f221c4800, 0x0000029f20a92000,
0x0000029f20a8f800, 0x0000029f20a8d800, 0x0000029f27fd6000, 0x0000029f1e0d6000,
0x0000029f27fde000, 0x0000029f1e0d7800, 0x0000029f1e0db800, 0x0000029f1e0d1000,
0x0000029f2119b800, 0x0000029f1de4d000, 0x0000029f1de4c000, 0x0000029f1de4d800,
0x0000029f1de4f800, 0x0000029f1de50000, 0x0000029f1de56800, 0x0000029f1de58800,
0x0000029f1de59000, 0x0000029f236f1800, 0x0000029f236f2000, 0x0000029f236ee000,
0x0000029f236f0800, 0x0000029f236ef800, 0x0000029f236f3000, 0x0000029f236ed000,
0x0000029f236ef000, 0x0000029f236f7000, 0x0000029f236f8000, 0x0000029f236f3800,
0x0000029f236f4800, 0x0000029f236f8800, 0x0000029f236f9800, 0x0000029f236fa800,
0x0000029f236f6000, 0x0000029f236fe800, 0x0000029f236ff000, 0x0000029f236fb000,
0x0000029f23700000, 0x0000029f23701000, 0x0000029f23701800, 0x0000029f236fc000,
0x0000029f23702800, 0x0000029f236fc800, 0x0000029f23703000, 0x0000029f236fd800,
0x0000029f23705800, 0x0000029f23706800, 0x0000029f23708000, 0x0000029f23707800,
0x0000029f2370a000, 0x0000029f23709000, 0x0000029f23704000, 0x0000029f23705000,
0x0000029f2370a800, 0x0000029f2370b800, 0x0000029f2370c000, 0x0000029f1c1a8800,
0x0000029f1c1af000, 0x0000029f1c1af800, 0x0000029f1c1aa000, 0x0000029f1c1ad000,
0x0000029f1c1b0800, 0x0000029f1c1ab000, 0x0000029f1c1b1800, 0x0000029f1c1ae000,
0x0000029f1c1ab800, 0x0000029f1c1b2000, 0x0000029f1c1ac800, 0x0000029f1c1b3000,
0x0000029f1c1b7000, 0x0000029f1c1b4000, 0x0000029f1c1b8000, 0x0000029f1c1b4800,
0x0000029f1c1b5800, 0x0000029f1c1b8800, 0x0000029f1c1b9800, 0x0000029f1c1ba800,
0x0000029f1c1bb000, 0x0000029f1c1bc000, 0x0000029f1c1b6000, 0x0000029f1c1c1800,
0x0000029f1c1c2800, 0x0000029f1c1c1000, 0x0000029f1c1be800, 0x0000029f1c1bf000,
0x0000029f1c1c0000, 0x0000029f1c1bd000, 0x0000029f1c1c3800, 0x0000029f1c1bd800,
0x0000029f1c1c5000, 0x0000029f1c1c4000, 0x0000029f1c1c5800, 0x0000029f1c1c6800,
0x0000029f1c1c7800, 0x0000029f20a89000, 0x0000029f20a88000, 0x0000029f20a8d000,
0x0000029f20a8a800, 0x0000029f20a89800, 0x0000029f20a8e800, 0x0000029f20a91000,
0x0000029f20a90000, 0x0000029f20a8b800, 0x0000029f20a92800, 0x0000029f2119f800,
0x0000029f2119d000, 0x0000029f211a1000, 0x0000029f2119e000, 0x0000029f2119c800,
0x0000029f211a3800, 0x0000029f211a4800, 0x0000029f2119f000, 0x0000029f211a7000,
0x0000029f1e0d2800, 0x0000029f1e0cd000, 0x0000029f1e0d5000
}

Java Threads: ( => current thread )
  0x0000029f7be48800 JavaThread "main" [_thread_blocked, id=14652, stack(0x000000fdebc00000,0x000000fdebd00000)]
  0x0000029f1af78000 JavaThread "Reference Handler" daemon [_thread_blocked, id=11248, stack(0x000000fdec300000,0x000000fdec400000)]
  0x0000029f1af81800 JavaThread "Finalizer" daemon [_thread_blocked, id=15660, stack(0x000000fdec400000,0x000000fdec500000)]
  0x0000029f1af91000 JavaThread "Signal Dispatcher" daemon [_thread_blocked, id=18892, stack(0x000000fdec500000,0x000000fdec600000)]
  0x0000029f1af96800 JavaThread "Attach Listener" daemon [_thread_blocked, id=12344, stack(0x000000fdec600000,0x000000fdec700000)]
  0x0000029f1afe0800 JavaThread "Service Thread" daemon [_thread_blocked, id=20880, stack(0x000000fdec700000,0x000000fdec800000)]
=>0x0000029f1afe3800 JavaThread "C2 CompilerThread0" daemon [_thread_in_native, id=20012, stack(0x000000fdec800000,0x000000fdec900000)]
  0x0000029f1afe6800 JavaThread "C1 CompilerThread0" daemon [_thread_blocked, id=8456, stack(0x000000fdec900000,0x000000fdeca00000)]
  0x0000029f1afde000 JavaThread "Sweeper thread" daemon [_thread_blocked, id=19648, stack(0x000000fdeca00000,0x000000fdecb00000)]
  0x0000029f1afe1000 JavaThread "Common-Cleaner" daemon [_thread_blocked, id=17556, stack(0x000000fdecb00000,0x000000fdecc00000)]
  0x0000029f1afdb800 JavaThread "Daemon health stats" [_thread_blocked, id=14644, stack(0x000000fded400000,0x000000fded500000)]
  0x0000029f1afdd000 JavaThread "Incoming local TCP Connector on port 51944" [_thread_in_native, id=15088, stack(0x000000fdecd00000,0x000000fdece00000)]
  0x0000029f1afe2000 JavaThread "Daemon periodic checks" [_thread_blocked, id=3148, stack(0x000000fdece00000,0x000000fdecf00000)]
  0x0000029f1de51000 JavaThread "Cache worker for journal cache (C:\Users\Irene\AndroidStudioProjects\Kotlinparaprincipiantes\gradle\caches\journal-1)" [_thread_blocked, id=14824, stack(0x000000fdede00000,0x000000fdedf00000)]
  0x0000029f1de4e800 JavaThread "File lock request listener" [_thread_in_native, id=15480, stack(0x000000fdedf00000,0x000000fdee000000)]
  0x0000029f1de51800 JavaThread "Cache worker for file hash cache (C:\Users\Irene\AndroidStudioProjects\Kotlinparaprincipiantes\gradle\caches\7.5\fileHashes)" [_thread_blocked, id=19420, stack(0x000000fdee000000,0x000000fdee100000)]
  0x0000029f1de53800 JavaThread "File watcher server" daemon [_thread_in_native, id=11236, stack(0x000000fdee300000,0x000000fdee400000)]
  0x0000029f1de52800 JavaThread "File watcher consumer" daemon [_thread_blocked, id=18548, stack(0x000000fdee400000,0x000000fdee500000)]
  0x0000029f1de54000 JavaThread "Cache worker for file content cache (C:\Users\Irene\AndroidStudioProjects\Kotlinparaprincipiantes\gradle\caches\7.5\fileContent)" [_thread_blocked, id=7516, stack(0x000000fdee700000,0x000000fdee800000)]
  0x0000029f1de5a000 JavaThread "Cache worker for execution history cache (C:\Users\Irene\AndroidStudioProjects\Kotlinparaprincipiantes\gradle\caches\7.5\executionHistory)" [_thread_blocked, id=13876, stack(0x000000fdeea00000,0x000000fdeeb00000)]
  0x0000029f1de55000 JavaThread "jar transforms" [_thread_blocked, id=19252, stack(0x000000fdeeb00000,0x000000fdeec00000)]
  0x0000029f1de56000 JavaThread "jar transforms Thread 2" [_thread_blocked, id=4280, stack(0x000000fdeec00000,0x000000fdeed00000)]
  0x0000029f20a86800 JavaThread "jar transforms Thread 3" [_thread_blocked, id=17636, stack(0x000000fdeee00000,0x000000fdeef00000)]
  0x0000029f20a87000 JavaThread "jar transforms Thread 4" [_thread_blocked, id=3316, stack(0x000000fdeef00000,0x000000fdef000000)]
  0x0000029f20a84000 JavaThread "jar transforms Thread 5" [_thread_blocked, id=19676, stack(0x000000fdef100000,0x000000fdef200000)]
  0x0000029f211a8000 JavaThread "jar transforms Thread 6" [_thread_blocked, id=18720, stack(0x000000fdf4300000,0x000000fdf4400000)]
  0x0000029f211a6000 JavaThread "jar transforms Thread 7" [_thread_blocked, id=7240, stack(0x000000fdf4400000,0x000000fdf4500000)]
  0x0000029f211a5800 JavaThread "jar transforms Thread 8" [_thread_blocked, id=2184, stack(0x000000fdf4500000,0x000000fdf4600000)]
  0x0000029f211a2000 JavaThread "Memory manager" [_thread_blocked, id=8492, stack(0x000000fdf4700000,0x000000fdf4800000)]
  0x0000029f211a9800 JavaThread "pool-3-thread-1" [_thread_blocked, id=15132, stack(0x000000fdf4900000,0x000000fdf4a00000)]
  0x0000029f1e0d0000 JavaThread "RMI Scheduler(0)" daemon [_thread_blocked, id=8280, stack(0x000000fdf5b00000,0x000000fdf5c00000)]
  0x0000029f1e0cd800 JavaThread "RMI GC Daemon" daemon [_thread_blocked, id=10928, stack(0x000000fdf5f00000,0x000000fdf6000000)]
  0x0000029f1e0cf000 JavaThread "RMI TCP Accept-0" daemon [_thread_in_native, id=13772, stack(0x000000fdf6000000,0x000000fdf6100000)]
  0x0000029f1e0d1800 JavaThread "RMI Reaper" [_thread_blocked, id=18652, stack(0x000000fdf6100000,0x000000fdf6200000)]
  0x0000029f1e0ce800 JavaThread "Cache worker for Java compile cache (C:\Users\Irene\AndroidStudioProjects\Kotlinparaprincipiantes\gradle\caches\7.5\javaCompile)" [_thread_blocked, id=1916, stack(0x000000fdf6600000,0x000000fdf6700000)]
  0x0000029f1de57800 JavaThread "pool-8-thread-1" [_thread_blocked, id=3828, stack(0x000000fdf4200000,0x000000fdf4300000)]
  0x0000029f211a0800 JavaThread "pool-12-thread-1" [_thread_blocked, id=3392, stack(0x000000fdf4600000,0x000000fdf4700000)]
  0x0000029f221b7000 JavaThread "pool-16-thread-1" [_thread_blocked, id=7956, stack(0x000000fdf4a00000,0x000000fdf4b00000)]
  0x0000029f27fd2800 JavaThread "pool-20-thread-1" [_thread_blocked, id=8720, stack(0x000000fdf4800000,0x000000fdf4900000)]
  0x0000029f27fd9000 JavaThread "pool-24-thread-1" [_thread_blocked, id=13916, stack(0x000000fdf4100000,0x000000fdf4200000)]
  0x0000029f27fd6800 JavaThread "pool-27-thread-1" [_thread_blocked, id=21092, stack(0x000000fdf4000000,0x000000fdf4100000)]
  0x0000029f27fda000 JavaThread "pool-31-thread-1" [_thread_blocked, id=6592, stack(0x000000fdf4c00000,0x000000fdf4d00000)]
  0x0000029f27fd1800 JavaThread "pool-35-thread-1" [_thread_blocked, id=3416, stack(0x000000fdf4e00000,0x000000fdf4f00000)]
  0x0000029f27fd4000 JavaThread "pool-38-thread-1" [_thread_blocked, id=10456, stack(0x000000fdf4d00000,0x000000fdf4e00000)]
  0x0000029f20a8c000 JavaThread "pool-41-thread-1" [_thread_blocked, id=17908, stack(0x000000fdf4f00000,0x000000fdf5000000)]
  0x0000029f221bb800 JavaThread "pool-44-thread-1" [_thread_blocked, id=15192, stack(0x000000fdf5000000,0x000000fdf5100000)]
  0x0000029f221bf800 JavaThread "pool-48-thread-1" [_thread_blocked, id=15388, stack(0x000000fdf5300000,0x000000fdf5400000)]
  0x0000029f221c3800 JavaThread "pool-52-thread-1" [_thread_blocked, id=6468, stack(0x000000fdf5200000,0x000000fdf5300000)]
  0x0000029f1e0d4000 JavaThread "pool-56-thread-1" [_thread_blocked, id=12312, stack(0x000000fdf5800000,0x000000fdf5900000)]
  0x0000029f221b9000 JavaThread "pool-60-thread-1" [_thread_blocked, id=6584, stack(0x000000fdf5700000,0x000000fdf5800000)]
  0x0000029f27fdc800 JavaThread "pool-63-thread-1" [_thread_blocked, id=7360, stack(0x000000fdf5a00000,0x000000fdf5b00000)]
  0x0000029f221c2800 JavaThread "ForkJoinPool.commonPool-worker-1" daemon [_thread_blocked, id=1216, stack(0x000000fdf7500000,0x000000fdf7600000)]
  0x0000029f221bd000 JavaThread "ForkJoinPool.commonPool-worker-3" daemon [_thread_blocked, id=11348, stack(0x000000fdf7600000,0x000000fdf7700000)]
  0x0000029f221c0000 JavaThread "ForkJoinPool.commonPool-worker-9" daemon [_thread_blocked, id=20460, stack(0x000000fdf7800000,0x000000fdf7900000)]
  0x0000029f221c4800 JavaThread "ForkJoinPool.commonPool-worker-11" daemon [_thread_blocked, id=3896, stack(0x000000fdf6b00000,0x000000fdf6c00000)]
  0x0000029f20a92000 JavaThread "pool-67-thread-1" [_thread_blocked, id=15272, stack(0x000000fdf5e00000,0x000000fdf5f00000)]
  0x0000029f20a8f800 JavaThread "pool-71-thread-1" [_thread_blocked, id=19476, stack(0x000000fdf5900000,0x000000fdf5a00000)]
  0x0000029f20a8d800 JavaThread "pool-75-thread-1" [_thread_blocked, id=17316, stack(0x000000fdf5c00000,0x000000fdf5d00000)]
  0x0000029f27fd6000 JavaThread "pool-79-thread-1" [_thread_blocked, id=15532, stack(0x000000fdf5d00000,0x000000fdf5e00000)]
  0x0000029f1e0d6000 JavaThread "pool-83-thread-1" [_thread_blocked, id=1140, stack(0x000000fdf5100000,0x000000fdf5200000)]
  0x0000029f27fde000 JavaThread "ForkJoinPool.commonPool-worker-15" daemon [_thread_blocked, id=2040, stack(0x000000fdf7d00000,0x000000fdf7e00000)]
  0x0000029f1e0d7800 JavaThread "pool-87-thread-1" [_thread_blocked, id=7076, stack(0x000000fdf6200000,0x000000fdf6300000)]
  0x0000029f1e0db800 JavaThread "pool-91-thread-1" [_thread_blocked, id=11124, stack(0x000000fdf4b00000,0x000000fdf4c00000)]
  0x0000029f1e0d1000 JavaThread "pool-95-thread-1" [_thread_blocked, id=13004, stack(0x000000fdf6400000,0x000000fdf6500000)]
  0x0000029f2119b800 JavaThread "RMI TCP Connection(idle)" daemon [_thread_blocked, id=10792, stack(0x000000fdf7300000,0x000000fdf7400000)]
  0x0000029f1de4d000 JavaThread "ForkJoinPool.commonPool-worker-7" daemon [_thread_blocked, id=15316, stack(0x000000fdf8000000,0x000000fdf8100000)]
  0x0000029f1de4c000 JavaThread "Daemon Thread 20" [_thread_blocked, id=7040, stack(0x000000fdeb900000,0x000000fdeba00000)]
  0x0000029f1de4d800 JavaThread "Handler for socket connection from /127.0.0.1:51944 to /127.0.0.1:58584" [_thread_in_native, id=14192, stack(0x000000fdeba00000,0x000000fdebb00000)]
  0x0000029f1de4f800 JavaThread "Cancel handler" [_thread_blocked, id=10876, stack(0x000000fdebb00000,0x000000fdebc00000)]
  0x0000029f1de50000 JavaThread "Daemon worker Thread 20" [_thread_blocked, id=16308, stack(0x000000fded500000,0x000000fded600000)]
  0x0000029f1de56800 JavaThread "Asynchronous log dispatcher for DefaultDaemonConnection: socket connection from /127.0.0.1:51944 to /127.0.0.1:58584" [_thread_blocked, id=12280, stack(0x000000fded600000,0x000000fded700000)]
  0x0000029f1de58800 JavaThread "Stdin handler" [_thread_blocked, id=10232, stack(0x000000fded700000,0x000000fded800000)]
  0x0000029f1de59000 JavaThread "Daemon client event forwarder" [_thread_blocked, id=14004, stack(0x000000fdeda00000,0x000000fdedb00000)]
  0x0000029f236f1800 JavaThread "Cache worker for checksums cache (C:\Users\Irene\Desktop\Proyecto\HealthCareApp\.gradle\7.5\checksums)" [_thread_blocked, id=4508, stack(0x000000fdedb00000,0x000000fdedc00000)]
  0x0000029f236f2000 JavaThread "Cache worker for cache directory md-rule (C:\Users\Irene\AndroidStudioProjects\Kotlinparaprincipiantes\gradle\caches\7.5\md-rule)" [_thread_blocked, id=536, stack(0x000000fdedc00000,0x000000fdedd00000)]
  0x0000029f236ee000 JavaThread "Cache worker for file hash cache (C:\Users\Irene\Desktop\Proyecto\HealthCareApp\.gradle\7.5\fileHashes)" [_thread_blocked, id=17644, stack(0x000000fdedd00000,0x000000fdede00000)]
  0x0000029f236f0800 JavaThread "Cache worker for cache directory md-supplier (C:\Users\Irene\AndroidStudioProjects\Kotlinparaprincipiantes\gradle\caches\7.5\md-supplier)" [_thread_blocked, id=17108, stack(0x000000fdee200000,0x000000fdee300000)]
  0x0000029f236ef800 JavaThread "Cache worker for dependencies-accessors (C:\Users\Irene\Desktop\Proyecto\HealthCareApp\.gradle\7.5\dependencies-accessors)" [_thread_blocked, id=2072, stack(0x000000fdee500000,0x000000fdee600000)]
  0x0000029f236f3000 JavaThread "Cache worker for Build Output Cleanup Cache (C:\Users\Irene\Desktop\Proyecto\HealthCareApp\.gradle\buildOutputCleanup)" [_thread_blocked, id=9748, stack(0x000000fdee600000,0x000000fdee700000)]
  0x0000029f236ed000 JavaThread "Unconstrained build operations" [_thread_blocked, id=20176, stack(0x000000fdee800000,0x000000fdee900000)]
  0x0000029f236ef000 JavaThread "Unconstrained build operations Thread 2" [_thread_blocked, id=3128, stack(0x000000fdee900000,0x000000fdeea00000)]
  0x0000029f236f7000 JavaThread "Unconstrained build operations Thread 3" [_thread_blocked, id=15940, stack(0x000000fdeed00000,0x000000fdeee00000)]
  0x0000029f236f8000 JavaThread "Unconstrained build operations Thread 4" [_thread_blocked, id=18028, stack(0x000000fdef000000,0x000000fdef100000)]
  0x0000029f236f3800 JavaThread "Unconstrained build operations Thread 5" [_thread_blocked, id=19172, stack(0x000000fdef200000,0x000000fdef300000)]
  0x0000029f236f4800 JavaThread "Unconstrained build operations Thread 6" [_thread_blocked, id=11976, stack(0x000000fdef300000,0x000000fdef400000)]
  0x0000029f236f8800 JavaThread "Unconstrained build operations Thread 7" [_thread_blocked, id=6220, stack(0x000000fdef400000,0x000000fdef500000)]
  0x0000029f236f9800 JavaThread "Unconstrained build operations Thread 8" [_thread_blocked, id=17876, stack(0x000000fdef500000,0x000000fdef600000)]
  0x0000029f236fa800 JavaThread "Unconstrained build operations Thread 9" [_thread_blocked, id=17832, stack(0x000000fdef600000,0x000000fdef700000)]
  0x0000029f236f6000 JavaThread "Unconstrained build operations Thread 10" [_thread_blocked, id=1516, stack(0x000000fdef700000,0x000000fdef800000)]
  0x0000029f236fe800 JavaThread "Unconstrained build operations Thread 11" [_thread_blocked, id=3684, stack(0x000000fdef800000,0x000000fdef900000)]
  0x0000029f236ff000 JavaThread "Unconstrained build operations Thread 12" [_thread_blocked, id=10664, stack(0x000000fdef900000,0x000000fdefa00000)]
  0x0000029f236fb000 JavaThread "Unconstrained build operations Thread 13" [_thread_blocked, id=15528, stack(0x000000fdefa00000,0x000000fdefb00000)]
  0x0000029f23700000 JavaThread "Unconstrained build operations Thread 14" [_thread_blocked, id=11096, stack(0x000000fdefb00000,0x000000fdefc00000)]
  0x0000029f23701000 JavaThread "Unconstrained build operations Thread 15" [_thread_blocked, id=8064, stack(0x000000fdefc00000,0x000000fdefd00000)]
  0x0000029f23701800 JavaThread "Unconstrained build operations Thread 16" [_thread_blocked, id=5980, stack(0x000000fdefd00000,0x000000fdefe00000)]
  0x0000029f236fc000 JavaThread "Unconstrained build operations Thread 17" [_thread_blocked, id=19800, stack(0x000000fdefe00000,0x000000fdeff00000)]
  0x0000029f23702800 JavaThread "Unconstrained build operations Thread 18" [_thread_blocked, id=16804, stack(0x000000fdeff00000,0x000000fdf0000000)]
  0x0000029f236fc800 JavaThread "Unconstrained build operations Thread 19" [_thread_blocked, id=15596, stack(0x000000fdf0000000,0x000000fdf0100000)]
  0x0000029f23703000 JavaThread "Unconstrained build operations Thread 20" [_thread_blocked, id=5396, stack(0x000000fdf0100000,0x000000fdf0200000)]
  0x0000029f236fd800 JavaThread "Unconstrained build operations Thread 21" [_thread_blocked, id=14716, stack(0x000000fdf0200000,0x000000fdf0300000)]
  0x0000029f23705800 JavaThread "Unconstrained build operations Thread 22" [_thread_blocked, id=7680, stack(0x000000fdf0300000,0x000000fdf0400000)]
  0x0000029f23706800 JavaThread "Unconstrained build operations Thread 23" [_thread_blocked, id=15788, stack(0x000000fdf0400000,0x000000fdf0500000)]
  0x0000029f23708000 JavaThread "Unconstrained build operations Thread 24" [_thread_blocked, id=13640, stack(0x000000fdf0500000,0x000000fdf0600000)]
  0x0000029f23707800 JavaThread "Unconstrained build operations Thread 25" [_thread_blocked, id=16856, stack(0x000000fdf0600000,0x000000fdf0700000)]
  0x0000029f2370a000 JavaThread "Unconstrained build operations Thread 26" [_thread_blocked, id=14284, stack(0x000000fdf0700000,0x000000fdf0800000)]
  0x0000029f23709000 JavaThread "Unconstrained build operations Thread 27" [_thread_blocked, id=11584, stack(0x000000fdf0800000,0x000000fdf0900000)]
  0x0000029f23704000 JavaThread "Unconstrained build operations Thread 28" [_thread_blocked, id=8164, stack(0x000000fdf0900000,0x000000fdf0a00000)]
  0x0000029f23705000 JavaThread "Unconstrained build operations Thread 29" [_thread_blocked, id=16700, stack(0x000000fdf0a00000,0x000000fdf0b00000)]
  0x0000029f2370a800 JavaThread "Unconstrained build operations Thread 30" [_thread_blocked, id=16492, stack(0x000000fdf0b00000,0x000000fdf0c00000)]
  0x0000029f2370b800 JavaThread "Unconstrained build operations Thread 31" [_thread_blocked, id=20904, stack(0x000000fdf0c00000,0x000000fdf0d00000)]
  0x0000029f2370c000 JavaThread "Unconstrained build operations Thread 32" [_thread_blocked, id=19396, stack(0x000000fdf0d00000,0x000000fdf0e00000)]
  0x0000029f1c1a8800 JavaThread "Unconstrained build operations Thread 33" [_thread_blocked, id=13236, stack(0x000000fdf0e00000,0x000000fdf0f00000)]
  0x0000029f1c1af000 JavaThread "Unconstrained build operations Thread 34" [_thread_blocked, id=19908, stack(0x000000fdf0f00000,0x000000fdf1000000)]
  0x0000029f1c1af800 JavaThread "Unconstrained build operations Thread 35" [_thread_blocked, id=14924, stack(0x000000fdf1000000,0x000000fdf1100000)]
  0x0000029f1c1aa000 JavaThread "Unconstrained build operations Thread 36" [_thread_blocked, id=20952, stack(0x000000fdf1100000,0x000000fdf1200000)]
  0x0000029f1c1ad000 JavaThread "Unconstrained build operations Thread 37" [_thread_blocked, id=3584, stack(0x000000fdf1200000,0x000000fdf1300000)]
  0x0000029f1c1b0800 JavaThread "Unconstrained build operations Thread 38" [_thread_blocked, id=14784, stack(0x000000fdf1300000,0x000000fdf1400000)]
  0x0000029f1c1ab000 JavaThread "Unconstrained build operations Thread 39" [_thread_blocked, id=15904, stack(0x000000fdf1400000,0x000000fdf1500000)]
  0x0000029f1c1b1800 JavaThread "Unconstrained build operations Thread 40" [_thread_blocked, id=12512, stack(0x000000fdf1500000,0x000000fdf1600000)]
  0x0000029f1c1ae000 JavaThread "Unconstrained build operations Thread 41" [_thread_blocked, id=15912, stack(0x000000fdf1600000,0x000000fdf1700000)]
  0x0000029f1c1ab800 JavaThread "Unconstrained build operations Thread 42" [_thread_blocked, id=11636, stack(0x000000fdf1700000,0x000000fdf1800000)]
  0x0000029f1c1b2000 JavaThread "Unconstrained build operations Thread 43" [_thread_blocked, id=8512, stack(0x000000fdf1800000,0x000000fdf1900000)]
  0x0000029f1c1ac800 JavaThread "Unconstrained build operations Thread 44" [_thread_blocked, id=9768, stack(0x000000fdf1900000,0x000000fdf1a00000)]
  0x0000029f1c1b3000 JavaThread "Unconstrained build operations Thread 45" [_thread_blocked, id=19248, stack(0x000000fdf1a00000,0x000000fdf1b00000)]
  0x0000029f1c1b7000 JavaThread "Unconstrained build operations Thread 46" [_thread_blocked, id=16500, stack(0x000000fdf1b00000,0x000000fdf1c00000)]
  0x0000029f1c1b4000 JavaThread "Unconstrained build operations Thread 47" [_thread_blocked, id=18452, stack(0x000000fdf1c00000,0x000000fdf1d00000)]
  0x0000029f1c1b8000 JavaThread "Unconstrained build operations Thread 48" [_thread_blocked, id=18288, stack(0x000000fdf1d00000,0x000000fdf1e00000)]
  0x0000029f1c1b4800 JavaThread "Unconstrained build operations Thread 49" [_thread_blocked, id=8704, stack(0x000000fdf1e00000,0x000000fdf1f00000)]
  0x0000029f1c1b5800 JavaThread "Unconstrained build operations Thread 50" [_thread_blocked, id=8776, stack(0x000000fdf1f00000,0x000000fdf2000000)]
  0x0000029f1c1b8800 JavaThread "Unconstrained build operations Thread 51" [_thread_blocked, id=12576, stack(0x000000fdf2000000,0x000000fdf2100000)]
  0x0000029f1c1b9800 JavaThread "Unconstrained build operations Thread 52" [_thread_blocked, id=14404, stack(0x000000fdf2100000,0x000000fdf2200000)]
  0x0000029f1c1ba800 JavaThread "Unconstrained build operations Thread 53" [_thread_blocked, id=19980, stack(0x000000fdf2200000,0x000000fdf2300000)]
  0x0000029f1c1bb000 JavaThread "Unconstrained build operations Thread 54" [_thread_blocked, id=18020, stack(0x000000fdf2300000,0x000000fdf2400000)]
  0x0000029f1c1bc000 JavaThread "Unconstrained build operations Thread 55" [_thread_blocked, id=11072, stack(0x000000fdf2400000,0x000000fdf2500000)]
  0x0000029f1c1b6000 JavaThread "Unconstrained build operations Thread 56" [_thread_blocked, id=7620, stack(0x000000fdf2500000,0x000000fdf2600000)]
  0x0000029f1c1c1800 JavaThread "Unconstrained build operations Thread 57" [_thread_blocked, id=9984, stack(0x000000fdf2600000,0x000000fdf2700000)]
  0x0000029f1c1c2800 JavaThread "Unconstrained build operations Thread 58" [_thread_blocked, id=3920, stack(0x000000fdf2700000,0x000000fdf2800000)]
  0x0000029f1c1c1000 JavaThread "Unconstrained build operations Thread 59" [_thread_blocked, id=17840, stack(0x000000fdf2800000,0x000000fdf2900000)]
  0x0000029f1c1be800 JavaThread "Unconstrained build operations Thread 60" [_thread_blocked, id=8496, stack(0x000000fdf2900000,0x000000fdf2a00000)]
  0x0000029f1c1bf000 JavaThread "Unconstrained build operations Thread 61" [_thread_blocked, id=16504, stack(0x000000fdf2a00000,0x000000fdf2b00000)]
  0x0000029f1c1c0000 JavaThread "Unconstrained build operations Thread 62" [_thread_blocked, id=19516, stack(0x000000fdf2b00000,0x000000fdf2c00000)]
  0x0000029f1c1bd000 JavaThread "Unconstrained build operations Thread 63" [_thread_blocked, id=6168, stack(0x000000fdf2c00000,0x000000fdf2d00000)]
  0x0000029f1c1c3800 JavaThread "Unconstrained build operations Thread 64" [_thread_blocked, id=14252, stack(0x000000fdf2d00000,0x000000fdf2e00000)]
  0x0000029f1c1bd800 JavaThread "Unconstrained build operations Thread 65" [_thread_blocked, id=3572, stack(0x000000fdf2e00000,0x000000fdf2f00000)]
  0x0000029f1c1c5000 JavaThread "Unconstrained build operations Thread 66" [_thread_blocked, id=11080, stack(0x000000fdf2f00000,0x000000fdf3000000)]
  0x0000029f1c1c4000 JavaThread "Unconstrained build operations Thread 67" [_thread_blocked, id=21100, stack(0x000000fdf3000000,0x000000fdf3100000)]
  0x0000029f1c1c5800 JavaThread "Unconstrained build operations Thread 68" [_thread_blocked, id=16628, stack(0x000000fdf3100000,0x000000fdf3200000)]
  0x0000029f1c1c6800 JavaThread "Unconstrained build operations Thread 69" [_thread_blocked, id=11052, stack(0x000000fdf3200000,0x000000fdf3300000)]
  0x0000029f1c1c7800 JavaThread "Unconstrained build operations Thread 70" [_thread_blocked, id=18656, stack(0x000000fdf3300000,0x000000fdf3400000)]
  0x0000029f20a89000 JavaThread "Unconstrained build operations Thread 71" [_thread_blocked, id=20224, stack(0x000000fdf3400000,0x000000fdf3500000)]
  0x0000029f20a88000 JavaThread "Unconstrained build operations Thread 72" [_thread_blocked, id=11284, stack(0x000000fdf3500000,0x000000fdf3600000)]
  0x0000029f20a8d000 JavaThread "Unconstrained build operations Thread 73" [_thread_blocked, id=15896, stack(0x000000fdf3600000,0x000000fdf3700000)]
  0x0000029f20a8a800 JavaThread "Unconstrained build operations Thread 74" [_thread_blocked, id=8372, stack(0x000000fdf3700000,0x000000fdf3800000)]
  0x0000029f20a89800 JavaThread "Unconstrained build operations Thread 75" [_thread_blocked, id=6708, stack(0x000000fdf3800000,0x000000fdf3900000)]
  0x0000029f20a8e800 JavaThread "Unconstrained build operations Thread 76" [_thread_blocked, id=2608, stack(0x000000fdf3900000,0x000000fdf3a00000)]
  0x0000029f20a91000 JavaThread "Unconstrained build operations Thread 77" [_thread_blocked, id=32, stack(0x000000fdf3a00000,0x000000fdf3b00000)]
  0x0000029f20a90000 JavaThread "Unconstrained build operations Thread 78" [_thread_blocked, id=16404, stack(0x000000fdf3b00000,0x000000fdf3c00000)]
  0x0000029f20a8b800 JavaThread "Unconstrained build operations Thread 79" [_thread_blocked, id=8056, stack(0x000000fdf3c00000,0x000000fdf3d00000)]
  0x0000029f20a92800 JavaThread "Unconstrained build operations Thread 80" [_thread_blocked, id=4460, stack(0x000000fdf3d00000,0x000000fdf3e00000)]
  0x0000029f2119f800 JavaThread "build event listener" [_thread_blocked, id=13692, stack(0x000000fdf3e00000,0x000000fdf3f00000)]
  0x0000029f2119d000 JavaThread "pool-99-thread-1" [_thread_blocked, id=12752, stack(0x000000fdf3f00000,0x000000fdf4000000)]
  0x0000029f211a1000 JavaThread "build event listener" [_thread_blocked, id=19952, stack(0x000000fdf6300000,0x000000fdf6400000)]
  0x0000029f2119e000 JavaThread "included builds" [_thread_blocked, id=10612, stack(0x000000fdf6500000,0x000000fdf6600000)]
  0x0000029f2119c800 JavaThread "Execution worker" [_thread_blocked, id=6080, stack(0x000000fdf6700000,0x000000fdf6800000)]
  0x0000029f211a3800 JavaThread "Execution worker Thread 2" [_thread_blocked, id=16720, stack(0x000000fdf6800000,0x000000fdf6900000)]
  0x0000029f211a4800 JavaThread "Execution worker Thread 3" [_thread_blocked, id=572, stack(0x000000fdf6900000,0x000000fdf6a00000)]
  0x0000029f2119f000 JavaThread "Execution worker Thread 4" [_thread_blocked, id=17488, stack(0x000000fdf6a00000,0x000000fdf6b00000)]
  0x0000029f211a7000 JavaThread "Execution worker Thread 5" [_thread_blocked, id=19484, stack(0x000000fdf6c00000,0x000000fdf6d00000)]
  0x0000029f1e0d2800 JavaThread "Execution worker Thread 6" [_thread_in_native, id=2356, stack(0x000000fdf6d00000,0x000000fdf6e00000)]
  0x0000029f1e0cd000 JavaThread "Execution worker Thread 7" [_thread_blocked, id=10916, stack(0x000000fdf6e00000,0x000000fdf6f00000)]
  0x0000029f1e0d5000 JavaThread "Cache worker for execution history cache (C:\Users\Irene\Desktop\Proyecto\HealthCareApp\.gradle\7.5\executionHistory)" [_thread_blocked, id=15952, stack(0x000000fdf6f00000,0x000000fdf7000000)]

Other Threads:
  0x0000029f1af72800 VMThread "VM Thread" [stack: 0x000000fdec200000,0x000000fdec300000] [id=16060]
  0x0000029f1b19f800 WatcherThread [stack: 0x000000fdecc00000,0x000000fdecd00000] [id=11780]
  0x0000029f7be5d800 GCTaskThread "GC Thread#0" [stack: 0x000000fdebd00000,0x000000fdebe00000] [id=10756]
  0x0000029f1bfb1800 GCTaskThread "GC Thread#1" [stack: 0x000000fdecf00000,0x000000fded000000] [id=9892]
  0x0000029f1ca29800 GCTaskThread "GC Thread#2" [stack: 0x000000fded000000,0x000000fded100000] [id=10104]
  0x0000029f1ca2a000 GCTaskThread "GC Thread#3" [stack: 0x000000fded100000,0x000000fded200000] [id=13848]
  0x0000029f1b6aa000 GCTaskThread "GC Thread#4" [stack: 0x000000fded200000,0x000000fded300000] [id=18724]
  0x0000029f1c9eb800 GCTaskThread "GC Thread#5" [stack: 0x000000fded300000,0x000000fded400000] [id=5512]
  0x0000029f1b598800 GCTaskThread "GC Thread#6" [stack: 0x000000fded800000,0x000000fded900000] [id=2432]
  0x0000029f1c955800 GCTaskThread "GC Thread#7" [stack: 0x000000fded900000,0x000000fdeda00000] [id=13072]
  0x0000029f7be8f000 ConcurrentGCThread "G1 Main Marker" [stack: 0x000000fdebe00000,0x000000fdebf00000] [id=17648]
  0x0000029f7be92000 ConcurrentGCThread "G1 Conc#0" [stack: 0x000000fdebf00000,0x000000fdec000000] [id=13632]
  0x0000029f1d16d800 ConcurrentGCThread "G1 Conc#1" [stack: 0x000000fdee100000,0x000000fdee200000] [id=21088]
  0x0000029f7bf2e000 ConcurrentGCThread "G1 Refine#0" [stack: 0x000000fdec000000,0x000000fdec100000] [id=8136]
  0x0000029f25f60000 ConcurrentGCThread "G1 Refine#1" [stack: 0x000000fdf5400000,0x000000fdf5500000] [id=18660]
  0x0000029f25f61000 ConcurrentGCThread "G1 Refine#2" [stack: 0x000000fdf5500000,0x000000fdf5600000] [id=20260]
  0x0000029f25f62000 ConcurrentGCThread "G1 Refine#3" [stack: 0x000000fdf5600000,0x000000fdf5700000] [id=4204]
  0x0000029f1a5c2800 ConcurrentGCThread "G1 Young RemSet Sampling" [stack: 0x000000fdec100000,0x000000fdec200000] [id=19460]

Threads with active compile tasks:
C2 CompilerThread03076785 31096       4       com.sun.org.apache.xerces.internal.impl.XMLNSDocumentScannerImpl::scanAttribute (824 bytes)

VM state:not at safepoint (normal execution)

VM Mutex/Monitor currently owned by a thread: None

Heap address: 0x0000000080000000, size: 2048 MB, Compressed Oops mode: 32-bit
Narrow klass base: 0x0000000000000000, Narrow klass shift: 3
Compressed class space size: 1073741824 Address: 0x0000000100000000

Heap:
 garbage-first heap   total 258048K, used 213827K [0x0000000080000000, 0x0000000100000000)
  region size 1024K, 59 young (60416K), 4 survivors (4096K)
 Metaspace       used 142765K, capacity 148497K, committed 149720K, reserved 1179648K
  class space    used 17916K, capacity 19996K, committed 20480K, reserved 1048576K
Heap Regions: E=young(eden), S=young(survivor), O=old, HS=humongous(starts), HC=humongous(continues), CS=collection set, F=free, A=archive, TAMS=top-at-mark-start (previous, next)
|   0|0x0000000080000000, 0x0000000080100000, 0x0000000080100000|100%| O|  |TAMS 0x0000000080100000, 0x0000000080000000| Untracked 
|   1|0x0000000080100000, 0x0000000080200000, 0x0000000080200000|100%| O|  |TAMS 0x0000000080200000, 0x0000000080100000| Untracked 
|   2|0x0000000080200000, 0x0000000080300000, 0x0000000080300000|100%| O|  |TAMS 0x0000000080300000, 0x0000000080200000| Untracked 
|   3|0x0000000080300000, 0x0000000080400000, 0x0000000080400000|100%|HS|  |TAMS 0x0000000080400000, 0x0000000080300000| Complete 
|   4|0x0000000080400000, 0x0000000080500000, 0x0000000080500000|100%|HC|  |TAMS 0x0000000080500000, 0x0000000080400000| Complete 
|   5|0x0000000080500000, 0x0000000080600000, 0x0000000080600000|100%|HC|  |TAMS 0x0000000080600000, 0x0000000080500000| Complete 
|   6|0x0000000080600000, 0x0000000080700000, 0x0000000080700000|100%| O|  |TAMS 0x0000000080700000, 0x0000000080600000| Untracked 
|   7|0x0000000080700000, 0x0000000080800000, 0x0000000080800000|100%| O|  |TAMS 0x0000000080800000, 0x0000000080700000| Untracked 
|   8|0x0000000080800000, 0x0000000080900000, 0x0000000080900000|100%| O|  |TAMS 0x0000000080900000, 0x0000000080800000| Untracked 
|   9|0x0000000080900000, 0x0000000080a00000, 0x0000000080a00000|100%| O|  |TAMS 0x0000000080a00000, 0x0000000080900000| Untracked 
|  10|0x0000000080a00000, 0x0000000080b00000, 0x0000000080b00000|100%| O|  |TAMS 0x0000000080b00000, 0x0000000080a00000| Untracked 
|  11|0x0000000080b00000, 0x0000000080c00000, 0x0000000080c00000|100%| O|  |TAMS 0x0000000080c00000, 0x0000000080b00000| Complete 
|  12|0x0000000080c00000, 0x0000000080d00000, 0x0000000080d00000|100%| O|  |TAMS 0x0000000080d00000, 0x0000000080c00000| Untracked 
|  13|0x0000000080d00000, 0x0000000080e00000, 0x0000000080e00000|100%| O|  |TAMS 0x0000000080e00000, 0x0000000080d00000| Untracked 
|  14|0x0000000080e00000, 0x0000000080f00000, 0x0000000080f00000|100%| O|  |TAMS 0x0000000080f00000, 0x0000000080e00000| Untracked 
|  15|0x0000000080f00000, 0x0000000081000000, 0x0000000081000000|100%| O|  |TAMS 0x0000000081000000, 0x0000000080f00000| Complete 
|  16|0x0000000081000000, 0x0000000081100000, 0x0000000081100000|100%|HS|  |TAMS 0x0000000081100000, 0x0000000081000000| Complete 
|  17|0x0000000081100000, 0x0000000081200000, 0x0000000081200000|100%|HS|  |TAMS 0x0000000081200000, 0x0000000081100000| Complete 
|  18|0x0000000081200000, 0x0000000081300000, 0x0000000081300000|100%|HS|  |TAMS 0x0000000081300000, 0x0000000081200000| Complete 
|  19|0x0000000081300000, 0x0000000081400000, 0x0000000081400000|100%|HC|  |TAMS 0x0000000081400000, 0x0000000081300000| Complete 
|  20|0x0000000081400000, 0x0000000081500000, 0x0000000081500000|100%|HS|  |TAMS 0x0000000081500000, 0x0000000081400000| Complete 
|  21|0x0000000081500000, 0x0000000081600000, 0x0000000081600000|100%|HC|  |TAMS 0x0000000081600000, 0x0000000081500000| Complete 
|  22|0x0000000081600000, 0x0000000081700000, 0x0000000081700000|100%|HC|  |TAMS 0x0000000081700000, 0x0000000081600000| Complete 
|  23|0x0000000081700000, 0x0000000081800000, 0x0000000081800000|100%|HC|  |TAMS 0x0000000081800000, 0x0000000081700000| Complete 
|  24|0x0000000081800000, 0x0000000081900000, 0x0000000081900000|100%| O|  |TAMS 0x0000000081900000, 0x0000000081800000| Untracked 
|  25|0x0000000081900000, 0x0000000081a00000, 0x0000000081a00000|100%| O|  |TAMS 0x0000000081a00000, 0x0000000081900000| Untracked 
|  26|0x0000000081a00000, 0x0000000081b00000, 0x0000000081b00000|100%| O|  |TAMS 0x0000000081b00000, 0x0000000081a00000| Complete 
|  27|0x0000000081b00000, 0x0000000081c00000, 0x0000000081c00000|100%| O|  |TAMS 0x0000000081c00000, 0x0000000081b00000| Complete 
|  28|0x0000000081c00000, 0x0000000081d00000, 0x0000000081d00000|100%| O|  |TAMS 0x0000000081d00000, 0x0000000081c00000| Complete 
|  29|0x0000000081d00000, 0x0000000081e00000, 0x0000000081e00000|100%| O|  |TAMS 0x0000000081e00000, 0x0000000081d00000| Complete 
|  30|0x0000000081e00000, 0x0000000081f00000, 0x0000000081f00000|100%| O|  |TAMS 0x0000000081f00000, 0x0000000081e00000| Complete 
|  31|0x0000000081f00000, 0x0000000082000000, 0x0000000082000000|100%| O|  |TAMS 0x0000000082000000, 0x0000000081f00000| Complete 
|  32|0x0000000082000000, 0x0000000082100000, 0x0000000082100000|100%| O|  |TAMS 0x0000000082100000, 0x0000000082000000| Untracked 
|  33|0x0000000082100000, 0x0000000082200000, 0x0000000082200000|100%| O|  |TAMS 0x0000000082200000, 0x0000000082100000| Untracked 
|  34|0x0000000082200000, 0x0000000082300000, 0x0000000082300000|100%|HS|  |TAMS 0x0000000082200000, 0x0000000082200000| Complete 
|  35|0x0000000082300000, 0x0000000082400000, 0x0000000082400000|100%| O|  |TAMS 0x0000000082400000, 0x0000000082300000| Untracked 
|  36|0x0000000082400000, 0x0000000082500000, 0x0000000082500000|100%| O|  |TAMS 0x0000000082500000, 0x0000000082400000| Untracked 
|  37|0x0000000082500000, 0x0000000082600000, 0x0000000082600000|100%| O|  |TAMS 0x0000000082600000, 0x0000000082500000| Complete 
|  38|0x0000000082600000, 0x0000000082700000, 0x0000000082700000|100%| O|  |TAMS 0x0000000082700000, 0x0000000082600000| Untracked 
|  39|0x0000000082700000, 0x0000000082800000, 0x0000000082800000|100%| O|  |TAMS 0x0000000082800000, 0x0000000082700000| Untracked 
|  40|0x0000000082800000, 0x0000000082900000, 0x0000000082900000|100%| O|  |TAMS 0x0000000082900000, 0x0000000082800000| Complete 
|  41|0x0000000082900000, 0x0000000082a00000, 0x0000000082a00000|100%| O|  |TAMS 0x0000000082a00000, 0x0000000082900000| Complete 
|  42|0x0000000082a00000, 0x0000000082b00000, 0x0000000082b00000|100%| O|  |TAMS 0x0000000082b00000, 0x0000000082a00000| Untracked 
|  43|0x0000000082b00000, 0x0000000082c00000, 0x0000000082c00000|100%| O|  |TAMS 0x0000000082c00000, 0x0000000082b00000| Untracked 
|  44|0x0000000082c00000, 0x0000000082d00000, 0x0000000082d00000|100%| O|  |TAMS 0x0000000082d00000, 0x0000000082c00000| Complete 
|  45|0x0000000082d00000, 0x0000000082e00000, 0x0000000082e00000|100%| O|  |TAMS 0x0000000082e00000, 0x0000000082d00000| Untracked 
|  46|0x0000000082e00000, 0x0000000082f00000, 0x0000000082f00000|100%| O|  |TAMS 0x0000000082f00000, 0x0000000082e00000| Untracked 
|  47|0x0000000082f00000, 0x0000000083000000, 0x0000000083000000|100%| O|  |TAMS 0x0000000083000000, 0x0000000082f00000| Untracked 
|  48|0x0000000083000000, 0x0000000083100000, 0x0000000083100000|100%| O|  |TAMS 0x0000000083100000, 0x0000000083000000| Untracked 
|  49|0x0000000083100000, 0x0000000083200000, 0x0000000083200000|100%| O|  |TAMS 0x0000000083200000, 0x0000000083100000| Complete 
|  50|0x0000000083200000, 0x0000000083300000, 0x0000000083300000|100%| O|  |TAMS 0x0000000083300000, 0x0000000083200000| Untracked 
|  51|0x0000000083300000, 0x0000000083400000, 0x0000000083400000|100%| O|  |TAMS 0x0000000083400000, 0x0000000083300000| Complete 
|  52|0x0000000083400000, 0x0000000083500000, 0x0000000083500000|100%| O|  |TAMS 0x0000000083500000, 0x0000000083400000| Complete 
|  53|0x0000000083500000, 0x0000000083600000, 0x0000000083600000|100%| O|  |TAMS 0x0000000083600000, 0x0000000083500000| Complete 
|  54|0x0000000083600000, 0x0000000083700000, 0x0000000083700000|100%| O|  |TAMS 0x0000000083700000, 0x0000000083600000| Complete 
|  55|0x0000000083700000, 0x0000000083800000, 0x0000000083800000|100%| O|  |TAMS 0x0000000083800000, 0x0000000083700000| Complete 
|  56|0x0000000083800000, 0x0000000083900000, 0x0000000083900000|100%| O|  |TAMS 0x0000000083900000, 0x0000000083800000| Untracked 
|  57|0x0000000083900000, 0x0000000083a00000, 0x0000000083a00000|100%| O|  |TAMS 0x0000000083a00000, 0x0000000083900000| Complete 
|  58|0x0000000083a00000, 0x0000000083b00000, 0x0000000083b00000|100%| O|  |TAMS 0x0000000083b00000, 0x0000000083a00000| Untracked 
|  59|0x0000000083b00000, 0x0000000083b00000, 0x0000000083c00000|  0%| F|  |TAMS 0x0000000083b00000, 0x0000000083b00000| Untracked 
|  60|0x0000000083c00000, 0x0000000083d00000, 0x0000000083d00000|100%| O|  |TAMS 0x0000000083d00000, 0x0000000083c00000| Complete 
|  61|0x0000000083d00000, 0x0000000083d00000, 0x0000000083e00000|  0%| F|  |TAMS 0x0000000083d00000, 0x0000000083d00000| Untracked 
|  62|0x0000000083e00000, 0x0000000083f00000, 0x0000000083f00000|100%| O|  |TAMS 0x0000000083f00000, 0x0000000083e00000| Complete 
|  63|0x0000000083f00000, 0x0000000084000000, 0x0000000084000000|100%| O|  |TAMS 0x0000000084000000, 0x0000000083f00000| Complete 
|  64|0x0000000084000000, 0x0000000084100000, 0x0000000084100000|100%| O|  |TAMS 0x0000000084100000, 0x0000000084000000| Complete 
|  65|0x0000000084100000, 0x0000000084200000, 0x0000000084200000|100%| O|  |TAMS 0x0000000084200000, 0x0000000084100000| Complete 
|  66|0x0000000084200000, 0x0000000084300000, 0x0000000084300000|100%| O|  |TAMS 0x0000000084300000, 0x0000000084200000| Complete 
|  67|0x0000000084300000, 0x0000000084400000, 0x0000000084400000|100%| O|  |TAMS 0x0000000084400000, 0x0000000084300000| Complete 
|  68|0x0000000084400000, 0x0000000084500000, 0x0000000084500000|100%|HS|  |TAMS 0x0000000084400000, 0x0000000084400000| Complete 
|  69|0x0000000084500000, 0x0000000084600000, 0x0000000084600000|100%|HC|  |TAMS 0x0000000084500000, 0x0000000084500000| Complete 
|  70|0x0000000084600000, 0x0000000084600000, 0x0000000084700000|  0%| F|  |TAMS 0x0000000084600000, 0x0000000084600000| Untracked 
|  71|0x0000000084700000, 0x0000000084800000, 0x0000000084800000|100%| O|  |TAMS 0x0000000084800000, 0x0000000084700000| Untracked 
|  72|0x0000000084800000, 0x0000000084900000, 0x0000000084900000|100%| O|  |TAMS 0x0000000084900000, 0x0000000084800000| Untracked 
|  73|0x0000000084900000, 0x0000000084a00000, 0x0000000084a00000|100%| O|  |TAMS 0x0000000084a00000, 0x0000000084900000| Untracked 
|  74|0x0000000084a00000, 0x0000000084b00000, 0x0000000084b00000|100%|HS|  |TAMS 0x0000000084a00000, 0x0000000084a00000| Complete 
|  75|0x0000000084b00000, 0x0000000084c00000, 0x0000000084c00000|100%|HC|  |TAMS 0x0000000084b00000, 0x0000000084b00000| Complete 
|  76|0x0000000084c00000, 0x0000000084d00000, 0x0000000084d00000|100%|HS|  |TAMS 0x0000000084c00000, 0x0000000084c00000| Complete 
|  77|0x0000000084d00000, 0x0000000084e00000, 0x0000000084e00000|100%|HC|  |TAMS 0x0000000084d00000, 0x0000000084d00000| Complete 
|  78|0x0000000084e00000, 0x0000000084f00000, 0x0000000084f00000|100%| O|  |TAMS 0x0000000084f00000, 0x0000000084e00000| Complete 
|  79|0x0000000084f00000, 0x0000000085000000, 0x0000000085000000|100%| O|  |TAMS 0x0000000085000000, 0x0000000084f00000| Untracked 
|  80|0x0000000085000000, 0x0000000085100000, 0x0000000085100000|100%| O|  |TAMS 0x0000000085100000, 0x0000000085000000| Complete 
|  81|0x0000000085100000, 0x0000000085200000, 0x0000000085200000|100%| O|  |TAMS 0x0000000085200000, 0x0000000085100000| Untracked 
|  82|0x0000000085200000, 0x0000000085300000, 0x0000000085300000|100%| O|  |TAMS 0x0000000085300000, 0x0000000085200000| Complete 
|  83|0x0000000085300000, 0x0000000085400000, 0x0000000085400000|100%| O|  |TAMS 0x0000000085400000, 0x0000000085300000| Untracked 
|  84|0x0000000085400000, 0x0000000085500000, 0x0000000085500000|100%| O|  |TAMS 0x0000000085500000, 0x0000000085400000| Untracked 
|  85|0x0000000085500000, 0x0000000085600000, 0x0000000085600000|100%| O|  |TAMS 0x0000000085600000, 0x0000000085500000| Complete 
|  86|0x0000000085600000, 0x0000000085700000, 0x0000000085700000|100%| O|  |TAMS 0x0000000085700000, 0x0000000085600000| Untracked 
|  87|0x0000000085700000, 0x0000000085800000, 0x0000000085800000|100%| O|  |TAMS 0x0000000085800000, 0x0000000085700000| Complete 
|  88|0x0000000085800000, 0x0000000085900000, 0x0000000085900000|100%| O|  |TAMS 0x0000000085900000, 0x0000000085800000| Complete 
|  89|0x0000000085900000, 0x0000000085a00000, 0x0000000085a00000|100%| O|  |TAMS 0x0000000085a00000, 0x0000000085900000| Complete 
|  90|0x0000000085a00000, 0x0000000085b00000, 0x0000000085b00000|100%| O|  |TAMS 0x0000000085b00000, 0x0000000085a00000| Complete 
|  91|0x0000000085b00000, 0x0000000085c00000, 0x0000000085c00000|100%| O|  |TAMS 0x0000000085c00000, 0x0000000085b00000| Complete 
|  92|0x0000000085c00000, 0x0000000085d00000, 0x0000000085d00000|100%| O|  |TAMS 0x0000000085d00000, 0x0000000085c00000| Complete 
|  93|0x0000000085d00000, 0x0000000085e00000, 0x0000000085e00000|100%| O|  |TAMS 0x0000000085e00000, 0x0000000085d00000| Complete 
|  94|0x0000000085e00000, 0x0000000085f00000, 0x0000000085f00000|100%| O|  |TAMS 0x0000000085f00000, 0x0000000085e00000| Complete 
|  95|0x0000000085f00000, 0x0000000086000000, 0x0000000086000000|100%| O|  |TAMS 0x0000000086000000, 0x0000000085f00000| Complete 
|  96|0x0000000086000000, 0x0000000086100000, 0x0000000086100000|100%| O|  |TAMS 0x0000000086100000, 0x0000000086000000| Complete 
|  97|0x0000000086100000, 0x0000000086100000, 0x0000000086200000|  0%| F|  |TAMS 0x0000000086100000, 0x0000000086100000| Untracked 
|  98|0x0000000086200000, 0x0000000086300000, 0x0000000086300000|100%| O|  |TAMS 0x0000000086300000, 0x0000000086200000| Complete 
|  99|0x0000000086300000, 0x0000000086300000, 0x0000000086400000|  0%| F|  |TAMS 0x0000000086300000, 0x0000000086300000| Untracked 
| 100|0x0000000086400000, 0x0000000086500000, 0x0000000086500000|100%| O|  |TAMS 0x0000000086500000, 0x0000000086400000| Complete 
| 101|0x0000000086500000, 0x0000000086600000, 0x0000000086600000|100%| O|  |TAMS 0x0000000086600000, 0x0000000086500000| Complete 
| 102|0x0000000086600000, 0x0000000086700000, 0x0000000086700000|100%| O|  |TAMS 0x0000000086700000, 0x0000000086600000| Complete 
| 103|0x0000000086700000, 0x0000000086800000, 0x0000000086800000|100%| O|  |TAMS 0x0000000086800000, 0x0000000086700000| Complete 
| 104|0x0000000086800000, 0x0000000086900000, 0x0000000086900000|100%| O|  |TAMS 0x0000000086900000, 0x0000000086800000| Complete 
| 105|0x0000000086900000, 0x0000000086a00000, 0x0000000086a00000|100%| O|  |TAMS 0x0000000086a00000, 0x0000000086900000| Complete 
| 106|0x0000000086a00000, 0x0000000086b00000, 0x0000000086b00000|100%| O|  |TAMS 0x0000000086b00000, 0x0000000086a00000| Complete 
| 107|0x0000000086b00000, 0x0000000086c00000, 0x0000000086c00000|100%| O|  |TAMS 0x0000000086c00000, 0x0000000086b00000| Complete 
| 108|0x0000000086c00000, 0x0000000086d00000, 0x0000000086d00000|100%| O|  |TAMS 0x0000000086d00000, 0x0000000086c00000| Complete 
| 109|0x0000000086d00000, 0x0000000086d9aa00, 0x0000000086e00000| 60%| O|  |TAMS 0x0000000086d9aa00, 0x0000000086d00000| Untracked 
| 110|0x0000000086e00000, 0x0000000086e00000, 0x0000000086f00000|  0%| F|  |TAMS 0x0000000086e00000, 0x0000000086e00000| Untracked 
| 111|0x0000000086f00000, 0x0000000087000000, 0x0000000087000000|100%| O|  |TAMS 0x0000000087000000, 0x0000000086f00000| Complete 
| 112|0x0000000087000000, 0x0000000087100000, 0x0000000087100000|100%| O|  |TAMS 0x0000000087100000, 0x0000000087000000| Untracked 
| 113|0x0000000087100000, 0x0000000087200000, 0x0000000087200000|100%| O|  |TAMS 0x0000000087200000, 0x0000000087100000| Untracked 
| 114|0x0000000087200000, 0x0000000087300000, 0x0000000087300000|100%| O|  |TAMS 0x0000000087300000, 0x0000000087200000| Complete 
| 115|0x0000000087300000, 0x0000000087400000, 0x0000000087400000|100%| O|  |TAMS 0x0000000087400000, 0x0000000087300000| Untracked 
| 116|0x0000000087400000, 0x0000000087400000, 0x0000000087500000|  0%| F|  |TAMS 0x0000000087400000, 0x0000000087400000| Untracked 
| 117|0x0000000087500000, 0x0000000087600000, 0x0000000087600000|100%| O|  |TAMS 0x0000000087600000, 0x0000000087500000| Untracked 
| 118|0x0000000087600000, 0x0000000087600000, 0x0000000087700000|  0%| F|  |TAMS 0x0000000087600000, 0x0000000087600000| Untracked 
| 119|0x0000000087700000, 0x0000000087800000, 0x0000000087800000|100%| O|  |TAMS 0x0000000087800000, 0x0000000087700000| Complete 
| 120|0x0000000087800000, 0x0000000087800000, 0x0000000087900000|  0%| F|  |TAMS 0x0000000087800000, 0x0000000087800000| Untracked 
| 121|0x0000000087900000, 0x0000000087a00000, 0x0000000087a00000|100%| O|  |TAMS 0x0000000087a00000, 0x0000000087900000| Complete 
| 122|0x0000000087a00000, 0x0000000087b00000, 0x0000000087b00000|100%| O|  |TAMS 0x0000000087b00000, 0x0000000087a00000| Untracked 
| 123|0x0000000087b00000, 0x0000000087c00000, 0x0000000087c00000|100%| O|  |TAMS 0x0000000087c00000, 0x0000000087b00000| Complete 
| 124|0x0000000087c00000, 0x0000000087d00000, 0x0000000087d00000|100%|HS|  |TAMS 0x0000000087c00000, 0x0000000087c00000| Complete 
| 125|0x0000000087d00000, 0x0000000087e00000, 0x0000000087e00000|100%|HC|  |TAMS 0x0000000087d00000, 0x0000000087d00000| Complete 
| 126|0x0000000087e00000, 0x0000000087f00000, 0x0000000087f00000|100%|HS|  |TAMS 0x0000000087e00000, 0x0000000087e00000| Complete 
| 127|0x0000000087f00000, 0x0000000088000000, 0x0000000088000000|100%|HC|  |TAMS 0x0000000087f00000, 0x0000000087f00000| Complete 
| 128|0x0000000088000000, 0x0000000088100000, 0x0000000088100000|100%| O|  |TAMS 0x0000000088100000, 0x0000000088000000| Complete 
| 129|0x0000000088100000, 0x0000000088200000, 0x0000000088200000|100%| O|  |TAMS 0x0000000088200000, 0x0000000088100000| Complete 
| 130|0x0000000088200000, 0x0000000088300000, 0x0000000088300000|100%| O|  |TAMS 0x0000000088300000, 0x0000000088200000| Untracked 
| 131|0x0000000088300000, 0x0000000088400000, 0x0000000088400000|100%| O|  |TAMS 0x0000000088400000, 0x0000000088300000| Untracked 
| 132|0x0000000088400000, 0x0000000088500000, 0x0000000088500000|100%| O|  |TAMS 0x0000000088500000, 0x0000000088400000| Untracked 
| 133|0x0000000088500000, 0x0000000088600000, 0x0000000088600000|100%| O|  |TAMS 0x0000000088600000, 0x0000000088500000| Complete 
| 134|0x0000000088600000, 0x0000000088600000, 0x0000000088700000|  0%| F|  |TAMS 0x0000000088600000, 0x0000000088600000| Untracked 
| 135|0x0000000088700000, 0x0000000088800000, 0x0000000088800000|100%| O|  |TAMS 0x0000000088800000, 0x0000000088700000| Untracked 
| 136|0x0000000088800000, 0x0000000088800000, 0x0000000088900000|  0%| F|  |TAMS 0x0000000088800000, 0x0000000088800000| Untracked 
| 137|0x0000000088900000, 0x0000000088a00000, 0x0000000088a00000|100%| O|  |TAMS 0x0000000088a00000, 0x0000000088900000| Complete 
| 138|0x0000000088a00000, 0x0000000088b00000, 0x0000000088b00000|100%| O|  |TAMS 0x0000000088b00000, 0x0000000088a00000| Complete 
| 139|0x0000000088b00000, 0x0000000088c00000, 0x0000000088c00000|100%| O|  |TAMS 0x0000000088c00000, 0x0000000088b00000| Complete 
| 140|0x0000000088c00000, 0x0000000088d00000, 0x0000000088d00000|100%| O|  |TAMS 0x0000000088d00000, 0x0000000088c00000| Untracked 
| 141|0x0000000088d00000, 0x0000000088d00000, 0x0000000088e00000|  0%| F|  |TAMS 0x0000000088d00000, 0x0000000088d00000| Untracked 
| 142|0x0000000088e00000, 0x0000000088f00000, 0x0000000088f00000|100%| O|  |TAMS 0x0000000088f00000, 0x0000000088e00000| Untracked 
| 143|0x0000000088f00000, 0x0000000089000000, 0x0000000089000000|100%| O|  |TAMS 0x0000000089000000, 0x0000000088f00000| Complete 
| 144|0x0000000089000000, 0x0000000089100000, 0x0000000089100000|100%| O|  |TAMS 0x0000000089100000, 0x0000000089000000| Complete 
| 145|0x0000000089100000, 0x0000000089200000, 0x0000000089200000|100%| O|  |TAMS 0x0000000089200000, 0x0000000089100000| Complete 
| 146|0x0000000089200000, 0x0000000089300000, 0x0000000089300000|100%| O|  |TAMS 0x0000000089300000, 0x0000000089200000| Complete 
| 147|0x0000000089300000, 0x0000000089300000, 0x0000000089400000|  0%| F|  |TAMS 0x0000000089300000, 0x0000000089300000| Untracked 
| 148|0x0000000089400000, 0x0000000089500000, 0x0000000089500000|100%| O|  |TAMS 0x0000000089500000, 0x0000000089400000| Untracked 
| 149|0x0000000089500000, 0x0000000089500000, 0x0000000089600000|  0%| F|  |TAMS 0x0000000089500000, 0x0000000089500000| Untracked 
| 150|0x0000000089600000, 0x0000000089700000, 0x0000000089700000|100%| O|  |TAMS 0x0000000089700000, 0x0000000089600000| Untracked 
| 151|0x0000000089700000, 0x0000000089800000, 0x0000000089800000|100%| O|  |TAMS 0x0000000089800000, 0x0000000089700000| Complete 
| 152|0x0000000089800000, 0x0000000089800000, 0x0000000089900000|  0%| F|  |TAMS 0x0000000089800000, 0x0000000089800000| Untracked 
| 153|0x0000000089900000, 0x0000000089a00000, 0x0000000089a00000|100%| O|  |TAMS 0x0000000089a00000, 0x0000000089900000| Complete 
| 154|0x0000000089a00000, 0x0000000089b00000, 0x0000000089b00000|100%|HS|  |TAMS 0x0000000089a00000, 0x0000000089a00000| Complete 
| 155|0x0000000089b00000, 0x0000000089c00000, 0x0000000089c00000|100%|HC|  |TAMS 0x0000000089b00000, 0x0000000089b00000| Complete 
| 156|0x0000000089c00000, 0x0000000089d00000, 0x0000000089d00000|100%| O|  |TAMS 0x0000000089d00000, 0x0000000089c00000| Complete 
| 157|0x0000000089d00000, 0x0000000089e00000, 0x0000000089e00000|100%| O|  |TAMS 0x0000000089e00000, 0x0000000089d00000| Untracked 
| 158|0x0000000089e00000, 0x0000000089f00000, 0x0000000089f00000|100%| O|  |TAMS 0x0000000089f00000, 0x0000000089e00000| Complete 
| 159|0x0000000089f00000, 0x000000008a000000, 0x000000008a000000|100%| O|  |TAMS 0x000000008a000000, 0x0000000089f00000| Untracked 
| 160|0x000000008a000000, 0x000000008a100000, 0x000000008a100000|100%| O|  |TAMS 0x000000008a100000, 0x000000008a000000| Untracked 
| 161|0x000000008a100000, 0x000000008a100000, 0x000000008a200000|  0%| F|  |TAMS 0x000000008a100000, 0x000000008a100000| Untracked 
| 162|0x000000008a200000, 0x000000008a300000, 0x000000008a300000|100%| O|  |TAMS 0x000000008a300000, 0x000000008a200000| Untracked 
| 163|0x000000008a300000, 0x000000008a400000, 0x000000008a400000|100%|HS|  |TAMS 0x000000008a300000, 0x000000008a300000| Complete 
| 164|0x000000008a400000, 0x000000008a500000, 0x000000008a500000|100%|HC|  |TAMS 0x000000008a400000, 0x000000008a400000| Complete 
| 165|0x000000008a500000, 0x000000008a600000, 0x000000008a600000|100%|HS|  |TAMS 0x000000008a500000, 0x000000008a500000| Complete 
| 166|0x000000008a600000, 0x000000008a700000, 0x000000008a700000|100%|HC|  |TAMS 0x000000008a600000, 0x000000008a600000| Complete 
| 167|0x000000008a700000, 0x000000008a800000, 0x000000008a800000|100%|HS|  |TAMS 0x000000008a700000, 0x000000008a700000| Complete 
| 168|0x000000008a800000, 0x000000008a900000, 0x000000008a900000|100%|HC|  |TAMS 0x000000008a800000, 0x000000008a800000| Complete 
| 169|0x000000008a900000, 0x000000008a900000, 0x000000008aa00000|  0%| F|  |TAMS 0x000000008a900000, 0x000000008a900000| Untracked 
| 170|0x000000008aa00000, 0x000000008aa00000, 0x000000008ab00000|  0%| F|  |TAMS 0x000000008aa00000, 0x000000008aa00000| Untracked 
| 171|0x000000008ab00000, 0x000000008ab00000, 0x000000008ac00000|  0%| F|  |TAMS 0x000000008ab00000, 0x000000008ab00000| Untracked 
| 172|0x000000008ac00000, 0x000000008ac00000, 0x000000008ad00000|  0%| F|  |TAMS 0x000000008ac00000, 0x000000008ac00000| Untracked 
| 173|0x000000008ad00000, 0x000000008ad00000, 0x000000008ae00000|  0%| F|  |TAMS 0x000000008ad00000, 0x000000008ad00000| Untracked 
| 174|0x000000008ae00000, 0x000000008ae00000, 0x000000008af00000|  0%| F|  |TAMS 0x000000008ae00000, 0x000000008ae00000| Untracked 
| 175|0x000000008af00000, 0x000000008af00000, 0x000000008b000000|  0%| F|  |TAMS 0x000000008af00000, 0x000000008af00000| Untracked 
| 176|0x000000008b000000, 0x000000008b000000, 0x000000008b100000|  0%| F|  |TAMS 0x000000008b000000, 0x000000008b000000| Untracked 
| 177|0x000000008b100000, 0x000000008b100000, 0x000000008b200000|  0%| F|  |TAMS 0x000000008b100000, 0x000000008b100000| Untracked 
| 178|0x000000008b200000, 0x000000008b200000, 0x000000008b300000|  0%| F|  |TAMS 0x000000008b200000, 0x000000008b200000| Untracked 
| 179|0x000000008b300000, 0x000000008b300000, 0x000000008b400000|  0%| F|  |TAMS 0x000000008b300000, 0x000000008b300000| Untracked 
| 180|0x000000008b400000, 0x000000008b400000, 0x000000008b500000|  0%| F|  |TAMS 0x000000008b400000, 0x000000008b400000| Untracked 
| 181|0x000000008b500000, 0x000000008b500000, 0x000000008b600000|  0%| F|  |TAMS 0x000000008b500000, 0x000000008b500000| Untracked 
| 182|0x000000008b600000, 0x000000008b600000, 0x000000008b700000|  0%| F|  |TAMS 0x000000008b600000, 0x000000008b600000| Untracked 
| 183|0x000000008b700000, 0x000000008b700000, 0x000000008b800000|  0%| F|  |TAMS 0x000000008b700000, 0x000000008b700000| Untracked 
| 184|0x000000008b800000, 0x000000008b800000, 0x000000008b900000|  0%| F|  |TAMS 0x000000008b800000, 0x000000008b800000| Untracked 
| 185|0x000000008b900000, 0x000000008b900000, 0x000000008ba00000|  0%| F|  |TAMS 0x000000008b900000, 0x000000008b900000| Untracked 
| 186|0x000000008ba00000, 0x000000008ba00000, 0x000000008bb00000|  0%| F|  |TAMS 0x000000008ba00000, 0x000000008ba00000| Untracked 
| 187|0x000000008bb00000, 0x000000008bb00000, 0x000000008bc00000|  0%| F|  |TAMS 0x000000008bb00000, 0x000000008bb00000| Untracked 
| 188|0x000000008bc00000, 0x000000008bc00000, 0x000000008bd00000|  0%| F|  |TAMS 0x000000008bc00000, 0x000000008bc00000| Untracked 
| 189|0x000000008bd00000, 0x000000008bd00000, 0x000000008be00000|  0%| F|  |TAMS 0x000000008bd00000, 0x000000008bd00000| Untracked 
| 190|0x000000008be00000, 0x000000008be00000, 0x000000008bf00000|  0%| F|  |TAMS 0x000000008be00000, 0x000000008be00000| Untracked 
| 191|0x000000008bf00000, 0x000000008bf00000, 0x000000008c000000|  0%| F|  |TAMS 0x000000008bf00000, 0x000000008bf00000| Untracked 
| 192|0x000000008c000000, 0x000000008c000000, 0x000000008c100000|  0%| F|  |TAMS 0x000000008c000000, 0x000000008c000000| Untracked 
| 193|0x000000008c100000, 0x000000008c1fbb58, 0x000000008c200000| 98%| E|  |TAMS 0x000000008c100000, 0x000000008c100000| Complete 
| 194|0x000000008c200000, 0x000000008c236480, 0x000000008c300000| 21%| S|CS|TAMS 0x000000008c200000, 0x000000008c200000| Complete 
| 195|0x000000008c300000, 0x000000008c400000, 0x000000008c400000|100%| S|CS|TAMS 0x000000008c300000, 0x000000008c300000| Complete 
| 196|0x000000008c400000, 0x000000008c500000, 0x000000008c500000|100%| S|CS|TAMS 0x000000008c400000, 0x000000008c400000| Complete 
| 197|0x000000008c500000, 0x000000008c600000, 0x000000008c600000|100%| S|CS|TAMS 0x000000008c500000, 0x000000008c500000| Complete 
| 198|0x000000008c600000, 0x000000008c700000, 0x000000008c700000|100%| E|CS|TAMS 0x000000008c600000, 0x000000008c600000| Complete 
| 199|0x000000008c700000, 0x000000008c800000, 0x000000008c800000|100%| E|CS|TAMS 0x000000008c700000, 0x000000008c700000| Complete 
| 200|0x000000008c800000, 0x000000008c900000, 0x000000008c900000|100%| E|CS|TAMS 0x000000008c800000, 0x000000008c800000| Complete 
| 201|0x000000008c900000, 0x000000008ca00000, 0x000000008ca00000|100%| E|CS|TAMS 0x000000008c900000, 0x000000008c900000| Complete 
| 202|0x000000008ca00000, 0x000000008cb00000, 0x000000008cb00000|100%| E|CS|TAMS 0x000000008ca00000, 0x000000008ca00000| Complete 
| 203|0x000000008cb00000, 0x000000008cc00000, 0x000000008cc00000|100%| E|CS|TAMS 0x000000008cb00000, 0x000000008cb00000| Complete 
| 204|0x000000008cc00000, 0x000000008cd00000, 0x000000008cd00000|100%| E|CS|TAMS 0x000000008cc00000, 0x000000008cc00000| Complete 
| 205|0x000000008cd00000, 0x000000008ce00000, 0x000000008ce00000|100%| E|CS|TAMS 0x000000008cd00000, 0x000000008cd00000| Complete 
| 206|0x000000008ce00000, 0x000000008cf00000, 0x000000008cf00000|100%| E|CS|TAMS 0x000000008ce00000, 0x000000008ce00000| Complete 
| 207|0x000000008cf00000, 0x000000008d000000, 0x000000008d000000|100%| E|  |TAMS 0x000000008cf00000, 0x000000008cf00000| Complete 
| 208|0x000000008d000000, 0x000000008d100000, 0x000000008d100000|100%| E|CS|TAMS 0x000000008d000000, 0x000000008d000000| Complete 
| 209|0x000000008d100000, 0x000000008d200000, 0x000000008d200000|100%| E|CS|TAMS 0x000000008d100000, 0x000000008d100000| Complete 
| 210|0x000000008d200000, 0x000000008d300000, 0x000000008d300000|100%| E|CS|TAMS 0x000000008d200000, 0x000000008d200000| Complete 
| 211|0x000000008d300000, 0x000000008d400000, 0x000000008d400000|100%| E|CS|TAMS 0x000000008d300000, 0x000000008d300000| Complete 
| 212|0x000000008d400000, 0x000000008d500000, 0x000000008d500000|100%| E|CS|TAMS 0x000000008d400000, 0x000000008d400000| Complete 
| 213|0x000000008d500000, 0x000000008d600000, 0x000000008d600000|100%| E|CS|TAMS 0x000000008d500000, 0x000000008d500000| Complete 
| 214|0x000000008d600000, 0x000000008d700000, 0x000000008d700000|100%| E|CS|TAMS 0x000000008d600000, 0x000000008d600000| Complete 
| 215|0x000000008d700000, 0x000000008d800000, 0x000000008d800000|100%| E|CS|TAMS 0x000000008d700000, 0x000000008d700000| Complete 
| 216|0x000000008d800000, 0x000000008d900000, 0x000000008d900000|100%| E|CS|TAMS 0x000000008d800000, 0x000000008d800000| Complete 
| 217|0x000000008d900000, 0x000000008da00000, 0x000000008da00000|100%| E|CS|TAMS 0x000000008d900000, 0x000000008d900000| Complete 
| 218|0x000000008da00000, 0x000000008db00000, 0x000000008db00000|100%| E|CS|TAMS 0x000000008da00000, 0x000000008da00000| Complete 
| 219|0x000000008db00000, 0x000000008dc00000, 0x000000008dc00000|100%| E|CS|TAMS 0x000000008db00000, 0x000000008db00000| Complete 
| 220|0x000000008dc00000, 0x000000008dd00000, 0x000000008dd00000|100%| E|CS|TAMS 0x000000008dc00000, 0x000000008dc00000| Complete 
| 221|0x000000008dd00000, 0x000000008de00000, 0x000000008de00000|100%| E|CS|TAMS 0x000000008dd00000, 0x000000008dd00000| Complete 
| 222|0x000000008de00000, 0x000000008df00000, 0x000000008df00000|100%| E|CS|TAMS 0x000000008de00000, 0x000000008de00000| Complete 
| 223|0x000000008df00000, 0x000000008e000000, 0x000000008e000000|100%| E|CS|TAMS 0x000000008df00000, 0x000000008df00000| Complete 
| 224|0x000000008e000000, 0x000000008e100000, 0x000000008e100000|100%| E|CS|TAMS 0x000000008e000000, 0x000000008e000000| Complete 
| 225|0x000000008e100000, 0x000000008e200000, 0x000000008e200000|100%| E|CS|TAMS 0x000000008e100000, 0x000000008e100000| Complete 
| 226|0x000000008e200000, 0x000000008e300000, 0x000000008e300000|100%| E|CS|TAMS 0x000000008e200000, 0x000000008e200000| Complete 
| 227|0x000000008e300000, 0x000000008e400000, 0x000000008e400000|100%| E|CS|TAMS 0x000000008e300000, 0x000000008e300000| Complete 
| 228|0x000000008e400000, 0x000000008e500000, 0x000000008e500000|100%| E|CS|TAMS 0x000000008e400000, 0x000000008e400000| Complete 
| 229|0x000000008e500000, 0x000000008e600000, 0x000000008e600000|100%| E|CS|TAMS 0x000000008e500000, 0x000000008e500000| Complete 
| 230|0x000000008e600000, 0x000000008e700000, 0x000000008e700000|100%| E|CS|TAMS 0x000000008e600000, 0x000000008e600000| Complete 
| 231|0x000000008e700000, 0x000000008e800000, 0x000000008e800000|100%| E|CS|TAMS 0x000000008e700000, 0x000000008e700000| Complete 
| 232|0x000000008e800000, 0x000000008e900000, 0x000000008e900000|100%| E|CS|TAMS 0x000000008e800000, 0x000000008e800000| Complete 
| 233|0x000000008e900000, 0x000000008ea00000, 0x000000008ea00000|100%| E|CS|TAMS 0x000000008e900000, 0x000000008e900000| Complete 
| 234|0x000000008ea00000, 0x000000008eb00000, 0x000000008eb00000|100%| E|CS|TAMS 0x000000008ea00000, 0x000000008ea00000| Complete 
| 235|0x000000008eb00000, 0x000000008ec00000, 0x000000008ec00000|100%| E|CS|TAMS 0x000000008eb00000, 0x000000008eb00000| Complete 
| 236|0x000000008ec00000, 0x000000008ed00000, 0x000000008ed00000|100%| E|CS|TAMS 0x000000008ec00000, 0x000000008ec00000| Complete 
| 237|0x000000008ed00000, 0x000000008ee00000, 0x000000008ee00000|100%| E|CS|TAMS 0x000000008ed00000, 0x000000008ed00000| Complete 
| 238|0x000000008ee00000, 0x000000008ef00000, 0x000000008ef00000|100%| E|CS|TAMS 0x000000008ee00000, 0x000000008ee00000| Complete 
| 239|0x000000008ef00000, 0x000000008f000000, 0x000000008f000000|100%| E|CS|TAMS 0x000000008ef00000, 0x000000008ef00000| Complete 
| 240|0x000000008f000000, 0x000000008f100000, 0x000000008f100000|100%| E|CS|TAMS 0x000000008f000000, 0x000000008f000000| Complete 
| 241|0x000000008f100000, 0x000000008f200000, 0x000000008f200000|100%| E|CS|TAMS 0x000000008f100000, 0x000000008f100000| Complete 
| 242|0x000000008f200000, 0x000000008f300000, 0x000000008f300000|100%| E|CS|TAMS 0x000000008f200000, 0x000000008f200000| Complete 
| 243|0x000000008f300000, 0x000000008f400000, 0x000000008f400000|100%| E|CS|TAMS 0x000000008f300000, 0x000000008f300000| Complete 
| 244|0x000000008f400000, 0x000000008f500000, 0x000000008f500000|100%| E|CS|TAMS 0x000000008f400000, 0x000000008f400000| Complete 
| 245|0x000000008f500000, 0x000000008f600000, 0x000000008f600000|100%| E|CS|TAMS 0x000000008f500000, 0x000000008f500000| Complete 
| 246|0x000000008f600000, 0x000000008f700000, 0x000000008f700000|100%| E|CS|TAMS 0x000000008f600000, 0x000000008f600000| Complete 
| 247|0x000000008f700000, 0x000000008f800000, 0x000000008f800000|100%| E|CS|TAMS 0x000000008f700000, 0x000000008f700000| Complete 
| 248|0x000000008f800000, 0x000000008f900000, 0x000000008f900000|100%| E|CS|TAMS 0x000000008f800000, 0x000000008f800000| Complete 
| 249|0x000000008f900000, 0x000000008fa00000, 0x000000008fa00000|100%| E|CS|TAMS 0x000000008f900000, 0x000000008f900000| Complete 
| 250|0x000000008fa00000, 0x000000008fb00000, 0x000000008fb00000|100%| E|CS|TAMS 0x000000008fa00000, 0x000000008fa00000| Complete 
| 251|0x000000008fb00000, 0x000000008fc00000, 0x000000008fc00000|100%| E|CS|TAMS 0x000000008fb00000, 0x000000008fb00000| Complete 

Card table byte_map: [0x0000029f7cd90000,0x0000029f7d190000] _byte_map_base: 0x0000029f7c990000

Marking Bits (Prev, Next): (CMBitMap*) 0x0000029f7be84ed8, (CMBitMap*) 0x0000029f7be84f10
 Prev Bits: [0x0000029f7d590000, 0x0000029f7f590000)
 Next Bits: [0x0000029f16550000, 0x0000029f18550000)

Polling page: 0x0000029f7a5c0000

Metaspace:

Usage:
  Non-class:    125.49 MB capacity,   121.92 MB ( 97%) used,     2.95 MB (  2%) free+waste,   636.31 KB ( <1%) overhead. 
      Class:     19.53 MB capacity,    17.50 MB ( 90%) used,     1.75 MB (  9%) free+waste,   289.63 KB (  1%) overhead. 
       Both:    145.02 MB capacity,   139.42 MB ( 96%) used,     4.69 MB (  3%) free+waste,   925.94 KB ( <1%) overhead. 

Virtual space:
  Non-class space:      128.00 MB reserved,     126.21 MB ( 99%) committed 
      Class space:        1.00 GB reserved,      20.00 MB (  2%) committed 
             Both:        1.13 GB reserved,     146.21 MB ( 13%) committed 

Chunk freelists:
   Non-Class:  76.38 KB
       Class:  52.75 KB
        Both:  129.13 KB

CodeHeap 'non-profiled nmethods': size=120000Kb used=23614Kb max_used=23614Kb free=96385Kb
 bounds [0x0000029f0f020000, 0x0000029f10740000, 0x0000029f16550000]
CodeHeap 'profiled nmethods': size=120000Kb used=56136Kb max_used=56136Kb free=63864Kb
 bounds [0x0000029f07af0000, 0x0000029f0b250000, 0x0000029f0f020000]
CodeHeap 'non-nmethods': size=5760Kb used=2425Kb max_used=2511Kb free=3334Kb
 bounds [0x0000029f07550000, 0x0000029f077f0000, 0x0000029f07af0000]
 total_blobs=27102 nmethods=26043 adapters=968
 compilation: enabled
              stopped_count=0, restarted_count=0
 full_count=0

Compilation events (10 events):
Event: 3076.738 Thread 0x0000029f1afe6800 31134       3       com.google.wireless.android.sdk.stats.GradleBuildVariant::getMinSdkVersion (18 bytes)
Event: 3076.738 Thread 0x0000029f1afe6800 nmethod 31134 0x0000029f096aaa90 code [0x0000029f096aac40, 0x0000029f096aadf8]
Event: 3076.738 Thread 0x0000029f1afe6800 31135       3       com.google.wireless.android.sdk.stats.GradleBuildVariant::getTargetSdkVersion (18 bytes)
Event: 3076.738 Thread 0x0000029f1afe6800 nmethod 31135 0x0000029f09749a90 code [0x0000029f09749c40, 0x0000029f09749df8]
Event: 3076.756 Thread 0x0000029f1afe6800 31138       3       org.gradle.api.internal.artifacts.ivyservice.resolveengine.result.ResolvedVariantResultSerializer::<init> (40 bytes)
Event: 3076.756 Thread 0x0000029f1afe6800 nmethod 31138 0x0000029f09d40910 code [0x0000029f09d40b20, 0x0000029f09d413d8]
Event: 3076.757 Thread 0x0000029f1afe6800 31139       3       org.gradle.api.internal.artifacts.ivyservice.resolveengine.result.ComponentSelectorSerializer::<init> (29 bytes)
Event: 3076.757 Thread 0x0000029f1afe6800 nmethod 31139 0x0000029f09de8910 code [0x0000029f09de8b60, 0x0000029f09de9798]
Event: 3076.757 Thread 0x0000029f1afe6800 31140       3       org.gradle.api.internal.artifacts.ivyservice.resolveengine.result.ComponentSelectorSerializer$OptimizingAttributeContainerSerializer::<init> (6 bytes)
Event: 3076.758 Thread 0x0000029f1afe6800 nmethod 31140 0x0000029f09de7b90 code [0x0000029f09de7da0, 0x0000029f09de8638]

GC Heap History (10 events):
Event: 2891.275 GC heap before
{Heap before GC invocations=121 (full 0):
 garbage-first heap   total 258048K, used 157102K [0x0000000080000000, 0x0000000100000000)
  region size 1024K, 12 young (12288K), 9 survivors (9216K)
 Metaspace       used 142510K, capacity 148229K, committed 149464K, reserved 1177600K
  class space    used 17916K, capacity 19996K, committed 20480K, reserved 1048576K
}
Event: 2891.290 GC heap after
{Heap after GC invocations=122 (full 0):
 garbage-first heap   total 258048K, used 137567K [0x0000000080000000, 0x0000000100000000)
  region size 1024K, 1 young (1024K), 1 survivors (1024K)
 Metaspace       used 142510K, capacity 148229K, committed 149464K, reserved 1177600K
  class space    used 17916K, capacity 19996K, committed 20480K, reserved 1048576K
}
Event: 2892.166 GC heap before
{Heap before GC invocations=122 (full 0):
 garbage-first heap   total 258048K, used 193887K [0x0000000080000000, 0x0000000100000000)
  region size 1024K, 58 young (59392K), 1 survivors (1024K)
 Metaspace       used 142589K, capacity 148299K, committed 149464K, reserved 1177600K
  class space    used 17916K, capacity 19996K, committed 20480K, reserved 1048576K
}
Event: 2892.175 GC heap after
{Heap after GC invocations=123 (full 0):
 garbage-first heap   total 258048K, used 140402K [0x0000000080000000, 0x0000000100000000)
  region size 1024K, 4 young (4096K), 4 survivors (4096K)
 Metaspace       used 142589K, capacity 148299K, committed 149464K, reserved 1177600K
  class space    used 17916K, capacity 19996K, committed 20480K, reserved 1048576K
}
Event: 3001.975 GC heap before
{Heap before GC invocations=124 (full 0):
 garbage-first heap   total 258048K, used 229490K [0x0000000080000000, 0x0000000100000000)
  region size 1024K, 73 young (74752K), 4 survivors (4096K)
 Metaspace       used 142614K, capacity 148300K, committed 149464K, reserved 1177600K
  class space    used 17916K, capacity 19996K, committed 20480K, reserved 1048576K
}
Event: 3001.986 GC heap after
{Heap after GC invocations=125 (full 0):
 garbage-first heap   total 258048K, used 147089K [0x0000000080000000, 0x0000000100000000)
  region size 1024K, 10 young (10240K), 10 survivors (10240K)
 Metaspace       used 142614K, capacity 148300K, committed 149464K, reserved 1177600K
  class space    used 17916K, capacity 19996K, committed 20480K, reserved 1048576K
}
Event: 3001.989 GC heap before
{Heap before GC invocations=125 (full 0):
 garbage-first heap   total 258048K, used 148113K [0x0000000080000000, 0x0000000100000000)
  region size 1024K, 12 young (12288K), 10 survivors (10240K)
 Metaspace       used 142615K, capacity 148300K, committed 149464K, reserved 1177600K
  class space    used 17916K, capacity 19996K, committed 20480K, reserved 1048576K
}
Event: 3002.002 GC heap after
{Heap after GC invocations=126 (full 0):
 garbage-first heap   total 258048K, used 138041K [0x0000000080000000, 0x0000000100000000)
  region size 1024K, 2 young (2048K), 2 survivors (2048K)
 Metaspace       used 142615K, capacity 148300K, committed 149464K, reserved 1177600K
  class space    used 17916K, capacity 19996K, committed 20480K, reserved 1048576K
}
Event: 3002.886 GC heap before
{Heap before GC invocations=126 (full 0):
 garbage-first heap   total 258048K, used 189241K [0x0000000080000000, 0x0000000100000000)
  region size 1024K, 54 young (55296K), 2 survivors (2048K)
 Metaspace       used 142683K, capacity 148368K, committed 149464K, reserved 1177600K
  class space    used 17916K, capacity 19996K, committed 20480K, reserved 1048576K
}
Event: 3002.892 GC heap after
{Heap after GC invocations=127 (full 0):
 garbage-first heap   total 258048K, used 140099K [0x0000000080000000, 0x0000000100000000)
  region size 1024K, 4 young (4096K), 4 survivors (4096K)
 Metaspace       used 142683K, capacity 148368K, committed 149464K, reserved 1177600K
  class space    used 17916K, capacity 19996K, committed 20480K, reserved 1048576K
}

Deoptimization events (10 events):
Event: 2646.541 Thread 0x0000029f1e0db800 Uncommon trap: reason=array_check action=maybe_recompile pc=0x0000029f10561f18 method=java.util.IdentityHashMap$KeySet.toArray([Ljava/lang/Object;)[Ljava/lang/Object; @ 93 c2
Event: 2791.721 Thread 0x0000029f211a4800 Uncommon trap: reason=array_check action=maybe_recompile pc=0x0000029f10561f18 method=java.util.IdentityHashMap$KeySet.toArray([Ljava/lang/Object;)[Ljava/lang/Object; @ 93 c2
Event: 2791.747 Thread 0x0000029f27fd1000 Uncommon trap: reason=array_check action=maybe_recompile pc=0x0000029f10561f18 method=java.util.IdentityHashMap$KeySet.toArray([Ljava/lang/Object;)[Ljava/lang/Object; @ 93 c2
Event: 2802.887 Thread 0x0000029f27fd7800 Uncommon trap: reason=unstable_if action=reinterpret pc=0x0000029f0fa9ce74 method=org.gradle.internal.logging.sink.OutputEventRenderer.onOutput(Lorg/gradle/internal/logging/events/OutputEvent;)V @ 24 c2
Event: 2802.913 Thread 0x0000029f20a8d000 Uncommon trap: reason=unstable_if action=reinterpret pc=0x0000029f0f989010 method=com.google.common.collect.MapMakerInternalMap$Segment.postReadCleanup()V @ 10 c2
Event: 2803.171 Thread 0x0000029f1e0d8000 Uncommon trap: reason=profile_predicate action=maybe_recompile pc=0x0000029f105e21dc method=sun.security.provider.HashDrbg.addBytes([BI[[B)V @ 36 c2
Event: 2803.171 Thread 0x0000029f1e0d8000 Uncommon trap: reason=profile_predicate action=maybe_recompile pc=0x0000029f105e21dc method=sun.security.provider.HashDrbg.addBytes([BI[[B)V @ 36 c2
Event: 2803.172 Thread 0x0000029f1e0d8000 Uncommon trap: reason=profile_predicate action=maybe_recompile pc=0x0000029f105e21dc method=sun.security.provider.HashDrbg.addBytes([BI[[B)V @ 36 c2
Event: 2803.172 Thread 0x0000029f1e0d8000 Uncommon trap: reason=profile_predicate action=maybe_recompile pc=0x0000029f105e21dc method=sun.security.provider.HashDrbg.addBytes([BI[[B)V @ 36 c2
Event: 3001.831 Thread 0x0000029f27fdd000 Uncommon trap: reason=null_check action=make_not_entrant pc=0x0000029f10661edc method=org.gradle.api.internal.tasks.properties.bean.AbstractNestedRuntimeBeanNode$BeanPropertyValue.isProvider()Z @ 9 c2

Classes redefined (0 events):
No events

Internal exceptions (10 events):
Event: 3002.952 Thread 0x0000029f27fdd000 Exception <a 'sun/nio/fs/WindowsException'{0x000000008fa9c7e0}> (0x000000008fa9c7e0) thrown at [./open/src/hotspot/share/prims/jni.cpp, line 611]
Event: 3002.952 Thread 0x0000029f27fdd000 Exception <a 'sun/nio/fs/WindowsException'{0x000000008fa9cbb0}> (0x000000008fa9cbb0) thrown at [./open/src/hotspot/share/prims/jni.cpp, line 611]
Event: 3002.952 Thread 0x0000029f27fdd000 Exception <a 'sun/nio/fs/WindowsException'{0x000000008fa9e540}> (0x000000008fa9e540) thrown at [./open/src/hotspot/share/prims/jni.cpp, line 611]
Event: 3076.670 Thread 0x0000029f1de50000 Exception <a 'sun/nio/fs/WindowsException'{0x000000008db3bab0}> (0x000000008db3bab0) thrown at [./open/src/hotspot/share/prims/jni.cpp, line 611]
Event: 3076.706 Thread 0x0000029f1de50000 Exception <a 'sun/nio/fs/WindowsException'{0x000000008cf2ace0}> (0x000000008cf2ace0) thrown at [./open/src/hotspot/share/prims/jni.cpp, line 611]
Event: 3076.715 Thread 0x0000029f1de50000 Exception <a 'sun/nio/fs/WindowsException'{0x000000008cfd4780}> (0x000000008cfd4780) thrown at [./open/src/hotspot/share/prims/jni.cpp, line 611]
Event: 3076.715 Thread 0x0000029f1de50000 Exception <a 'sun/nio/fs/WindowsException'{0x000000008cfd5c10}> (0x000000008cfd5c10) thrown at [./open/src/hotspot/share/prims/jni.cpp, line 611]
Event: 3076.715 Thread 0x0000029f1de50000 Exception <a 'sun/nio/fs/WindowsException'{0x000000008cfd6ea0}> (0x000000008cfd6ea0) thrown at [./open/src/hotspot/share/prims/jni.cpp, line 611]
Event: 3076.715 Thread 0x0000029f1de50000 Exception <a 'sun/nio/fs/WindowsException'{0x000000008cfd8130}> (0x000000008cfd8130) thrown at [./open/src/hotspot/share/prims/jni.cpp, line 611]
Event: 3076.737 Thread 0x0000029f1de50000 Exception <a 'sun/nio/fs/WindowsException'{0x000000008c954078}> (0x000000008c954078) thrown at [./open/src/hotspot/share/prims/jni.cpp, line 611]

Events (10 events):
Event: 3076.754 Executing VM operation: RevokeBias
Event: 3076.754 Executing VM operation: RevokeBias done
Event: 3076.755 Executing VM operation: RevokeBias
Event: 3076.755 Executing VM operation: RevokeBias done
Event: 3076.755 Executing VM operation: RevokeBias
Event: 3076.755 Executing VM operation: RevokeBias done
Event: 3076.755 Executing VM operation: RevokeBias
Event: 3076.756 Executing VM operation: RevokeBias done
Event: 3076.757 Executing VM operation: RevokeBias
Event: 3076.757 Executing VM operation: RevokeBias done


Dynamic libraries:
0x00007ff6efad0000 - 0x00007ff6efadf000 	C:\Program Files\Java\jdk-11.0.13\bin\java.exe
0x00007ffef0330000 - 0x00007ffef0528000 	C:\Windows\SYSTEM32\ntdll.dll
0x00007ffeefdb0000 - 0x00007ffeefe6f000 	C:\Windows\System32\KERNEL32.DLL
0x00007ffeedc60000 - 0x00007ffeedf3a000 	C:\Windows\System32\KERNELBASE.dll
0x00007ffeedfb0000 - 0x00007ffeee0b0000 	C:\Windows\System32\ucrtbase.dll
0x00007ffebf310000 - 0x00007ffebf325000 	C:\Program Files\Java\jdk-11.0.13\bin\VCRUNTIME140.dll
0x00007ffebef80000 - 0x00007ffebef98000 	C:\Program Files\Java\jdk-11.0.13\bin\jli.dll
0x00007ffeee390000 - 0x00007ffeee43e000 	C:\Windows\System32\ADVAPI32.dll
0x00007ffeef5a0000 - 0x00007ffeef63e000 	C:\Windows\System32\msvcrt.dll
0x00007ffeee460000 - 0x00007ffeee4fc000 	C:\Windows\System32\sechost.dll
0x00007ffef0140000 - 0x00007ffef0266000 	C:\Windows\System32\RPCRT4.dll
0x00007ffeeec80000 - 0x00007ffeeee1d000 	C:\Windows\System32\USER32.dll
0x00007ffeedc30000 - 0x00007ffeedc52000 	C:\Windows\System32\win32u.dll
0x00007ffeb8fd0000 - 0x00007ffeb926a000 	C:\Windows\WinSxS\amd64_microsoft.windows.common-controls_6595b64144ccf1df_6.0.19041.1110_none_60b5254171f9507e\COMCTL32.dll
0x00007ffeefd00000 - 0x00007ffeefd2b000 	C:\Windows\System32\GDI32.dll
0x00007ffeee280000 - 0x00007ffeee390000 	C:\Windows\System32\gdi32full.dll
0x00007ffeee0b0000 - 0x00007ffeee14d000 	C:\Windows\System32\msvcp_win.dll
0x00007ffee1ee0000 - 0x00007ffee1eea000 	C:\Windows\SYSTEM32\VERSION.dll
0x00007ffeee500000 - 0x00007ffeee530000 	C:\Windows\System32\IMM32.DLL
0x00007ffebc940000 - 0x00007ffebc9db000 	C:\Program Files\Java\jdk-11.0.13\bin\msvcp140.dll
0x00007ffe57e90000 - 0x00007ffe589a3000 	C:\Program Files\Java\jdk-11.0.13\bin\server\jvm.dll
0x00007ffef00a0000 - 0x00007ffef00a8000 	C:\Windows\System32\PSAPI.DLL
0x00007ffed6510000 - 0x00007ffed6519000 	C:\Windows\SYSTEM32\WSOCK32.dll
0x00007ffec7360000 - 0x00007ffec7387000 	C:\Windows\SYSTEM32\WINMM.dll
0x00007ffeefd30000 - 0x00007ffeefd9b000 	C:\Windows\System32\WS2_32.dll
0x00007ffeec290000 - 0x00007ffeec2a2000 	C:\Windows\SYSTEM32\kernel.appcore.dll
0x00007ffec5ca0000 - 0x00007ffec5cb0000 	C:\Program Files\Java\jdk-11.0.13\bin\verify.dll
0x00007ffeebfb0000 - 0x00007ffeec194000 	C:\Windows\SYSTEM32\DBGHELP.DLL
0x00007ffed61f0000 - 0x00007ffed6224000 	C:\Windows\SYSTEM32\dbgcore.DLL
0x00007ffeeda40000 - 0x00007ffeedac2000 	C:\Windows\System32\bcryptPrimitives.dll
0x00007ffebef50000 - 0x00007ffebef78000 	C:\Program Files\Java\jdk-11.0.13\bin\java.dll
0x00007ffebef40000 - 0x00007ffebef4a000 	C:\Program Files\Java\jdk-11.0.13\bin\jimage.dll
0x00007ffebee10000 - 0x00007ffebee26000 	C:\Program Files\Java\jdk-11.0.13\bin\zip.dll
0x00007ffeee530000 - 0x00007ffeeec74000 	C:\Windows\System32\SHELL32.dll
0x00007ffeeb750000 - 0x00007ffeebee3000 	C:\Windows\SYSTEM32\windows.storage.dll
0x00007ffeeee20000 - 0x00007ffeef174000 	C:\Windows\System32\combase.dll
0x00007ffeed4a0000 - 0x00007ffeed4ce000 	C:\Windows\SYSTEM32\Wldp.dll
0x00007ffeefe70000 - 0x00007ffeeff1d000 	C:\Windows\System32\SHCORE.dll
0x00007ffeef400000 - 0x00007ffeef455000 	C:\Windows\System32\shlwapi.dll
0x00007ffeed980000 - 0x00007ffeed99f000 	C:\Windows\SYSTEM32\profapi.dll
0x00007ffebedf0000 - 0x00007ffebee09000 	C:\Program Files\Java\jdk-11.0.13\bin\net.dll
0x00007ffee6980000 - 0x00007ffee6a8a000 	C:\Windows\SYSTEM32\WINHTTP.dll
0x00007ffeed200000 - 0x00007ffeed26a000 	C:\Windows\system32\mswsock.dll
0x00007ffebedd0000 - 0x00007ffebede2000 	C:\Program Files\Java\jdk-11.0.13\bin\nio.dll
0x00007ffedb0e0000 - 0x00007ffedb107000 	C:\Users\Irene\AndroidStudioProjects\Kotlinparaprincipiantes\gradle\native\e1d6ef7f7dcc3fd88c89a11ec53ec762bb8ba0a96d01ffa2cd45eb1d1d8dd5c5\windows-amd64\native-platform.dll
0x00007ffea4660000 - 0x00007ffea47a4000 	C:\Users\Irene\AndroidStudioProjects\Kotlinparaprincipiantes\gradle\native\0d407fdbe67a94daf76414ababcb853783967236a71b16ec16e742cd7a986fd3\windows-amd64\native-platform-file-events.dll
0x00007ffebeed0000 - 0x00007ffebeed9000 	C:\Program Files\Java\jdk-11.0.13\bin\management.dll
0x00007ffebedc0000 - 0x00007ffebedcb000 	C:\Program Files\Java\jdk-11.0.13\bin\management_ext.dll
0x00007ffeed3f0000 - 0x00007ffeed408000 	C:\Windows\SYSTEM32\CRYPTSP.dll
0x00007ffeecab0000 - 0x00007ffeecae4000 	C:\Windows\system32\rsaenh.dll
0x00007ffeee1a0000 - 0x00007ffeee1c7000 	C:\Windows\System32\bcrypt.dll
0x00007ffeed940000 - 0x00007ffeed96e000 	C:\Windows\SYSTEM32\USERENV.dll
0x00007ffeed410000 - 0x00007ffeed41c000 	C:\Windows\SYSTEM32\CRYPTBASE.dll
0x00007ffeecea0000 - 0x00007ffeecedc000 	C:\Windows\SYSTEM32\IPHLPAPI.DLL
0x00007ffeef590000 - 0x00007ffeef598000 	C:\Windows\System32\NSI.dll
0x00007ffee6060000 - 0x00007ffee6077000 	C:\Windows\SYSTEM32\dhcpcsvc6.DLL
0x00007ffee6000000 - 0x00007ffee601d000 	C:\Windows\SYSTEM32\dhcpcsvc.DLL
0x00007ffeecef0000 - 0x00007ffeecfbb000 	C:\Windows\SYSTEM32\DNSAPI.dll
0x00007ffebd220000 - 0x00007ffebd245000 	C:\Program Files\Java\jdk-11.0.13\bin\sunec.dll
0x00007ffee5670000 - 0x00007ffee567a000 	C:\Windows\System32\rasadhlp.dll
0x00007ffee4580000 - 0x00007ffee4600000 	C:\Windows\System32\fwpuclnt.dll
0x00007ffebcb70000 - 0x00007ffebcb7d000 	C:\Program Files\Java\jdk-11.0.13\bin\sunmscapi.dll
0x00007ffeedad0000 - 0x00007ffeedc26000 	C:\Windows\System32\CRYPT32.dll
0x00007ffeed510000 - 0x00007ffeed538000 	C:\Windows\SYSTEM32\ncrypt.dll
0x00007ffeed4d0000 - 0x00007ffeed50b000 	C:\Windows\SYSTEM32\NTASN1.dll
0x00007ffec7130000 - 0x00007ffec7147000 	C:\Windows\system32\napinsp.dll
0x00007ffec7110000 - 0x00007ffec712b000 	C:\Windows\system32\pnrpnsp.dll
0x00007ffec70f0000 - 0x00007ffec7105000 	C:\Windows\system32\wshbth.dll
0x00007ffee6a90000 - 0x00007ffee6aad000 	C:\Windows\system32\NLAapi.dll
0x00007ffec70d0000 - 0x00007ffec70e2000 	C:\Windows\System32\winrnr.dll
0x00007ffeecbf0000 - 0x00007ffeecc23000 	C:\Windows\SYSTEM32\ntmarta.dll
0x00007ffebcb50000 - 0x00007ffebcb6e000 	C:\Users\Irene\AppData\Local\Temp\native-platform6793253906957076957dir\native-platform.dll
0x00007ffebf210000 - 0x00007ffebf217000 	C:\Program Files\Java\jdk-11.0.13\bin\rmi.dll

dbghelp: loaded successfully - version: 4.0.5 - missing functions: none
symbol engine: initialized successfully - sym options: 0x614 - pdb path: .;C:\Program Files\Java\jdk-11.0.13\bin;C:\Windows\SYSTEM32;C:\Windows\WinSxS\amd64_microsoft.windows.common-controls_6595b64144ccf1df_6.0.19041.1110_none_60b5254171f9507e;C:\Program Files\Java\jdk-11.0.13\bin\server;C:\Users\Irene\AndroidStudioProjects\Kotlinparaprincipiantes\gradle\native\e1d6ef7f7dcc3fd88c89a11ec53ec762bb8ba0a96d01ffa2cd45eb1d1d8dd5c5\windows-amd64;C:\Users\Irene\AndroidStudioProjects\Kotlinparaprincipiantes\gradle\native\0d407fdbe67a94daf76414ababcb853783967236a71b16ec16e742cd7a986fd3\windows-amd64;C:\Users\Irene\AppData\Local\Temp\native-platform6793253906957076957dir

VM Arguments:
jvm_args: --add-opens=java.base/java.util=ALL-UNNAMED --add-opens=java.base/java.lang=ALL-UNNAMED --add-opens=java.base/java.lang.invoke=ALL-UNNAMED --add-opens=java.base/java.util=ALL-UNNAMED --add-opens=java.prefs/java.util.prefs=ALL-UNNAMED --add-opens=java.prefs/java.util.prefs=ALL-UNNAMED --add-opens=java.base/java.nio.charset=ALL-UNNAMED --add-opens=java.base/java.net=ALL-UNNAMED --add-opens=java.base/java.util.concurrent.atomic=ALL-UNNAMED -Xmx2048m -Dfile.encoding=UTF-8 -Duser.country=ES -Duser.language=es -Duser.variant 
java_command: org.gradle.launcher.daemon.bootstrap.GradleDaemon 7.5
java_class_path (initial): C:\Users\Irene\AndroidStudioProjects\Kotlinparaprincipiantes\gradle\wrapper\dists\gradle-7.5-bin\f1w0cc9nuo0eivz97x2xlu9sv\gradle-7.5\lib\gradle-launcher-7.5.jar
Launcher Type: SUN_STANDARD

[Global flags]
     intx CICompilerCount                          = 4                                         {product} {ergonomic}
     uint ConcGCThreads                            = 2                                         {product} {ergonomic}
     uint G1ConcRefinementThreads                  = 8                                         {product} {ergonomic}
   size_t G1HeapRegionSize                         = 1048576                                   {product} {ergonomic}
    uintx GCDrainStackTargetSize                   = 64                                        {product} {ergonomic}
   size_t InitialHeapSize                          = 264241152                                 {product} {ergonomic}
   size_t MarkStackSize                            = 4194304                                   {product} {ergonomic}
   size_t MaxHeapSize                              = 2147483648                                {product} {command line}
   size_t MaxNewSize                               = 1287651328                                {product} {ergonomic}
   size_t MinHeapDeltaBytes                        = 1048576                                   {product} {ergonomic}
    uintx NonNMethodCodeHeapSize                   = 5836300                                {pd product} {ergonomic}
    uintx NonProfiledCodeHeapSize                  = 122910970                              {pd product} {ergonomic}
    uintx ProfiledCodeHeapSize                     = 122910970                              {pd product} {ergonomic}
    uintx ReservedCodeCacheSize                    = 251658240                              {pd product} {ergonomic}
     bool SegmentedCodeCache                       = true                                      {product} {ergonomic}
     bool UseCompressedClassPointers               = true                                 {lp64_product} {ergonomic}
     bool UseCompressedOops                        = true                                 {lp64_product} {ergonomic}
     bool UseG1GC                                  = true                                      {product} {ergonomic}
     bool UseLargePagesIndividualAllocation        = false                                  {pd product} {ergonomic}

Logging:
Log output configuration:
 #0: stdout all=warning uptime,level,tags
 #1: stderr all=off uptime,level,tags

Environment Variables:
JAVA_HOME=C:\Program Files\Java\jdk-11.0.13
PATH=C:\app\Irene\product\21c\dbhomeXE\bin;C:\Program Files (x86)\Common Files\Oracle\Java\javapath;"C:\Program Files\Common Files\Oracle\Java\javapath;C:\Windows\system32;C:\Windows;C:\Windows\System32\Wbem";C:\Windows\system32;C:\Windows;C:\Windows\System32\Wbem;C:\Windows\System32\WindowsPowerShell\v1.0\;C:\Windows\System32\OpenSSH\;C:\Program Files\Java\jdk-11.0.13\bin;C:\Program Files\Java\jdk-11.0.13\bin;C:\Windows\system32;C:\Program Files\nodejs\;C:\Program Files\Microsoft SQL Server\150\Tools\Binn\;C:\Program Files\Git\cmd;C:\Program Files\dotnet\;C:\Program Files\Microsoft SQL Server\130\Tools\Binn\;C:\Program Files\Microsoft SQL Server\Client SDK\ODBC\170\Tools\Binn\;C:\Users\Irene\AppData\Local\Microsoft\WindowsApps;C:\Program Files\Java\jdk-17.0.1\bin;C:\Program Files (x86)\Brackets\;C:\Users\Irene\AppData\Roaming\npm;C:\Users\Irene\AppData\Local\Programs\Microsoft VS Code\bin;C:\Users\Irene\.dotnet\tools
USERNAME=Irene
OS=Windows_NT
PROCESSOR_IDENTIFIER=Intel64 Family 6 Model 140 Stepping 1, GenuineIntel



---------------  S Y S T E M  ---------------

OS: Windows 10 , 64 bit Build 19041 (10.0.19041.2788)

CPU:total 8 (initial active 8) (4 cores per cpu, 2 threads per core) family 6 model 140 stepping 1 microcode 0x86, cmov, cx8, fxsr, mmx, sse, sse2, sse3, ssse3, sse4.1, sse4.2, popcnt, avx, avx2, aes, clmul, erms, 3dnowpref, lzcnt, ht, tsc, tscinvbit, bmi1, bmi2, adx, evex, sha, fma

Memory: 4k page, system-wide physical 16086M (245M free)
TotalPageFile size 20182M (AvailPageFile size 2M)
current process WorkingSet (physical memory assigned to process): 610M, peak: 640M
current process commit charge ("private bytes"): 718M, peak: 741M

vm_info: Java HotSpot(TM) 64-Bit Server VM (11.0.13+10-LTS-370) for windows-amd64 JRE (11.0.13+10-LTS-370), built on Sep 15 2021 22:10:36 by "mach5one" with MS VC++ 15.9 (VS2017)

END.
